[0.153s] DEBUG:colcon:Command line arguments: ['/usr/bin/colcon', 'build', '--packages-select', 'test_interfaces', '--event-handlers', 'console_direct+']
[0.154s] DEBUG:colcon:Parsed command line arguments: Namespace(log_base=None, log_level=None, verb_name='build', build_base='build', install_base='install', merge_install=False, symlink_install=False, test_result_base=None, continue_on_error=False, executor='parallel', parallel_workers=16, event_handlers=['console_direct+'], ignore_user_meta=False, metas=['./colcon.meta'], base_paths=['.'], packages_ignore=None, packages_ignore_regex=None, paths=None, packages_up_to=None, packages_up_to_regex=None, packages_above=None, packages_above_and_dependencies=None, packages_above_depth=None, packages_select_by_dep=None, packages_skip_by_dep=None, packages_skip_up_to=None, packages_select_build_failed=False, packages_skip_build_finished=False, packages_select_test_failures=False, packages_skip_test_passed=False, packages_select=['test_interfaces'], packages_skip=None, packages_select_regex=None, packages_skip_regex=None, packages_start=None, packages_end=None, allow_overriding=[], cmake_args=None, cmake_target=None, cmake_target_skip_unavailable=False, cmake_clean_cache=False, cmake_clean_first=False, cmake_force_configure=False, ament_cmake_args=None, catkin_cmake_args=None, catkin_skip_building_tests=False, verb_parser=<colcon_defaults.argument_parser.defaults.DefaultArgumentsDecorator object at 0x7f33a5085540>, verb_extension=<colcon_core.verb.build.BuildVerb object at 0x7f33a527aaa0>, main=<bound method BuildVerb.main of <colcon_core.verb.build.BuildVerb object at 0x7f33a527aaa0>>)
[0.297s] Level 1:colcon.colcon_core.package_discovery:discover_packages(colcon_meta) check parameters
[0.297s] Level 1:colcon.colcon_core.package_discovery:discover_packages(recursive) check parameters
[0.297s] Level 1:colcon.colcon_core.package_discovery:discover_packages(ignore) check parameters
[0.297s] Level 1:colcon.colcon_core.package_discovery:discover_packages(path) check parameters
[0.297s] Level 1:colcon.colcon_core.package_discovery:discover_packages(colcon_meta) discover
[0.297s] Level 1:colcon.colcon_core.package_discovery:discover_packages(recursive) discover
[0.297s] INFO:colcon.colcon_core.package_discovery:Crawling recursively for packages in '/home/ivan/ros2_ws/task3/ex05/src'
[0.297s] Level 1:colcon.colcon_core.package_identification:_identify(.) by extensions ['ignore', 'ignore_ament_install']
[0.297s] Level 1:colcon.colcon_core.package_identification:_identify(.) by extension 'ignore'
[0.297s] Level 1:colcon.colcon_core.package_identification:_identify(.) by extension 'ignore_ament_install'
[0.298s] Level 1:colcon.colcon_core.package_identification:_identify(.) by extensions ['colcon_pkg']
[0.298s] Level 1:colcon.colcon_core.package_identification:_identify(.) by extension 'colcon_pkg'
[0.298s] Level 1:colcon.colcon_core.package_identification:_identify(.) by extensions ['colcon_meta']
[0.298s] Level 1:colcon.colcon_core.package_identification:_identify(.) by extension 'colcon_meta'
[0.298s] Level 1:colcon.colcon_core.package_identification:_identify(.) by extensions ['ros']
[0.298s] Level 1:colcon.colcon_core.package_identification:_identify(.) by extension 'ros'
[0.308s] Level 1:colcon.colcon_core.package_identification:_identify(.) by extensions ['cmake', 'python']
[0.309s] Level 1:colcon.colcon_core.package_identification:_identify(.) by extension 'cmake'
[0.309s] Level 1:colcon.colcon_core.package_identification:_identify(.) by extension 'python'
[0.309s] Level 1:colcon.colcon_core.package_identification:_identify(.) by extensions ['python_setup_py']
[0.309s] Level 1:colcon.colcon_core.package_identification:_identify(.) by extension 'python_setup_py'
[0.309s] Level 1:colcon.colcon_core.package_identification:_identify(action_cleaning_robot) by extensions ['ignore', 'ignore_ament_install']
[0.309s] Level 1:colcon.colcon_core.package_identification:_identify(action_cleaning_robot) by extension 'ignore'
[0.309s] Level 1:colcon.colcon_core.package_identification:_identify(action_cleaning_robot) by extension 'ignore_ament_install'
[0.309s] Level 1:colcon.colcon_core.package_identification:_identify(action_cleaning_robot) by extensions ['colcon_pkg']
[0.309s] Level 1:colcon.colcon_core.package_identification:_identify(action_cleaning_robot) by extension 'colcon_pkg'
[0.309s] Level 1:colcon.colcon_core.package_identification:_identify(action_cleaning_robot) by extensions ['colcon_meta']
[0.309s] Level 1:colcon.colcon_core.package_identification:_identify(action_cleaning_robot) by extension 'colcon_meta'
[0.309s] Level 1:colcon.colcon_core.package_identification:_identify(action_cleaning_robot) by extensions ['ros']
[0.309s] Level 1:colcon.colcon_core.package_identification:_identify(action_cleaning_robot) by extension 'ros'
[0.312s] DEBUG:colcon.colcon_core.package_identification:Package 'action_cleaning_robot' with type 'ros.ament_python' and name 'action_cleaning_robot'
[0.312s] Level 1:colcon.colcon_core.package_identification:_identify(build) by extensions ['ignore', 'ignore_ament_install']
[0.312s] Level 1:colcon.colcon_core.package_identification:_identify(build) by extension 'ignore'
[0.312s] Level 1:colcon.colcon_core.package_identification:_identify(build) ignored
[0.312s] Level 1:colcon.colcon_core.package_identification:_identify(cleaning_interfaces) by extensions ['ignore', 'ignore_ament_install']
[0.312s] Level 1:colcon.colcon_core.package_identification:_identify(cleaning_interfaces) by extension 'ignore'
[0.312s] Level 1:colcon.colcon_core.package_identification:_identify(cleaning_interfaces) by extension 'ignore_ament_install'
[0.312s] Level 1:colcon.colcon_core.package_identification:_identify(cleaning_interfaces) by extensions ['colcon_pkg']
[0.312s] Level 1:colcon.colcon_core.package_identification:_identify(cleaning_interfaces) by extension 'colcon_pkg'
[0.313s] Level 1:colcon.colcon_core.package_identification:_identify(cleaning_interfaces) by extensions ['colcon_meta']
[0.313s] Level 1:colcon.colcon_core.package_identification:_identify(cleaning_interfaces) by extension 'colcon_meta'
[0.313s] Level 1:colcon.colcon_core.package_identification:_identify(cleaning_interfaces) by extensions ['ros']
[0.313s] Level 1:colcon.colcon_core.package_identification:_identify(cleaning_interfaces) by extension 'ros'
[0.313s] DEBUG:colcon.colcon_core.package_identification:Package 'cleaning_interfaces' with type 'ros.ament_cmake' and name 'cleaning_interfaces'
[0.313s] Level 1:colcon.colcon_core.package_identification:_identify(install) by extensions ['ignore', 'ignore_ament_install']
[0.313s] Level 1:colcon.colcon_core.package_identification:_identify(install) by extension 'ignore'
[0.313s] Level 1:colcon.colcon_core.package_identification:_identify(install) ignored
[0.313s] Level 1:colcon.colcon_core.package_identification:_identify(log) by extensions ['ignore', 'ignore_ament_install']
[0.314s] Level 1:colcon.colcon_core.package_identification:_identify(log) by extension 'ignore'
[0.314s] Level 1:colcon.colcon_core.package_identification:_identify(log) ignored
[0.314s] Level 1:colcon.colcon_core.package_identification:_identify(test_interfaces) by extensions ['ignore', 'ignore_ament_install']
[0.314s] Level 1:colcon.colcon_core.package_identification:_identify(test_interfaces) by extension 'ignore'
[0.314s] Level 1:colcon.colcon_core.package_identification:_identify(test_interfaces) by extension 'ignore_ament_install'
[0.314s] Level 1:colcon.colcon_core.package_identification:_identify(test_interfaces) by extensions ['colcon_pkg']
[0.314s] Level 1:colcon.colcon_core.package_identification:_identify(test_interfaces) by extension 'colcon_pkg'
[0.314s] Level 1:colcon.colcon_core.package_identification:_identify(test_interfaces) by extensions ['colcon_meta']
[0.314s] Level 1:colcon.colcon_core.package_identification:_identify(test_interfaces) by extension 'colcon_meta'
[0.314s] Level 1:colcon.colcon_core.package_identification:_identify(test_interfaces) by extensions ['ros']
[0.314s] Level 1:colcon.colcon_core.package_identification:_identify(test_interfaces) by extension 'ros'
[0.314s] DEBUG:colcon.colcon_core.package_identification:Package 'test_interfaces' with type 'ros.ament_cmake' and name 'test_interfaces'
[0.315s] Level 1:colcon.colcon_core.package_discovery:discover_packages(recursive) using defaults
[0.315s] Level 1:colcon.colcon_core.package_discovery:discover_packages(ignore) discover
[0.315s] Level 1:colcon.colcon_core.package_discovery:discover_packages(ignore) using defaults
[0.315s] Level 1:colcon.colcon_core.package_discovery:discover_packages(path) discover
[0.315s] Level 1:colcon.colcon_core.package_discovery:discover_packages(path) using defaults
[0.334s] INFO:colcon.colcon_core.package_selection:Skipping not selected package 'cleaning_interfaces' in 'cleaning_interfaces'
[0.334s] INFO:colcon.colcon_core.package_selection:Skipping not selected package 'action_cleaning_robot' in 'action_cleaning_robot'
[0.334s] Level 1:colcon.colcon_core.package_discovery:discover_packages(prefix_path) check parameters
[0.334s] Level 1:colcon.colcon_core.package_discovery:discover_packages(prefix_path) discover
[0.336s] DEBUG:colcon.colcon_installed_package_information.package_discovery:Found 6 installed packages in /home/ivan/ros2_ws/install
[0.337s] DEBUG:colcon.colcon_installed_package_information.package_discovery:Found 273 installed packages in /opt/ros/humble
[0.353s] Level 1:colcon.colcon_core.package_discovery:discover_packages(prefix_path) using defaults
[0.384s] Level 5:colcon.colcon_core.verb:set package 'test_interfaces' build argument 'cmake_args' from command line to 'None'
[0.384s] Level 5:colcon.colcon_core.verb:set package 'test_interfaces' build argument 'cmake_target' from command line to 'None'
[0.384s] Level 5:colcon.colcon_core.verb:set package 'test_interfaces' build argument 'cmake_target_skip_unavailable' from command line to 'False'
[0.384s] Level 5:colcon.colcon_core.verb:set package 'test_interfaces' build argument 'cmake_clean_cache' from command line to 'False'
[0.384s] Level 5:colcon.colcon_core.verb:set package 'test_interfaces' build argument 'cmake_clean_first' from command line to 'False'
[0.384s] Level 5:colcon.colcon_core.verb:set package 'test_interfaces' build argument 'cmake_force_configure' from command line to 'False'
[0.384s] Level 5:colcon.colcon_core.verb:set package 'test_interfaces' build argument 'ament_cmake_args' from command line to 'None'
[0.384s] Level 5:colcon.colcon_core.verb:set package 'test_interfaces' build argument 'catkin_cmake_args' from command line to 'None'
[0.384s] Level 5:colcon.colcon_core.verb:set package 'test_interfaces' build argument 'catkin_skip_building_tests' from command line to 'False'
[0.384s] DEBUG:colcon.colcon_core.verb:Building package 'test_interfaces' with the following arguments: {'ament_cmake_args': None, 'build_base': '/home/ivan/ros2_ws/task3/ex05/src/build/test_interfaces', 'catkin_cmake_args': None, 'catkin_skip_building_tests': False, 'cmake_args': None, 'cmake_clean_cache': False, 'cmake_clean_first': False, 'cmake_force_configure': False, 'cmake_target': None, 'cmake_target_skip_unavailable': False, 'install_base': '/home/ivan/ros2_ws/task3/ex05/src/install/test_interfaces', 'merge_install': False, 'path': '/home/ivan/ros2_ws/task3/ex05/src/test_interfaces', 'symlink_install': False, 'test_result_base': None}
[0.384s] INFO:colcon.colcon_core.executor:Executing jobs using 'parallel' executor
[0.386s] DEBUG:colcon.colcon_parallel_executor.executor.parallel:run_until_complete
[0.386s] INFO:colcon.colcon_ros.task.ament_cmake.build:Building ROS package in '/home/ivan/ros2_ws/task3/ex05/src/test_interfaces' with build type 'ament_cmake'
[0.386s] INFO:colcon.colcon_cmake.task.cmake.build:Building CMake package in '/home/ivan/ros2_ws/task3/ex05/src/test_interfaces'
[0.389s] INFO:colcon.colcon_core.plugin_system:Skipping extension 'colcon_core.shell.bat': Not used on non-Windows systems
[0.390s] INFO:colcon.colcon_core.shell:Skip shell extension 'powershell' for command environment: Not usable outside of PowerShell
[0.390s] DEBUG:colcon.colcon_core.shell:Skip shell extension 'dsv' for command environment
[0.404s] DEBUG:colcon.colcon_core.event_handler.log_command:Invoking command in '/home/ivan/ros2_ws/task3/ex05/src/build/test_interfaces': CMAKE_PREFIX_PATH=${CMAKE_PREFIX_PATH}:/home/ivan/ros2_ws/install/text_to_cmd_vel_pkg:/home/ivan/ros2_ws/install/py_pubsub:/home/ivan/ros2_ws/install/my_package:/home/ivan/ros2_ws/install/Ivan:/opt/ros/humble /usr/bin/cmake /home/ivan/ros2_ws/task3/ex05/src/test_interfaces -DCMAKE_INSTALL_PREFIX=/home/ivan/ros2_ws/task3/ex05/src/install/test_interfaces
[3.263s] DEBUG:colcon.colcon_core.event_handler.log_command:Invoked command in '/home/ivan/ros2_ws/task3/ex05/src/build/test_interfaces' returned '0': CMAKE_PREFIX_PATH=${CMAKE_PREFIX_PATH}:/home/ivan/ros2_ws/install/text_to_cmd_vel_pkg:/home/ivan/ros2_ws/install/py_pubsub:/home/ivan/ros2_ws/install/my_package:/home/ivan/ros2_ws/install/Ivan:/opt/ros/humble /usr/bin/cmake /home/ivan/ros2_ws/task3/ex05/src/test_interfaces -DCMAKE_INSTALL_PREFIX=/home/ivan/ros2_ws/task3/ex05/src/install/test_interfaces
[3.266s] DEBUG:colcon.colcon_core.event_handler.log_command:Invoking command in '/home/ivan/ros2_ws/task3/ex05/src/build/test_interfaces': CMAKE_PREFIX_PATH=${CMAKE_PREFIX_PATH}:/home/ivan/ros2_ws/install/text_to_cmd_vel_pkg:/home/ivan/ros2_ws/install/py_pubsub:/home/ivan/ros2_ws/install/my_package:/home/ivan/ros2_ws/install/Ivan:/opt/ros/humble /usr/bin/cmake --build /home/ivan/ros2_ws/task3/ex05/src/build/test_interfaces -- -j16 -l16
[7.957s] DEBUG:colcon.colcon_core.event_handler.log_command:Invoked command in '/home/ivan/ros2_ws/task3/ex05/src/build/test_interfaces' returned '0': CMAKE_PREFIX_PATH=${CMAKE_PREFIX_PATH}:/home/ivan/ros2_ws/install/text_to_cmd_vel_pkg:/home/ivan/ros2_ws/install/py_pubsub:/home/ivan/ros2_ws/install/my_package:/home/ivan/ros2_ws/install/Ivan:/opt/ros/humble /usr/bin/cmake --build /home/ivan/ros2_ws/task3/ex05/src/build/test_interfaces -- -j16 -l16
[7.968s] DEBUG:colcon.colcon_core.event_handler.log_command:Invoking command in '/home/ivan/ros2_ws/task3/ex05/src/build/test_interfaces': CMAKE_PREFIX_PATH=${CMAKE_PREFIX_PATH}:/home/ivan/ros2_ws/install/text_to_cmd_vel_pkg:/home/ivan/ros2_ws/install/py_pubsub:/home/ivan/ros2_ws/install/my_package:/home/ivan/ros2_ws/install/Ivan:/opt/ros/humble /usr/bin/cmake --install /home/ivan/ros2_ws/task3/ex05/src/build/test_interfaces
[8.065s] Level 1:colcon.colcon_core.environment:create_environment_scripts_only(test_interfaces)
[8.066s] DEBUG:colcon.colcon_core.event_handler.log_command:Invoked command in '/home/ivan/ros2_ws/task3/ex05/src/build/test_interfaces' returned '0': CMAKE_PREFIX_PATH=${CMAKE_PREFIX_PATH}:/home/ivan/ros2_ws/install/text_to_cmd_vel_pkg:/home/ivan/ros2_ws/install/py_pubsub:/home/ivan/ros2_ws/install/my_package:/home/ivan/ros2_ws/install/Ivan:/opt/ros/humble /usr/bin/cmake --install /home/ivan/ros2_ws/task3/ex05/src/build/test_interfaces
[8.068s] Level 1:colcon.colcon_core.environment:checking '/home/ivan/ros2_ws/task3/ex05/src/install/test_interfaces' for CMake module files
[8.069s] Level 1:colcon.colcon_core.environment:checking '/home/ivan/ros2_ws/task3/ex05/src/install/test_interfaces' for CMake config files
[8.069s] Level 1:colcon.colcon_core.shell:create_environment_hook('test_interfaces', 'cmake_prefix_path')
[8.069s] INFO:colcon.colcon_core.shell:Creating environment hook '/home/ivan/ros2_ws/task3/ex05/src/install/test_interfaces/share/test_interfaces/hook/cmake_prefix_path.ps1'
[8.070s] INFO:colcon.colcon_core.shell:Creating environment descriptor '/home/ivan/ros2_ws/task3/ex05/src/install/test_interfaces/share/test_interfaces/hook/cmake_prefix_path.dsv'
[8.071s] INFO:colcon.colcon_core.shell:Creating environment hook '/home/ivan/ros2_ws/task3/ex05/src/install/test_interfaces/share/test_interfaces/hook/cmake_prefix_path.sh'
[8.073s] Level 1:colcon.colcon_core.environment:checking '/home/ivan/ros2_ws/task3/ex05/src/install/test_interfaces/lib'
[8.073s] Level 1:colcon.colcon_core.shell:create_environment_hook('test_interfaces', 'ld_library_path_lib')
[8.073s] INFO:colcon.colcon_core.shell:Creating environment hook '/home/ivan/ros2_ws/task3/ex05/src/install/test_interfaces/share/test_interfaces/hook/ld_library_path_lib.ps1'
[8.074s] INFO:colcon.colcon_core.shell:Creating environment descriptor '/home/ivan/ros2_ws/task3/ex05/src/install/test_interfaces/share/test_interfaces/hook/ld_library_path_lib.dsv'
[8.074s] INFO:colcon.colcon_core.shell:Creating environment hook '/home/ivan/ros2_ws/task3/ex05/src/install/test_interfaces/share/test_interfaces/hook/ld_library_path_lib.sh'
[8.075s] Level 1:colcon.colcon_core.environment:checking '/home/ivan/ros2_ws/task3/ex05/src/install/test_interfaces/bin'
[8.075s] Level 1:colcon.colcon_core.environment:checking '/home/ivan/ros2_ws/task3/ex05/src/install/test_interfaces/lib/pkgconfig/test_interfaces.pc'
[8.075s] Level 1:colcon.colcon_core.environment:checking '/home/ivan/ros2_ws/task3/ex05/src/install/test_interfaces/lib/python3.10/site-packages'
[8.075s] Level 1:colcon.colcon_core.environment:checking '/home/ivan/ros2_ws/task3/ex05/src/install/test_interfaces/bin'
[8.075s] INFO:colcon.colcon_core.shell:Creating package script '/home/ivan/ros2_ws/task3/ex05/src/install/test_interfaces/share/test_interfaces/package.ps1'
[8.076s] INFO:colcon.colcon_core.shell:Creating package descriptor '/home/ivan/ros2_ws/task3/ex05/src/install/test_interfaces/share/test_interfaces/package.dsv'
[8.077s] INFO:colcon.colcon_core.shell:Creating package script '/home/ivan/ros2_ws/task3/ex05/src/install/test_interfaces/share/test_interfaces/package.sh'
[8.078s] INFO:colcon.colcon_core.shell:Creating package script '/home/ivan/ros2_ws/task3/ex05/src/install/test_interfaces/share/test_interfaces/package.bash'
[8.079s] INFO:colcon.colcon_core.shell:Creating package script '/home/ivan/ros2_ws/task3/ex05/src/install/test_interfaces/share/test_interfaces/package.zsh'
[8.080s] Level 1:colcon.colcon_core.environment:create_file_with_runtime_dependencies(/home/ivan/ros2_ws/task3/ex05/src/install/test_interfaces/share/colcon-core/packages/test_interfaces)
[8.081s] Level 1:colcon.colcon_core.environment:create_environment_scripts_only(test_interfaces)
[8.082s] Level 1:colcon.colcon_core.environment:checking '/home/ivan/ros2_ws/task3/ex05/src/install/test_interfaces' for CMake module files
[8.082s] Level 1:colcon.colcon_core.environment:checking '/home/ivan/ros2_ws/task3/ex05/src/install/test_interfaces' for CMake config files
[8.082s] Level 1:colcon.colcon_core.shell:create_environment_hook('test_interfaces', 'cmake_prefix_path')
[8.083s] INFO:colcon.colcon_core.shell:Creating environment hook '/home/ivan/ros2_ws/task3/ex05/src/install/test_interfaces/share/test_interfaces/hook/cmake_prefix_path.ps1'
[8.083s] INFO:colcon.colcon_core.shell:Creating environment descriptor '/home/ivan/ros2_ws/task3/ex05/src/install/test_interfaces/share/test_interfaces/hook/cmake_prefix_path.dsv'
[8.083s] INFO:colcon.colcon_core.shell:Creating environment hook '/home/ivan/ros2_ws/task3/ex05/src/install/test_interfaces/share/test_interfaces/hook/cmake_prefix_path.sh'
[8.084s] Level 1:colcon.colcon_core.environment:checking '/home/ivan/ros2_ws/task3/ex05/src/install/test_interfaces/lib'
[8.084s] Level 1:colcon.colcon_core.shell:create_environment_hook('test_interfaces', 'ld_library_path_lib')
[8.084s] INFO:colcon.colcon_core.shell:Creating environment hook '/home/ivan/ros2_ws/task3/ex05/src/install/test_interfaces/share/test_interfaces/hook/ld_library_path_lib.ps1'
[8.085s] INFO:colcon.colcon_core.shell:Creating environment descriptor '/home/ivan/ros2_ws/task3/ex05/src/install/test_interfaces/share/test_interfaces/hook/ld_library_path_lib.dsv'
[8.085s] INFO:colcon.colcon_core.shell:Creating environment hook '/home/ivan/ros2_ws/task3/ex05/src/install/test_interfaces/share/test_interfaces/hook/ld_library_path_lib.sh'
[8.086s] Level 1:colcon.colcon_core.environment:checking '/home/ivan/ros2_ws/task3/ex05/src/install/test_interfaces/bin'
[8.086s] Level 1:colcon.colcon_core.environment:checking '/home/ivan/ros2_ws/task3/ex05/src/install/test_interfaces/lib/pkgconfig/test_interfaces.pc'
[8.086s] Level 1:colcon.colcon_core.environment:checking '/home/ivan/ros2_ws/task3/ex05/src/install/test_interfaces/lib/python3.10/site-packages'
[8.086s] Level 1:colcon.colcon_core.environment:checking '/home/ivan/ros2_ws/task3/ex05/src/install/test_interfaces/bin'
[8.087s] INFO:colcon.colcon_core.shell:Creating package script '/home/ivan/ros2_ws/task3/ex05/src/install/test_interfaces/share/test_interfaces/package.ps1'
[8.088s] INFO:colcon.colcon_core.shell:Creating package descriptor '/home/ivan/ros2_ws/task3/ex05/src/install/test_interfaces/share/test_interfaces/package.dsv'
[8.088s] INFO:colcon.colcon_core.shell:Creating package script '/home/ivan/ros2_ws/task3/ex05/src/install/test_interfaces/share/test_interfaces/package.sh'
[8.089s] INFO:colcon.colcon_core.shell:Creating package script '/home/ivan/ros2_ws/task3/ex05/src/install/test_interfaces/share/test_interfaces/package.bash'
[8.089s] INFO:colcon.colcon_core.shell:Creating package script '/home/ivan/ros2_ws/task3/ex05/src/install/test_interfaces/share/test_interfaces/package.zsh'
[8.090s] Level 1:colcon.colcon_core.environment:create_file_with_runtime_dependencies(/home/ivan/ros2_ws/task3/ex05/src/install/test_interfaces/share/colcon-core/packages/test_interfaces)
[8.091s] DEBUG:colcon.colcon_parallel_executor.executor.parallel:closing loop
[8.092s] DEBUG:colcon.colcon_parallel_executor.executor.parallel:loop closed
[8.092s] DEBUG:colcon.colcon_parallel_executor.executor.parallel:run_until_complete finished with '0'
[8.092s] DEBUG:colcon.colcon_core.event_reactor:joining thread
[8.132s] INFO:colcon.colcon_core.plugin_system:Skipping extension 'colcon_notification.desktop_notification.notify_send': Could not find 'notify-send'
[8.133s] INFO:colcon.colcon_core.plugin_system:Skipping extension 'colcon_notification.desktop_notification.terminal_notifier': Not used on non-Darwin systems
[8.133s] INFO:colcon.colcon_core.plugin_system:Skipping extension 'colcon_notification.desktop_notification.win32': Not used on non-Windows systems
[8.133s] INFO:colcon.colcon_notification.desktop_notification:Sending desktop notification using 'notify2'
[8.133s] DEBUG:colcon.colcon_notification.desktop_notification.notify2:Failed to initialize notify2: org.freedesktop.DBus.Error.FileNotFound: Failed to connect to socket /run/user/1000/bus: No such file or directory
[8.133s] DEBUG:colcon.colcon_core.event_reactor:joined thread
[8.133s] INFO:colcon.colcon_core.shell:Creating prefix script '/home/ivan/ros2_ws/task3/ex05/src/install/local_setup.ps1'
[8.134s] INFO:colcon.colcon_core.shell:Creating prefix util module '/home/ivan/ros2_ws/task3/ex05/src/install/_local_setup_util_ps1.py'
[8.135s] INFO:colcon.colcon_core.shell:Creating prefix chain script '/home/ivan/ros2_ws/task3/ex05/src/install/setup.ps1'
[8.137s] INFO:colcon.colcon_core.shell:Creating prefix script '/home/ivan/ros2_ws/task3/ex05/src/install/local_setup.sh'
[8.137s] INFO:colcon.colcon_core.shell:Creating prefix util module '/home/ivan/ros2_ws/task3/ex05/src/install/_local_setup_util_sh.py'
[8.138s] INFO:colcon.colcon_core.shell:Creating prefix chain script '/home/ivan/ros2_ws/task3/ex05/src/install/setup.sh'
[8.139s] INFO:colcon.colcon_core.shell:Creating prefix script '/home/ivan/ros2_ws/task3/ex05/src/install/local_setup.bash'
[8.139s] INFO:colcon.colcon_core.shell:Creating prefix chain script '/home/ivan/ros2_ws/task3/ex05/src/install/setup.bash'
[8.141s] INFO:colcon.colcon_core.shell:Creating prefix script '/home/ivan/ros2_ws/task3/ex05/src/install/local_setup.zsh'
[8.141s] INFO:colcon.colcon_core.shell:Creating prefix chain script '/home/ivan/ros2_ws/task3/ex05/src/install/setup.zsh'
