[0.797s] Invoking command in '/home/ivan/ros2_ws/task3/ex04/src/move_to_goal': PYTHONPATH=/home/ivan/ros2_ws/task3/ex04/build/move_to_goal/prefix_override:/usr/lib/python3/dist-packages/colcon_core/task/python/colcon_distutils_commands:/home/ivan/ros2_ws/task3/ex04/install/move_to_goal/lib/python3.10/site-packages:${PYTHONPATH} /usr/bin/python3 -W ignore:setup.py install is deprecated -W ignore:easy_install command is deprecated setup.py egg_info --egg-base ../../build/move_to_goal build --build-base /home/ivan/ros2_ws/task3/ex04/build/move_to_goal/build install --record /home/ivan/ros2_ws/task3/ex04/build/move_to_goal/install.log --single-version-externally-managed install_data
[0.980s] running egg_info
[0.981s] writing ../../build/move_to_goal/move_to_goal.egg-info/PKG-INFO
[0.981s] writing dependency_links to ../../build/move_to_goal/move_to_goal.egg-info/dependency_links.txt
[0.982s] writing entry points to ../../build/move_to_goal/move_to_goal.egg-info/entry_points.txt
[0.982s] writing requirements to ../../build/move_to_goal/move_to_goal.egg-info/requires.txt
[0.982s] writing top-level names to ../../build/move_to_goal/move_to_goal.egg-info/top_level.txt
[0.984s] reading manifest file '../../build/move_to_goal/move_to_goal.egg-info/SOURCES.txt'
[0.986s] writing manifest file '../../build/move_to_goal/move_to_goal.egg-info/SOURCES.txt'
[0.986s] running build
[0.987s] running build_py
[0.987s] copying move_to_goal/move_to_goal.py -> /home/ivan/ros2_ws/task3/ex04/build/move_to_goal/build/lib/move_to_goal
[0.987s] running install
[0.987s] running install_lib
[0.987s] copying /home/ivan/ros2_ws/task3/ex04/build/move_to_goal/build/lib/move_to_goal/move_to_goal.py -> /home/ivan/ros2_ws/task3/ex04/install/move_to_goal/lib/python3.10/site-packages/move_to_goal
[0.988s] byte-compiling /home/ivan/ros2_ws/task3/ex04/install/move_to_goal/lib/python3.10/site-packages/move_to_goal/move_to_goal.py to move_to_goal.cpython-310.pyc
[0.989s] running install_data
[0.989s] running install_egg_info
[0.991s] removing '/home/ivan/ros2_ws/task3/ex04/install/move_to_goal/lib/python3.10/site-packages/move_to_goal-0.0.0-py3.10.egg-info' (and everything under it)
[0.991s] Copying ../../build/move_to_goal/move_to_goal.egg-info to /home/ivan/ros2_ws/task3/ex04/install/move_to_goal/lib/python3.10/site-packages/move_to_goal-0.0.0-py3.10.egg-info
[0.993s] running install_scripts
[1.010s] Installing move_to_goal script to /home/ivan/ros2_ws/task3/ex04/install/move_to_goal/lib/move_to_goal
[1.010s] writing list of installed files to '/home/ivan/ros2_ws/task3/ex04/build/move_to_goal/install.log'
[1.040s] Invoked command in '/home/ivan/ros2_ws/task3/ex04/src/move_to_goal' returned '0': PYTHONPATH=/home/ivan/ros2_ws/task3/ex04/build/move_to_goal/prefix_override:/usr/lib/python3/dist-packages/colcon_core/task/python/colcon_distutils_commands:/home/ivan/ros2_ws/task3/ex04/install/move_to_goal/lib/python3.10/site-packages:${PYTHONPATH} /usr/bin/python3 -W ignore:setup.py install is deprecated -W ignore:easy_install command is deprecated setup.py egg_info --egg-base ../../build/move_to_goal build --build-base /home/ivan/ros2_ws/task3/ex04/build/move_to_goal/build install --record /home/ivan/ros2_ws/task3/ex04/build/move_to_goal/install.log --single-version-externally-managed install_data
