[0.167s] DEBUG:colcon:Command line arguments: ['/usr/bin/colcon', 'build', '--packages-select', 'cleaning_interfaces', 'action_cleaning_robot', '--cmake-clean-cache', '--event-handlers', 'console_direct+']
[0.167s] DEBUG:colcon:Parsed command line arguments: Namespace(log_base=None, log_level=None, verb_name='build', build_base='build', install_base='install', merge_install=False, symlink_install=False, test_result_base=None, continue_on_error=False, executor='parallel', parallel_workers=16, event_handlers=['console_direct+'], ignore_user_meta=False, metas=['./colcon.meta'], base_paths=['.'], packages_ignore=None, packages_ignore_regex=None, paths=None, packages_up_to=None, packages_up_to_regex=None, packages_above=None, packages_above_and_dependencies=None, packages_above_depth=None, packages_select_by_dep=None, packages_skip_by_dep=None, packages_skip_up_to=None, packages_select_build_failed=False, packages_skip_build_finished=False, packages_select_test_failures=False, packages_skip_test_passed=False, packages_select=['cleaning_interfaces', 'action_cleaning_robot'], packages_skip=None, packages_select_regex=None, packages_skip_regex=None, packages_start=None, packages_end=None, allow_overriding=[], cmake_args=None, cmake_target=None, cmake_target_skip_unavailable=False, cmake_clean_cache=True, cmake_clean_first=False, cmake_force_configure=False, ament_cmake_args=None, catkin_cmake_args=None, catkin_skip_building_tests=False, verb_parser=<colcon_defaults.argument_parser.defaults.DefaultArgumentsDecorator object at 0x7fd793fbdb70>, verb_extension=<colcon_core.verb.build.BuildVerb object at 0x7fd7941af0d0>, main=<bound method BuildVerb.main of <colcon_core.verb.build.BuildVerb object at 0x7fd7941af0d0>>)
[0.309s] Level 1:colcon.colcon_core.package_discovery:discover_packages(colcon_meta) check parameters
[0.309s] Level 1:colcon.colcon_core.package_discovery:discover_packages(recursive) check parameters
[0.309s] Level 1:colcon.colcon_core.package_discovery:discover_packages(ignore) check parameters
[0.309s] Level 1:colcon.colcon_core.package_discovery:discover_packages(path) check parameters
[0.309s] Level 1:colcon.colcon_core.package_discovery:discover_packages(colcon_meta) discover
[0.309s] Level 1:colcon.colcon_core.package_discovery:discover_packages(recursive) discover
[0.309s] INFO:colcon.colcon_core.package_discovery:Crawling recursively for packages in '/home/ivan/ros2_ws/task3/ex05'
[0.309s] Level 1:colcon.colcon_core.package_identification:_identify(.) by extensions ['ignore', 'ignore_ament_install']
[0.309s] Level 1:colcon.colcon_core.package_identification:_identify(.) by extension 'ignore'
[0.309s] Level 1:colcon.colcon_core.package_identification:_identify(.) by extension 'ignore_ament_install'
[0.309s] Level 1:colcon.colcon_core.package_identification:_identify(.) by extensions ['colcon_pkg']
[0.309s] Level 1:colcon.colcon_core.package_identification:_identify(.) by extension 'colcon_pkg'
[0.309s] Level 1:colcon.colcon_core.package_identification:_identify(.) by extensions ['colcon_meta']
[0.309s] Level 1:colcon.colcon_core.package_identification:_identify(.) by extension 'colcon_meta'
[0.309s] Level 1:colcon.colcon_core.package_identification:_identify(.) by extensions ['ros']
[0.310s] Level 1:colcon.colcon_core.package_identification:_identify(.) by extension 'ros'
[0.320s] Level 1:colcon.colcon_core.package_identification:_identify(.) by extensions ['cmake', 'python']
[0.320s] Level 1:colcon.colcon_core.package_identification:_identify(.) by extension 'cmake'
[0.320s] Level 1:colcon.colcon_core.package_identification:_identify(.) by extension 'python'
[0.320s] Level 1:colcon.colcon_core.package_identification:_identify(.) by extensions ['python_setup_py']
[0.320s] Level 1:colcon.colcon_core.package_identification:_identify(.) by extension 'python_setup_py'
[0.320s] Level 1:colcon.colcon_core.package_identification:_identify(build) by extensions ['ignore', 'ignore_ament_install']
[0.321s] Level 1:colcon.colcon_core.package_identification:_identify(build) by extension 'ignore'
[0.321s] Level 1:colcon.colcon_core.package_identification:_identify(build) ignored
[0.321s] Level 1:colcon.colcon_core.package_identification:_identify(install) by extensions ['ignore', 'ignore_ament_install']
[0.321s] Level 1:colcon.colcon_core.package_identification:_identify(install) by extension 'ignore'
[0.321s] Level 1:colcon.colcon_core.package_identification:_identify(install) ignored
[0.321s] Level 1:colcon.colcon_core.package_identification:_identify(log) by extensions ['ignore', 'ignore_ament_install']
[0.321s] Level 1:colcon.colcon_core.package_identification:_identify(log) by extension 'ignore'
[0.321s] Level 1:colcon.colcon_core.package_identification:_identify(log) ignored
[0.321s] Level 1:colcon.colcon_core.package_identification:_identify(src) by extensions ['ignore', 'ignore_ament_install']
[0.321s] Level 1:colcon.colcon_core.package_identification:_identify(src) by extension 'ignore'
[0.321s] Level 1:colcon.colcon_core.package_identification:_identify(src) by extension 'ignore_ament_install'
[0.321s] Level 1:colcon.colcon_core.package_identification:_identify(src) by extensions ['colcon_pkg']
[0.321s] Level 1:colcon.colcon_core.package_identification:_identify(src) by extension 'colcon_pkg'
[0.321s] Level 1:colcon.colcon_core.package_identification:_identify(src) by extensions ['colcon_meta']
[0.321s] Level 1:colcon.colcon_core.package_identification:_identify(src) by extension 'colcon_meta'
[0.321s] Level 1:colcon.colcon_core.package_identification:_identify(src) by extensions ['ros']
[0.321s] Level 1:colcon.colcon_core.package_identification:_identify(src) by extension 'ros'
[0.321s] Level 1:colcon.colcon_core.package_identification:_identify(src) by extensions ['cmake', 'python']
[0.321s] Level 1:colcon.colcon_core.package_identification:_identify(src) by extension 'cmake'
[0.321s] Level 1:colcon.colcon_core.package_identification:_identify(src) by extension 'python'
[0.321s] Level 1:colcon.colcon_core.package_identification:_identify(src) by extensions ['python_setup_py']
[0.321s] Level 1:colcon.colcon_core.package_identification:_identify(src) by extension 'python_setup_py'
[0.322s] Level 1:colcon.colcon_core.package_identification:_identify(src/action_cleaning_robot) by extensions ['ignore', 'ignore_ament_install']
[0.322s] Level 1:colcon.colcon_core.package_identification:_identify(src/action_cleaning_robot) by extension 'ignore'
[0.322s] Level 1:colcon.colcon_core.package_identification:_identify(src/action_cleaning_robot) by extension 'ignore_ament_install'
[0.322s] Level 1:colcon.colcon_core.package_identification:_identify(src/action_cleaning_robot) by extensions ['colcon_pkg']
[0.322s] Level 1:colcon.colcon_core.package_identification:_identify(src/action_cleaning_robot) by extension 'colcon_pkg'
[0.322s] Level 1:colcon.colcon_core.package_identification:_identify(src/action_cleaning_robot) by extensions ['colcon_meta']
[0.322s] Level 1:colcon.colcon_core.package_identification:_identify(src/action_cleaning_robot) by extension 'colcon_meta'
[0.322s] Level 1:colcon.colcon_core.package_identification:_identify(src/action_cleaning_robot) by extensions ['ros']
[0.322s] Level 1:colcon.colcon_core.package_identification:_identify(src/action_cleaning_robot) by extension 'ros'
[0.324s] DEBUG:colcon.colcon_core.package_identification:Package 'src/action_cleaning_robot' with type 'ros.ament_python' and name 'action_cleaning_robot'
[0.324s] Level 1:colcon.colcon_core.package_identification:_identify(src/build) by extensions ['ignore', 'ignore_ament_install']
[0.325s] Level 1:colcon.colcon_core.package_identification:_identify(src/build) by extension 'ignore'
[0.325s] Level 1:colcon.colcon_core.package_identification:_identify(src/build) ignored
[0.325s] Level 1:colcon.colcon_core.package_identification:_identify(src/cleaning_interfaces) by extensions ['ignore', 'ignore_ament_install']
[0.325s] Level 1:colcon.colcon_core.package_identification:_identify(src/cleaning_interfaces) by extension 'ignore'
[0.325s] Level 1:colcon.colcon_core.package_identification:_identify(src/cleaning_interfaces) by extension 'ignore_ament_install'
[0.325s] Level 1:colcon.colcon_core.package_identification:_identify(src/cleaning_interfaces) by extensions ['colcon_pkg']
[0.325s] Level 1:colcon.colcon_core.package_identification:_identify(src/cleaning_interfaces) by extension 'colcon_pkg'
[0.325s] Level 1:colcon.colcon_core.package_identification:_identify(src/cleaning_interfaces) by extensions ['colcon_meta']
[0.325s] Level 1:colcon.colcon_core.package_identification:_identify(src/cleaning_interfaces) by extension 'colcon_meta'
[0.325s] Level 1:colcon.colcon_core.package_identification:_identify(src/cleaning_interfaces) by extensions ['ros']
[0.325s] Level 1:colcon.colcon_core.package_identification:_identify(src/cleaning_interfaces) by extension 'ros'
[0.325s] DEBUG:colcon.colcon_core.package_identification:Package 'src/cleaning_interfaces' with type 'ros.ament_cmake' and name 'cleaning_interfaces'
[0.326s] Level 1:colcon.colcon_core.package_identification:_identify(src/install) by extensions ['ignore', 'ignore_ament_install']
[0.326s] Level 1:colcon.colcon_core.package_identification:_identify(src/install) by extension 'ignore'
[0.326s] Level 1:colcon.colcon_core.package_identification:_identify(src/install) ignored
[0.326s] Level 1:colcon.colcon_core.package_identification:_identify(src/log) by extensions ['ignore', 'ignore_ament_install']
[0.326s] Level 1:colcon.colcon_core.package_identification:_identify(src/log) by extension 'ignore'
[0.326s] Level 1:colcon.colcon_core.package_identification:_identify(src/log) ignored
[0.326s] Level 1:colcon.colcon_core.package_identification:_identify(src/test_interfaces) by extensions ['ignore', 'ignore_ament_install']
[0.326s] Level 1:colcon.colcon_core.package_identification:_identify(src/test_interfaces) by extension 'ignore'
[0.326s] Level 1:colcon.colcon_core.package_identification:_identify(src/test_interfaces) by extension 'ignore_ament_install'
[0.326s] Level 1:colcon.colcon_core.package_identification:_identify(src/test_interfaces) by extensions ['colcon_pkg']
[0.326s] Level 1:colcon.colcon_core.package_identification:_identify(src/test_interfaces) by extension 'colcon_pkg'
[0.326s] Level 1:colcon.colcon_core.package_identification:_identify(src/test_interfaces) by extensions ['colcon_meta']
[0.326s] Level 1:colcon.colcon_core.package_identification:_identify(src/test_interfaces) by extension 'colcon_meta'
[0.326s] Level 1:colcon.colcon_core.package_identification:_identify(src/test_interfaces) by extensions ['ros']
[0.326s] Level 1:colcon.colcon_core.package_identification:_identify(src/test_interfaces) by extension 'ros'
[0.327s] DEBUG:colcon.colcon_core.package_identification:Package 'src/test_interfaces' with type 'ros.ament_cmake' and name 'test_interfaces'
[0.327s] Level 1:colcon.colcon_core.package_discovery:discover_packages(recursive) using defaults
[0.327s] Level 1:colcon.colcon_core.package_discovery:discover_packages(ignore) discover
[0.327s] Level 1:colcon.colcon_core.package_discovery:discover_packages(ignore) using defaults
[0.327s] Level 1:colcon.colcon_core.package_discovery:discover_packages(path) discover
[0.327s] Level 1:colcon.colcon_core.package_discovery:discover_packages(path) using defaults
[0.345s] INFO:colcon.colcon_core.package_selection:Skipping not selected package 'test_interfaces' in 'src/test_interfaces'
[0.346s] Level 1:colcon.colcon_core.package_discovery:discover_packages(prefix_path) check parameters
[0.346s] Level 1:colcon.colcon_core.package_discovery:discover_packages(prefix_path) discover
[0.347s] WARNING:colcon.colcon_ros.prefix_path.ament:The path '/home/ivan/ros2_ws/task3/ex05/install/action_cleaning_robot' in the environment variable AMENT_PREFIX_PATH doesn't exist
[0.347s] WARNING:colcon.colcon_ros.prefix_path.ament:The path '/home/ivan/ros2_ws/task3/ex05/install/cleaning_interfaces' in the environment variable AMENT_PREFIX_PATH doesn't exist
[0.348s] WARNING:colcon.colcon_ros.prefix_path.catkin:The path '/home/ivan/ros2_ws/task3/ex05/install/cleaning_interfaces' in the environment variable CMAKE_PREFIX_PATH doesn't exist
[0.348s] DEBUG:colcon.colcon_installed_package_information.package_discovery:Found 0 installed packages in /home/ivan/ros2_ws/task3/ex05/install
[0.349s] DEBUG:colcon.colcon_installed_package_information.package_discovery:Found 6 installed packages in /home/ivan/ros2_ws/install
[0.350s] DEBUG:colcon.colcon_installed_package_information.package_discovery:Found 273 installed packages in /opt/ros/humble
[0.366s] Level 1:colcon.colcon_core.package_discovery:discover_packages(prefix_path) using defaults
[0.397s] Level 5:colcon.colcon_core.verb:set package 'cleaning_interfaces' build argument 'cmake_args' from command line to 'None'
[0.397s] Level 5:colcon.colcon_core.verb:set package 'cleaning_interfaces' build argument 'cmake_target' from command line to 'None'
[0.397s] Level 5:colcon.colcon_core.verb:set package 'cleaning_interfaces' build argument 'cmake_target_skip_unavailable' from command line to 'False'
[0.397s] Level 5:colcon.colcon_core.verb:set package 'cleaning_interfaces' build argument 'cmake_clean_cache' from command line to 'True'
[0.397s] Level 5:colcon.colcon_core.verb:set package 'cleaning_interfaces' build argument 'cmake_clean_first' from command line to 'False'
[0.397s] Level 5:colcon.colcon_core.verb:set package 'cleaning_interfaces' build argument 'cmake_force_configure' from command line to 'False'
[0.397s] Level 5:colcon.colcon_core.verb:set package 'cleaning_interfaces' build argument 'ament_cmake_args' from command line to 'None'
[0.397s] Level 5:colcon.colcon_core.verb:set package 'cleaning_interfaces' build argument 'catkin_cmake_args' from command line to 'None'
[0.397s] Level 5:colcon.colcon_core.verb:set package 'cleaning_interfaces' build argument 'catkin_skip_building_tests' from command line to 'False'
[0.397s] DEBUG:colcon.colcon_core.verb:Building package 'cleaning_interfaces' with the following arguments: {'ament_cmake_args': None, 'build_base': '/home/ivan/ros2_ws/task3/ex05/build/cleaning_interfaces', 'catkin_cmake_args': None, 'catkin_skip_building_tests': False, 'cmake_args': None, 'cmake_clean_cache': True, 'cmake_clean_first': False, 'cmake_force_configure': False, 'cmake_target': None, 'cmake_target_skip_unavailable': False, 'install_base': '/home/ivan/ros2_ws/task3/ex05/install/cleaning_interfaces', 'merge_install': False, 'path': '/home/ivan/ros2_ws/task3/ex05/src/cleaning_interfaces', 'symlink_install': False, 'test_result_base': None}
[0.397s] Level 5:colcon.colcon_core.verb:set package 'action_cleaning_robot' build argument 'cmake_args' from command line to 'None'
[0.397s] Level 5:colcon.colcon_core.verb:set package 'action_cleaning_robot' build argument 'cmake_target' from command line to 'None'
[0.397s] Level 5:colcon.colcon_core.verb:set package 'action_cleaning_robot' build argument 'cmake_target_skip_unavailable' from command line to 'False'
[0.397s] Level 5:colcon.colcon_core.verb:set package 'action_cleaning_robot' build argument 'cmake_clean_cache' from command line to 'True'
[0.397s] Level 5:colcon.colcon_core.verb:set package 'action_cleaning_robot' build argument 'cmake_clean_first' from command line to 'False'
[0.397s] Level 5:colcon.colcon_core.verb:set package 'action_cleaning_robot' build argument 'cmake_force_configure' from command line to 'False'
[0.397s] Level 5:colcon.colcon_core.verb:set package 'action_cleaning_robot' build argument 'ament_cmake_args' from command line to 'None'
[0.397s] Level 5:colcon.colcon_core.verb:set package 'action_cleaning_robot' build argument 'catkin_cmake_args' from command line to 'None'
[0.397s] Level 5:colcon.colcon_core.verb:set package 'action_cleaning_robot' build argument 'catkin_skip_building_tests' from command line to 'False'
[0.397s] DEBUG:colcon.colcon_core.verb:Building package 'action_cleaning_robot' with the following arguments: {'ament_cmake_args': None, 'build_base': '/home/ivan/ros2_ws/task3/ex05/build/action_cleaning_robot', 'catkin_cmake_args': None, 'catkin_skip_building_tests': False, 'cmake_args': None, 'cmake_clean_cache': True, 'cmake_clean_first': False, 'cmake_force_configure': False, 'cmake_target': None, 'cmake_target_skip_unavailable': False, 'install_base': '/home/ivan/ros2_ws/task3/ex05/install/action_cleaning_robot', 'merge_install': False, 'path': '/home/ivan/ros2_ws/task3/ex05/src/action_cleaning_robot', 'symlink_install': False, 'test_result_base': None}
[0.398s] INFO:colcon.colcon_core.executor:Executing jobs using 'parallel' executor
[0.400s] DEBUG:colcon.colcon_parallel_executor.executor.parallel:run_until_complete
[0.400s] INFO:colcon.colcon_ros.task.ament_cmake.build:Building ROS package in '/home/ivan/ros2_ws/task3/ex05/src/cleaning_interfaces' with build type 'ament_cmake'
[0.401s] INFO:colcon.colcon_cmake.task.cmake.build:Building CMake package in '/home/ivan/ros2_ws/task3/ex05/src/cleaning_interfaces'
[0.403s] INFO:colcon.colcon_core.plugin_system:Skipping extension 'colcon_core.shell.bat': Not used on non-Windows systems
[0.403s] INFO:colcon.colcon_core.shell:Skip shell extension 'powershell' for command environment: Not usable outside of PowerShell
[0.403s] DEBUG:colcon.colcon_core.shell:Skip shell extension 'dsv' for command environment
[0.415s] DEBUG:colcon.colcon_core.event_handler.log_command:Invoking command in '/home/ivan/ros2_ws/task3/ex05/build/cleaning_interfaces': CMAKE_PREFIX_PATH=${CMAKE_PREFIX_PATH}:/home/ivan/ros2_ws/task3/ex05/install/action_cleaning_robot:/home/ivan/ros2_ws/install/text_to_cmd_vel_pkg:/home/ivan/ros2_ws/install/py_pubsub:/home/ivan/ros2_ws/install/my_package:/home/ivan/ros2_ws/install/Ivan:/opt/ros/humble /usr/bin/cmake /home/ivan/ros2_ws/task3/ex05/src/cleaning_interfaces -DCMAKE_INSTALL_PREFIX=/home/ivan/ros2_ws/task3/ex05/install/cleaning_interfaces
[3.191s] DEBUG:colcon.colcon_core.event_handler.log_command:Invoked command in '/home/ivan/ros2_ws/task3/ex05/build/cleaning_interfaces' returned '0': CMAKE_PREFIX_PATH=${CMAKE_PREFIX_PATH}:/home/ivan/ros2_ws/task3/ex05/install/action_cleaning_robot:/home/ivan/ros2_ws/install/text_to_cmd_vel_pkg:/home/ivan/ros2_ws/install/py_pubsub:/home/ivan/ros2_ws/install/my_package:/home/ivan/ros2_ws/install/Ivan:/opt/ros/humble /usr/bin/cmake /home/ivan/ros2_ws/task3/ex05/src/cleaning_interfaces -DCMAKE_INSTALL_PREFIX=/home/ivan/ros2_ws/task3/ex05/install/cleaning_interfaces
[3.193s] DEBUG:colcon.colcon_core.event_handler.log_command:Invoking command in '/home/ivan/ros2_ws/task3/ex05/build/cleaning_interfaces': CMAKE_PREFIX_PATH=${CMAKE_PREFIX_PATH}:/home/ivan/ros2_ws/task3/ex05/install/action_cleaning_robot:/home/ivan/ros2_ws/install/text_to_cmd_vel_pkg:/home/ivan/ros2_ws/install/py_pubsub:/home/ivan/ros2_ws/install/my_package:/home/ivan/ros2_ws/install/Ivan:/opt/ros/humble /usr/bin/cmake --build /home/ivan/ros2_ws/task3/ex05/build/cleaning_interfaces -- -j16 -l16
[6.671s] DEBUG:colcon.colcon_core.event_handler.log_command:Invoked command in '/home/ivan/ros2_ws/task3/ex05/build/cleaning_interfaces' returned '0': CMAKE_PREFIX_PATH=${CMAKE_PREFIX_PATH}:/home/ivan/ros2_ws/task3/ex05/install/action_cleaning_robot:/home/ivan/ros2_ws/install/text_to_cmd_vel_pkg:/home/ivan/ros2_ws/install/py_pubsub:/home/ivan/ros2_ws/install/my_package:/home/ivan/ros2_ws/install/Ivan:/opt/ros/humble /usr/bin/cmake --build /home/ivan/ros2_ws/task3/ex05/build/cleaning_interfaces -- -j16 -l16
[6.682s] DEBUG:colcon.colcon_core.event_handler.log_command:Invoking command in '/home/ivan/ros2_ws/task3/ex05/build/cleaning_interfaces': CMAKE_PREFIX_PATH=${CMAKE_PREFIX_PATH}:/home/ivan/ros2_ws/task3/ex05/install/action_cleaning_robot:/home/ivan/ros2_ws/install/text_to_cmd_vel_pkg:/home/ivan/ros2_ws/install/py_pubsub:/home/ivan/ros2_ws/install/my_package:/home/ivan/ros2_ws/install/Ivan:/opt/ros/humble /usr/bin/cmake --install /home/ivan/ros2_ws/task3/ex05/build/cleaning_interfaces
[6.774s] Level 1:colcon.colcon_core.environment:create_environment_scripts_only(cleaning_interfaces)
[6.776s] DEBUG:colcon.colcon_core.event_handler.log_command:Invoked command in '/home/ivan/ros2_ws/task3/ex05/build/cleaning_interfaces' returned '0': CMAKE_PREFIX_PATH=${CMAKE_PREFIX_PATH}:/home/ivan/ros2_ws/task3/ex05/install/action_cleaning_robot:/home/ivan/ros2_ws/install/text_to_cmd_vel_pkg:/home/ivan/ros2_ws/install/py_pubsub:/home/ivan/ros2_ws/install/my_package:/home/ivan/ros2_ws/install/Ivan:/opt/ros/humble /usr/bin/cmake --install /home/ivan/ros2_ws/task3/ex05/build/cleaning_interfaces
[6.778s] Level 1:colcon.colcon_core.environment:checking '/home/ivan/ros2_ws/task3/ex05/install/cleaning_interfaces' for CMake module files
[6.778s] Level 1:colcon.colcon_core.environment:checking '/home/ivan/ros2_ws/task3/ex05/install/cleaning_interfaces' for CMake config files
[6.779s] Level 1:colcon.colcon_core.shell:create_environment_hook('cleaning_interfaces', 'cmake_prefix_path')
[6.779s] INFO:colcon.colcon_core.shell:Creating environment hook '/home/ivan/ros2_ws/task3/ex05/install/cleaning_interfaces/share/cleaning_interfaces/hook/cmake_prefix_path.ps1'
[6.780s] INFO:colcon.colcon_core.shell:Creating environment descriptor '/home/ivan/ros2_ws/task3/ex05/install/cleaning_interfaces/share/cleaning_interfaces/hook/cmake_prefix_path.dsv'
[6.780s] INFO:colcon.colcon_core.shell:Creating environment hook '/home/ivan/ros2_ws/task3/ex05/install/cleaning_interfaces/share/cleaning_interfaces/hook/cmake_prefix_path.sh'
[6.781s] Level 1:colcon.colcon_core.environment:checking '/home/ivan/ros2_ws/task3/ex05/install/cleaning_interfaces/lib'
[6.781s] Level 1:colcon.colcon_core.shell:create_environment_hook('cleaning_interfaces', 'ld_library_path_lib')
[6.782s] INFO:colcon.colcon_core.shell:Creating environment hook '/home/ivan/ros2_ws/task3/ex05/install/cleaning_interfaces/share/cleaning_interfaces/hook/ld_library_path_lib.ps1'
[6.782s] INFO:colcon.colcon_core.shell:Creating environment descriptor '/home/ivan/ros2_ws/task3/ex05/install/cleaning_interfaces/share/cleaning_interfaces/hook/ld_library_path_lib.dsv'
[6.783s] INFO:colcon.colcon_core.shell:Creating environment hook '/home/ivan/ros2_ws/task3/ex05/install/cleaning_interfaces/share/cleaning_interfaces/hook/ld_library_path_lib.sh'
[6.783s] Level 1:colcon.colcon_core.environment:checking '/home/ivan/ros2_ws/task3/ex05/install/cleaning_interfaces/bin'
[6.783s] Level 1:colcon.colcon_core.environment:checking '/home/ivan/ros2_ws/task3/ex05/install/cleaning_interfaces/lib/pkgconfig/cleaning_interfaces.pc'
[6.784s] Level 1:colcon.colcon_core.environment:checking '/home/ivan/ros2_ws/task3/ex05/install/cleaning_interfaces/lib/python3.10/site-packages'
[6.784s] Level 1:colcon.colcon_core.environment:checking '/home/ivan/ros2_ws/task3/ex05/install/cleaning_interfaces/bin'
[6.784s] INFO:colcon.colcon_core.shell:Creating package script '/home/ivan/ros2_ws/task3/ex05/install/cleaning_interfaces/share/cleaning_interfaces/package.ps1'
[6.785s] INFO:colcon.colcon_core.shell:Creating package descriptor '/home/ivan/ros2_ws/task3/ex05/install/cleaning_interfaces/share/cleaning_interfaces/package.dsv'
[6.786s] INFO:colcon.colcon_core.shell:Creating package script '/home/ivan/ros2_ws/task3/ex05/install/cleaning_interfaces/share/cleaning_interfaces/package.sh'
[6.786s] INFO:colcon.colcon_core.shell:Creating package script '/home/ivan/ros2_ws/task3/ex05/install/cleaning_interfaces/share/cleaning_interfaces/package.bash'
[6.787s] INFO:colcon.colcon_core.shell:Creating package script '/home/ivan/ros2_ws/task3/ex05/install/cleaning_interfaces/share/cleaning_interfaces/package.zsh'
[6.788s] Level 1:colcon.colcon_core.environment:create_file_with_runtime_dependencies(/home/ivan/ros2_ws/task3/ex05/install/cleaning_interfaces/share/colcon-core/packages/cleaning_interfaces)
[6.789s] Level 1:colcon.colcon_core.environment:create_environment_scripts_only(cleaning_interfaces)
[6.789s] Level 1:colcon.colcon_core.environment:checking '/home/ivan/ros2_ws/task3/ex05/install/cleaning_interfaces' for CMake module files
[6.790s] Level 1:colcon.colcon_core.environment:checking '/home/ivan/ros2_ws/task3/ex05/install/cleaning_interfaces' for CMake config files
[6.790s] Level 1:colcon.colcon_core.shell:create_environment_hook('cleaning_interfaces', 'cmake_prefix_path')
[6.790s] INFO:colcon.colcon_core.shell:Creating environment hook '/home/ivan/ros2_ws/task3/ex05/install/cleaning_interfaces/share/cleaning_interfaces/hook/cmake_prefix_path.ps1'
[6.791s] INFO:colcon.colcon_core.shell:Creating environment descriptor '/home/ivan/ros2_ws/task3/ex05/install/cleaning_interfaces/share/cleaning_interfaces/hook/cmake_prefix_path.dsv'
[6.791s] INFO:colcon.colcon_core.shell:Creating environment hook '/home/ivan/ros2_ws/task3/ex05/install/cleaning_interfaces/share/cleaning_interfaces/hook/cmake_prefix_path.sh'
[6.792s] Level 1:colcon.colcon_core.environment:checking '/home/ivan/ros2_ws/task3/ex05/install/cleaning_interfaces/lib'
[6.792s] Level 1:colcon.colcon_core.shell:create_environment_hook('cleaning_interfaces', 'ld_library_path_lib')
[6.792s] INFO:colcon.colcon_core.shell:Creating environment hook '/home/ivan/ros2_ws/task3/ex05/install/cleaning_interfaces/share/cleaning_interfaces/hook/ld_library_path_lib.ps1'
[6.793s] INFO:colcon.colcon_core.shell:Creating environment descriptor '/home/ivan/ros2_ws/task3/ex05/install/cleaning_interfaces/share/cleaning_interfaces/hook/ld_library_path_lib.dsv'
[6.793s] INFO:colcon.colcon_core.shell:Creating environment hook '/home/ivan/ros2_ws/task3/ex05/install/cleaning_interfaces/share/cleaning_interfaces/hook/ld_library_path_lib.sh'
[6.793s] Level 1:colcon.colcon_core.environment:checking '/home/ivan/ros2_ws/task3/ex05/install/cleaning_interfaces/bin'
[6.794s] Level 1:colcon.colcon_core.environment:checking '/home/ivan/ros2_ws/task3/ex05/install/cleaning_interfaces/lib/pkgconfig/cleaning_interfaces.pc'
[6.794s] Level 1:colcon.colcon_core.environment:checking '/home/ivan/ros2_ws/task3/ex05/install/cleaning_interfaces/lib/python3.10/site-packages'
[6.794s] Level 1:colcon.colcon_core.environment:checking '/home/ivan/ros2_ws/task3/ex05/install/cleaning_interfaces/bin'
[6.794s] INFO:colcon.colcon_core.shell:Creating package script '/home/ivan/ros2_ws/task3/ex05/install/cleaning_interfaces/share/cleaning_interfaces/package.ps1'
[6.795s] INFO:colcon.colcon_core.shell:Creating package descriptor '/home/ivan/ros2_ws/task3/ex05/install/cleaning_interfaces/share/cleaning_interfaces/package.dsv'
[6.795s] INFO:colcon.colcon_core.shell:Creating package script '/home/ivan/ros2_ws/task3/ex05/install/cleaning_interfaces/share/cleaning_interfaces/package.sh'
[6.796s] INFO:colcon.colcon_core.shell:Creating package script '/home/ivan/ros2_ws/task3/ex05/install/cleaning_interfaces/share/cleaning_interfaces/package.bash'
[6.797s] INFO:colcon.colcon_core.shell:Creating package script '/home/ivan/ros2_ws/task3/ex05/install/cleaning_interfaces/share/cleaning_interfaces/package.zsh'
[6.797s] Level 1:colcon.colcon_core.environment:create_file_with_runtime_dependencies(/home/ivan/ros2_ws/task3/ex05/install/cleaning_interfaces/share/colcon-core/packages/cleaning_interfaces)
[6.798s] INFO:colcon.colcon_ros.task.ament_python.build:Building ROS package in '/home/ivan/ros2_ws/task3/ex05/src/action_cleaning_robot' with build type 'ament_python'
[6.798s] Level 1:colcon.colcon_core.shell:create_environment_hook('action_cleaning_robot', 'ament_prefix_path')
[6.798s] INFO:colcon.colcon_core.shell:Creating environment hook '/home/ivan/ros2_ws/task3/ex05/install/action_cleaning_robot/share/action_cleaning_robot/hook/ament_prefix_path.ps1'
[6.800s] INFO:colcon.colcon_core.shell:Creating environment descriptor '/home/ivan/ros2_ws/task3/ex05/install/action_cleaning_robot/share/action_cleaning_robot/hook/ament_prefix_path.dsv'
[6.801s] INFO:colcon.colcon_core.shell:Creating environment hook '/home/ivan/ros2_ws/task3/ex05/install/action_cleaning_robot/share/action_cleaning_robot/hook/ament_prefix_path.sh'
[6.802s] INFO:colcon.colcon_core.shell:Skip shell extension 'powershell' for command environment: Not usable outside of PowerShell
[6.802s] DEBUG:colcon.colcon_core.shell:Skip shell extension 'dsv' for command environment
[7.093s] INFO:colcon.colcon_core.task.python.build:Building Python package in '/home/ivan/ros2_ws/task3/ex05/src/action_cleaning_robot'
[7.093s] INFO:colcon.colcon_core.shell:Skip shell extension 'powershell' for command environment: Not usable outside of PowerShell
[7.093s] DEBUG:colcon.colcon_core.shell:Skip shell extension 'dsv' for command environment
[7.477s] DEBUG:colcon.colcon_core.event_handler.log_command:Invoking command in '/home/ivan/ros2_ws/task3/ex05/src/action_cleaning_robot': PYTHONPATH=/home/ivan/ros2_ws/task3/ex05/build/action_cleaning_robot/prefix_override:/usr/lib/python3/dist-packages/colcon_core/task/python/colcon_distutils_commands:/home/ivan/ros2_ws/task3/ex05/install/action_cleaning_robot/lib/python3.10/site-packages:${PYTHONPATH} /usr/bin/python3 -W ignore:setup.py install is deprecated -W ignore:easy_install command is deprecated setup.py egg_info --egg-base ../../build/action_cleaning_robot build --build-base /home/ivan/ros2_ws/task3/ex05/build/action_cleaning_robot/build install --record /home/ivan/ros2_ws/task3/ex05/build/action_cleaning_robot/install.log --single-version-externally-managed install_data
[7.798s] Level 1:colcon.colcon_core.environment:checking '/home/ivan/ros2_ws/task3/ex05/install/action_cleaning_robot' for CMake module files
[7.799s] DEBUG:colcon.colcon_core.event_handler.log_command:Invoked command in '/home/ivan/ros2_ws/task3/ex05/src/action_cleaning_robot' returned '0': PYTHONPATH=/home/ivan/ros2_ws/task3/ex05/build/action_cleaning_robot/prefix_override:/usr/lib/python3/dist-packages/colcon_core/task/python/colcon_distutils_commands:/home/ivan/ros2_ws/task3/ex05/install/action_cleaning_robot/lib/python3.10/site-packages:${PYTHONPATH} /usr/bin/python3 -W ignore:setup.py install is deprecated -W ignore:easy_install command is deprecated setup.py egg_info --egg-base ../../build/action_cleaning_robot build --build-base /home/ivan/ros2_ws/task3/ex05/build/action_cleaning_robot/build install --record /home/ivan/ros2_ws/task3/ex05/build/action_cleaning_robot/install.log --single-version-externally-managed install_data
[7.800s] Level 1:colcon.colcon_core.environment:checking '/home/ivan/ros2_ws/task3/ex05/install/action_cleaning_robot' for CMake config files
[7.800s] Level 1:colcon.colcon_core.environment:checking '/home/ivan/ros2_ws/task3/ex05/install/action_cleaning_robot/lib'
[7.800s] Level 1:colcon.colcon_core.environment:checking '/home/ivan/ros2_ws/task3/ex05/install/action_cleaning_robot/bin'
[7.800s] Level 1:colcon.colcon_core.environment:checking '/home/ivan/ros2_ws/task3/ex05/install/action_cleaning_robot/lib/pkgconfig/action_cleaning_robot.pc'
[7.800s] Level 1:colcon.colcon_core.environment:checking '/home/ivan/ros2_ws/task3/ex05/install/action_cleaning_robot/lib/python3.10/site-packages'
[7.801s] Level 1:colcon.colcon_core.shell:create_environment_hook('action_cleaning_robot', 'pythonpath')
[7.801s] INFO:colcon.colcon_core.shell:Creating environment hook '/home/ivan/ros2_ws/task3/ex05/install/action_cleaning_robot/share/action_cleaning_robot/hook/pythonpath.ps1'
[7.801s] INFO:colcon.colcon_core.shell:Creating environment descriptor '/home/ivan/ros2_ws/task3/ex05/install/action_cleaning_robot/share/action_cleaning_robot/hook/pythonpath.dsv'
[7.801s] INFO:colcon.colcon_core.shell:Creating environment hook '/home/ivan/ros2_ws/task3/ex05/install/action_cleaning_robot/share/action_cleaning_robot/hook/pythonpath.sh'
[7.802s] Level 1:colcon.colcon_core.environment:checking '/home/ivan/ros2_ws/task3/ex05/install/action_cleaning_robot/bin'
[7.802s] Level 1:colcon.colcon_core.environment:create_environment_scripts_only(action_cleaning_robot)
[7.802s] INFO:colcon.colcon_core.shell:Creating package script '/home/ivan/ros2_ws/task3/ex05/install/action_cleaning_robot/share/action_cleaning_robot/package.ps1'
[7.803s] INFO:colcon.colcon_core.shell:Creating package descriptor '/home/ivan/ros2_ws/task3/ex05/install/action_cleaning_robot/share/action_cleaning_robot/package.dsv'
[7.803s] INFO:colcon.colcon_core.shell:Creating package script '/home/ivan/ros2_ws/task3/ex05/install/action_cleaning_robot/share/action_cleaning_robot/package.sh'
[7.804s] INFO:colcon.colcon_core.shell:Creating package script '/home/ivan/ros2_ws/task3/ex05/install/action_cleaning_robot/share/action_cleaning_robot/package.bash'
[7.804s] INFO:colcon.colcon_core.shell:Creating package script '/home/ivan/ros2_ws/task3/ex05/install/action_cleaning_robot/share/action_cleaning_robot/package.zsh'
[7.804s] Level 1:colcon.colcon_core.environment:create_file_with_runtime_dependencies(/home/ivan/ros2_ws/task3/ex05/install/action_cleaning_robot/share/colcon-core/packages/action_cleaning_robot)
[7.805s] DEBUG:colcon.colcon_parallel_executor.executor.parallel:closing loop
[7.805s] DEBUG:colcon.colcon_parallel_executor.executor.parallel:loop closed
[7.806s] DEBUG:colcon.colcon_parallel_executor.executor.parallel:run_until_complete finished with '0'
[7.806s] DEBUG:colcon.colcon_core.event_reactor:joining thread
[7.844s] INFO:colcon.colcon_core.plugin_system:Skipping extension 'colcon_notification.desktop_notification.notify_send': Could not find 'notify-send'
[7.844s] INFO:colcon.colcon_core.plugin_system:Skipping extension 'colcon_notification.desktop_notification.terminal_notifier': Not used on non-Darwin systems
[7.844s] INFO:colcon.colcon_core.plugin_system:Skipping extension 'colcon_notification.desktop_notification.win32': Not used on non-Windows systems
[7.844s] INFO:colcon.colcon_notification.desktop_notification:Sending desktop notification using 'notify2'
[7.844s] DEBUG:colcon.colcon_notification.desktop_notification.notify2:Failed to initialize notify2: org.freedesktop.DBus.Error.FileNotFound: Failed to connect to socket /run/user/1000/bus: No such file or directory
[7.844s] DEBUG:colcon.colcon_core.event_reactor:joined thread
[7.845s] INFO:colcon.colcon_core.shell:Creating prefix script '/home/ivan/ros2_ws/task3/ex05/install/local_setup.ps1'
[7.845s] INFO:colcon.colcon_core.shell:Creating prefix util module '/home/ivan/ros2_ws/task3/ex05/install/_local_setup_util_ps1.py'
[7.847s] INFO:colcon.colcon_core.shell:Creating prefix chain script '/home/ivan/ros2_ws/task3/ex05/install/setup.ps1'
[7.848s] INFO:colcon.colcon_core.shell:Creating prefix script '/home/ivan/ros2_ws/task3/ex05/install/local_setup.sh'
[7.848s] INFO:colcon.colcon_core.shell:Creating prefix util module '/home/ivan/ros2_ws/task3/ex05/install/_local_setup_util_sh.py'
[7.849s] INFO:colcon.colcon_core.shell:Creating prefix chain script '/home/ivan/ros2_ws/task3/ex05/install/setup.sh'
[7.850s] INFO:colcon.colcon_core.shell:Creating prefix script '/home/ivan/ros2_ws/task3/ex05/install/local_setup.bash'
[7.850s] INFO:colcon.colcon_core.shell:Creating prefix chain script '/home/ivan/ros2_ws/task3/ex05/install/setup.bash'
[7.851s] INFO:colcon.colcon_core.shell:Creating prefix script '/home/ivan/ros2_ws/task3/ex05/install/local_setup.zsh'
[7.852s] INFO:colcon.colcon_core.shell:Creating prefix chain script '/home/ivan/ros2_ws/task3/ex05/install/setup.zsh'
