[0.033s] Invoking command in '/home/ivan/ros2_ws/task3/ex02/build/turtlesim': CMAKE_PREFIX_PATH=${CMAKE_PREFIX_PATH}:/home/ivan/ros2_ws/ex01/install/service_full_name:/home/ivan/ros2_ws/install/text_to_cmd_vel_pkg:/home/ivan/ros2_ws/install/py_pubsub:/home/ivan/ros2_ws/install/my_package:/home/ivan/ros2_ws/install/Ivan:/opt/ros/humble /usr/bin/cmake /home/ivan/ros2_ws/task3/ex02/src/turtlesim -DCMAKE_INSTALL_PREFIX=/home/ivan/ros2_ws/task3/ex02/install/turtlesim
[0.392s] -- The C compiler identification is GNU 11.4.0
[0.982s] -- The CXX compiler identification is GNU 11.4.0
[1.301s] -- Detecting C compiler ABI info
[1.498s] -- Detecting C compiler ABI info - done
[1.509s] -- Check for working C compiler: /usr/bin/cc - skipped
[1.516s] -- Detecting C compile features
[1.517s] -- Detecting C compile features - done
[1.525s] -- Detecting CXX compiler ABI info
[1.712s] -- Detecting CXX compiler ABI info - done
[1.724s] -- Check for working CXX compiler: /usr/bin/c++ - skipped
[1.725s] -- Detecting CXX compile features
[1.725s] -- Detecting CXX compile features - done
[1.754s] -- Found ament_cmake: 1.3.12 (/opt/ros/humble/share/ament_cmake/cmake)
[2.012s] -- Found Python3: /usr/bin/python3 (found version "3.10.12") found components: Interpreter 
[2.225s] -- Found ament_index_cpp: 1.4.0 (/opt/ros/humble/share/ament_index_cpp/cmake)
[2.236s] -- Found geometry_msgs: 4.9.0 (/opt/ros/humble/share/geometry_msgs/cmake)
[2.553s] -- Found rosidl_generator_c: 3.1.7 (/opt/ros/humble/share/rosidl_generator_c/cmake)
[2.570s] -- Found rosidl_adapter: 3.1.7 (/opt/ros/humble/share/rosidl_adapter/cmake)
[2.598s] -- Found rosidl_generator_cpp: 3.1.7 (/opt/ros/humble/share/rosidl_generator_cpp/cmake)
[2.640s] -- Using all available rosidl_typesupport_c: rosidl_typesupport_fastrtps_c;rosidl_typesupport_introspection_c
[2.689s] -- Using all available rosidl_typesupport_cpp: rosidl_typesupport_fastrtps_cpp;rosidl_typesupport_introspection_cpp
[2.973s] -- Found rclcpp: 16.0.14 (/opt/ros/humble/share/rclcpp/cmake)
[3.089s] -- Found rmw_implementation_cmake: 6.1.2 (/opt/ros/humble/share/rmw_implementation_cmake/cmake)
[3.099s] -- Found rmw_fastrtps_cpp: 6.2.8 (/opt/ros/humble/share/rmw_fastrtps_cpp/cmake)
[4.795s] -- Found OpenSSL: /usr/lib/x86_64-linux-gnu/libcrypto.so (found version "3.0.2")  
[6.337s] -- Found FastRTPS: /opt/ros/humble/include  
[9.193s] -- Using RMW implementation 'rmw_fastrtps_cpp' as default
[9.232s] -- Looking for pthread.h
[9.434s] -- Looking for pthread.h - found
[9.435s] -- Performing Test CMAKE_HAVE_LIBC_PTHREAD
[9.610s] -- Performing Test CMAKE_HAVE_LIBC_PTHREAD - Success
[9.612s] -- Found Threads: TRUE  
[9.735s] -- Found rclcpp_action: 16.0.14 (/opt/ros/humble/share/rclcpp_action/cmake)
[9.848s] -- Found rosidl_default_generators: 1.2.0 (/opt/ros/humble/share/rosidl_default_generators/cmake)
[9.878s] -- Found std_srvs: 4.9.0 (/opt/ros/humble/share/std_srvs/cmake)
[10.392s] -- Found ament_cmake_ros: 0.10.0 (/opt/ros/humble/share/ament_cmake_ros/cmake)
[10.891s] -- Using all available rosidl_typesupport_c: rosidl_typesupport_fastrtps_c;rosidl_typesupport_introspection_c
[11.072s] -- Using all available rosidl_typesupport_cpp: rosidl_typesupport_fastrtps_cpp;rosidl_typesupport_introspection_cpp
[11.219s] -- Found PythonInterp: /usr/bin/python3 (found suitable version "3.10.12", minimum required is "3.6") 
[11.229s] -- Found python_cmake_module: 0.10.0 (/opt/ros/humble/share/python_cmake_module/cmake)
[11.633s] -- Found PythonLibs: /usr/lib/x86_64-linux-gnu/libpython3.10.so (found suitable version "3.10.12", minimum required is "3.5") 
[11.633s] -- Using PYTHON_EXECUTABLE: /usr/bin/python3
[11.633s] -- Using PYTHON_INCLUDE_DIRS: /usr/include/python3.10
[11.633s] -- Using PYTHON_LIBRARIES: /usr/lib/x86_64-linux-gnu/libpython3.10.so
[11.668s] -- Found PythonExtra: .so  
[11.821s] -- Configuring done
[11.980s] -- Generating done
[12.013s] -- Build files have been written to: /home/ivan/ros2_ws/task3/ex02/build/turtlesim
[12.031s] Invoked command in '/home/ivan/ros2_ws/task3/ex02/build/turtlesim' returned '0': CMAKE_PREFIX_PATH=${CMAKE_PREFIX_PATH}:/home/ivan/ros2_ws/ex01/install/service_full_name:/home/ivan/ros2_ws/install/text_to_cmd_vel_pkg:/home/ivan/ros2_ws/install/py_pubsub:/home/ivan/ros2_ws/install/my_package:/home/ivan/ros2_ws/install/Ivan:/opt/ros/humble /usr/bin/cmake /home/ivan/ros2_ws/task3/ex02/src/turtlesim -DCMAKE_INSTALL_PREFIX=/home/ivan/ros2_ws/task3/ex02/install/turtlesim
[12.035s] Invoking command in '/home/ivan/ros2_ws/task3/ex02/build/turtlesim': CMAKE_PREFIX_PATH=${CMAKE_PREFIX_PATH}:/home/ivan/ros2_ws/ex01/install/service_full_name:/home/ivan/ros2_ws/install/text_to_cmd_vel_pkg:/home/ivan/ros2_ws/install/py_pubsub:/home/ivan/ros2_ws/install/my_package:/home/ivan/ros2_ws/install/Ivan:/opt/ros/humble /usr/bin/cmake --build /home/ivan/ros2_ws/task3/ex02/build/turtlesim -- -j16 -l16
[12.100s] [  1%] [34m[1mGenerating C code for ROS interfaces[0m
[12.112s] [  2%] [34m[1mGenerating C++ code for ROS interfaces[0m
[12.130s] [  2%] Built target ament_cmake_python_copy_turtlesim
[12.562s] running egg_info
[12.562s] creating turtlesim.egg-info
[12.563s] writing turtlesim.egg-info/PKG-INFO
[12.563s] writing dependency_links to turtlesim.egg-info/dependency_links.txt
[12.564s] writing top-level names to turtlesim.egg-info/top_level.txt
[12.564s] writing manifest file 'turtlesim.egg-info/SOURCES.txt'
[12.570s] reading manifest file 'turtlesim.egg-info/SOURCES.txt'
[12.571s] writing manifest file 'turtlesim.egg-info/SOURCES.txt'
[12.621s] [  2%] Built target ament_cmake_python_build_turtlesim_egg
[13.853s] [  2%] Built target turtlesim__cpp
[13.872s] [  3%] [34m[1mGenerating C++ type support for eProsima Fast-RTPS[0m
[13.872s] [  4%] [34m[1mGenerating C++ introspection for ROS interfaces[0m
[13.874s] [  5%] [32mBuilding C object CMakeFiles/turtlesim__rosidl_generator_c.dir/rosidl_generator_c/turtlesim/action/detail/rotate_absolute__functions.c.o[0m
[13.876s] [  6%] [34m[1mGenerating C++ type support dispatch for ROS interfaces[0m
[13.877s] [  7%] [32mBuilding C object CMakeFiles/turtlesim__rosidl_generator_c.dir/rosidl_generator_c/turtlesim/msg/detail/pose__functions.c.o[0m
[13.881s] [  8%] [32mBuilding C object CMakeFiles/turtlesim__rosidl_generator_c.dir/rosidl_generator_c/turtlesim/msg/detail/color__functions.c.o[0m
[13.882s] [  9%] [32mBuilding C object CMakeFiles/turtlesim__rosidl_generator_c.dir/rosidl_generator_c/turtlesim/srv/detail/kill__functions.c.o[0m
[13.882s] [ 10%] [32mBuilding C object CMakeFiles/turtlesim__rosidl_generator_c.dir/rosidl_generator_c/turtlesim/srv/detail/spawn__functions.c.o[0m
[13.883s] [ 12%] [32mBuilding C object CMakeFiles/turtlesim__rosidl_generator_c.dir/rosidl_generator_c/turtlesim/srv/detail/set_pen__functions.c.o[0m
[13.886s] [ 12%] [32mBuilding C object CMakeFiles/turtlesim__rosidl_generator_c.dir/rosidl_generator_c/turtlesim/srv/detail/teleport_absolute__functions.c.o[0m
[13.886s] [ 13%] [32mBuilding C object CMakeFiles/turtlesim__rosidl_generator_c.dir/rosidl_generator_c/turtlesim/srv/detail/teleport_relative__functions.c.o[0m
[14.149s] [ 14%] [32m[1mLinking C shared library libturtlesim__rosidl_generator_c.so[0m
[14.311s] [ 14%] Built target turtlesim__rosidl_generator_c
[14.328s] [ 15%] [34m[1mGenerating C type support dispatch for ROS interfaces[0m
[14.329s] [ 17%] [34m[1mGenerating C introspection for ROS interfaces[0m
[14.329s] [ 17%] [34m[1mGenerating C type support for eProsima Fast-RTPS[0m
[14.854s] [ 18%] [32mBuilding CXX object CMakeFiles/turtlesim__rosidl_typesupport_cpp.dir/rosidl_typesupport_cpp/turtlesim/action/rotate_absolute__type_support.cpp.o[0m
[14.856s] [ 19%] [32mBuilding CXX object CMakeFiles/turtlesim__rosidl_typesupport_cpp.dir/rosidl_typesupport_cpp/turtlesim/msg/color__type_support.cpp.o[0m
[14.858s] [ 20%] [32mBuilding CXX object CMakeFiles/turtlesim__rosidl_typesupport_cpp.dir/rosidl_typesupport_cpp/turtlesim/msg/pose__type_support.cpp.o[0m
[14.860s] [ 22%] [32mBuilding CXX object CMakeFiles/turtlesim__rosidl_typesupport_cpp.dir/rosidl_typesupport_cpp/turtlesim/srv/spawn__type_support.cpp.o[0m
[14.861s] [ 22%] [32mBuilding CXX object CMakeFiles/turtlesim__rosidl_typesupport_cpp.dir/rosidl_typesupport_cpp/turtlesim/srv/set_pen__type_support.cpp.o[0m
[14.861s] [ 23%] [32mBuilding CXX object CMakeFiles/turtlesim__rosidl_typesupport_cpp.dir/rosidl_typesupport_cpp/turtlesim/srv/teleport_relative__type_support.cpp.o[0m
[14.862s] [ 24%] [32mBuilding CXX object CMakeFiles/turtlesim__rosidl_typesupport_cpp.dir/rosidl_typesupport_cpp/turtlesim/srv/kill__type_support.cpp.o[0m
[14.868s] [ 25%] [32mBuilding CXX object CMakeFiles/turtlesim__rosidl_typesupport_cpp.dir/rosidl_typesupport_cpp/turtlesim/srv/teleport_absolute__type_support.cpp.o[0m
[15.146s] [ 27%] [32mBuilding CXX object CMakeFiles/turtlesim__rosidl_typesupport_introspection_cpp.dir/rosidl_typesupport_introspection_cpp/turtlesim/msg/detail/color__type_support.cpp.o[0m
[15.147s] [ 27%] [32mBuilding CXX object CMakeFiles/turtlesim__rosidl_typesupport_introspection_cpp.dir/rosidl_typesupport_introspection_cpp/turtlesim/msg/detail/pose__type_support.cpp.o[0m
[15.148s] [ 28%] [32mBuilding CXX object CMakeFiles/turtlesim__rosidl_typesupport_introspection_cpp.dir/rosidl_typesupport_introspection_cpp/turtlesim/action/detail/rotate_absolute__type_support.cpp.o[0m
[15.148s] [ 29%] [32mBuilding CXX object CMakeFiles/turtlesim__rosidl_typesupport_introspection_cpp.dir/rosidl_typesupport_introspection_cpp/turtlesim/srv/detail/kill__type_support.cpp.o[0m
[15.351s] [ 30%] [32mBuilding CXX object CMakeFiles/turtlesim__rosidl_typesupport_c.dir/rosidl_typesupport_c/turtlesim/action/rotate_absolute__type_support.cpp.o[0m
[15.500s] [ 31%] [32mBuilding CXX object CMakeFiles/turtlesim__rosidl_typesupport_fastrtps_cpp.dir/rosidl_typesupport_fastrtps_cpp/turtlesim/action/detail/dds_fastrtps/rotate_absolute__type_support.cpp.o[0m
[15.520s] [ 32%] [32mBuilding CXX object CMakeFiles/turtlesim__rosidl_typesupport_c.dir/rosidl_typesupport_c/turtlesim/msg/color__type_support.cpp.o[0m
[15.609s] [ 33%] [32mBuilding CXX object CMakeFiles/turtlesim__rosidl_typesupport_c.dir/rosidl_typesupport_c/turtlesim/msg/pose__type_support.cpp.o[0m
[15.689s] [ 34%] [32mBuilding CXX object CMakeFiles/turtlesim__rosidl_typesupport_c.dir/rosidl_typesupport_c/turtlesim/srv/kill__type_support.cpp.o[0m
[15.701s] [ 35%] [32mBuilding CXX object CMakeFiles/turtlesim__rosidl_typesupport_fastrtps_cpp.dir/rosidl_typesupport_fastrtps_cpp/turtlesim/msg/detail/dds_fastrtps/color__type_support.cpp.o[0m
[15.714s] [ 36%] [32mBuilding CXX object CMakeFiles/turtlesim__rosidl_typesupport_c.dir/rosidl_typesupport_c/turtlesim/srv/set_pen__type_support.cpp.o[0m
[15.717s] [ 37%] [32mBuilding CXX object CMakeFiles/turtlesim__rosidl_typesupport_c.dir/rosidl_typesupport_c/turtlesim/srv/spawn__type_support.cpp.o[0m
[15.720s] [ 38%] [32mBuilding CXX object CMakeFiles/turtlesim__rosidl_typesupport_c.dir/rosidl_typesupport_c/turtlesim/srv/teleport_absolute__type_support.cpp.o[0m
[15.735s] [ 39%] [32mBuilding CXX object CMakeFiles/turtlesim__rosidl_typesupport_fastrtps_cpp.dir/rosidl_typesupport_fastrtps_cpp/turtlesim/msg/detail/dds_fastrtps/pose__type_support.cpp.o[0m
[15.741s] [ 40%] [32mBuilding CXX object CMakeFiles/turtlesim__rosidl_typesupport_fastrtps_cpp.dir/rosidl_typesupport_fastrtps_cpp/turtlesim/srv/detail/dds_fastrtps/kill__type_support.cpp.o[0m
[15.744s] [ 41%] [32mBuilding CXX object CMakeFiles/turtlesim__rosidl_typesupport_c.dir/rosidl_typesupport_c/turtlesim/srv/teleport_relative__type_support.cpp.o[0m
[15.771s] [ 42%] [32mBuilding CXX object CMakeFiles/turtlesim__rosidl_typesupport_fastrtps_cpp.dir/rosidl_typesupport_fastrtps_cpp/turtlesim/srv/detail/dds_fastrtps/set_pen__type_support.cpp.o[0m
[15.788s] [ 44%] [32mBuilding CXX object CMakeFiles/turtlesim__rosidl_typesupport_fastrtps_cpp.dir/rosidl_typesupport_fastrtps_cpp/turtlesim/srv/detail/dds_fastrtps/spawn__type_support.cpp.o[0m
[15.788s] [ 44%] [32mBuilding CXX object CMakeFiles/turtlesim__rosidl_typesupport_introspection_cpp.dir/rosidl_typesupport_introspection_cpp/turtlesim/srv/detail/set_pen__type_support.cpp.o[0m
[15.790s] [ 45%] [32mBuilding CXX object CMakeFiles/turtlesim__rosidl_typesupport_introspection_cpp.dir/rosidl_typesupport_introspection_cpp/turtlesim/srv/detail/spawn__type_support.cpp.o[0m
[15.825s] [ 46%] [32m[1mLinking CXX shared library libturtlesim__rosidl_typesupport_c.so[0m
[16.135s] [ 46%] Built target turtlesim__rosidl_typesupport_c
[16.151s] [ 47%] [32mBuilding C object CMakeFiles/turtlesim__rosidl_typesupport_introspection_c.dir/rosidl_typesupport_introspection_c/turtlesim/action/detail/rotate_absolute__type_support.c.o[0m
[16.157s] [ 48%] [32mBuilding CXX object CMakeFiles/turtlesim__rosidl_typesupport_fastrtps_cpp.dir/rosidl_typesupport_fastrtps_cpp/turtlesim/srv/detail/dds_fastrtps/teleport_absolute__type_support.cpp.o[0m
[16.180s] [ 49%] [32mBuilding CXX object CMakeFiles/turtlesim__rosidl_typesupport_fastrtps_c.dir/rosidl_typesupport_fastrtps_c/turtlesim/action/detail/rotate_absolute__type_support_c.cpp.o[0m
[16.209s] [ 50%] [32mBuilding CXX object CMakeFiles/turtlesim__rosidl_typesupport_introspection_cpp.dir/rosidl_typesupport_introspection_cpp/turtlesim/srv/detail/teleport_absolute__type_support.cpp.o[0m
[16.210s] [ 51%] [32mBuilding C object CMakeFiles/turtlesim__rosidl_typesupport_introspection_c.dir/rosidl_typesupport_introspection_c/turtlesim/msg/detail/color__type_support.c.o[0m
[16.217s] [ 52%] [32mBuilding CXX object CMakeFiles/turtlesim__rosidl_typesupport_introspection_cpp.dir/rosidl_typesupport_introspection_cpp/turtlesim/srv/detail/teleport_relative__type_support.cpp.o[0m
[16.290s] [ 53%] [32mBuilding C object CMakeFiles/turtlesim__rosidl_typesupport_introspection_c.dir/rosidl_typesupport_introspection_c/turtlesim/msg/detail/pose__type_support.c.o[0m
[16.305s] [ 54%] [32mBuilding C object CMakeFiles/turtlesim__rosidl_typesupport_introspection_c.dir/rosidl_typesupport_introspection_c/turtlesim/srv/detail/kill__type_support.c.o[0m
[16.368s] [ 55%] [32mBuilding C object CMakeFiles/turtlesim__rosidl_typesupport_introspection_c.dir/rosidl_typesupport_introspection_c/turtlesim/srv/detail/set_pen__type_support.c.o[0m
[16.395s] [ 56%] [32mBuilding C object CMakeFiles/turtlesim__rosidl_typesupport_introspection_c.dir/rosidl_typesupport_introspection_c/turtlesim/srv/detail/spawn__type_support.c.o[0m
[16.429s] [ 57%] [32m[1mLinking CXX shared library libturtlesim__rosidl_typesupport_cpp.so[0m
[16.455s] [ 58%] [32mBuilding C object CMakeFiles/turtlesim__rosidl_typesupport_introspection_c.dir/rosidl_typesupport_introspection_c/turtlesim/srv/detail/teleport_absolute__type_support.c.o[0m
[16.488s] [ 59%] [32mBuilding C object CMakeFiles/turtlesim__rosidl_typesupport_introspection_c.dir/rosidl_typesupport_introspection_c/turtlesim/srv/detail/teleport_relative__type_support.c.o[0m
[16.556s] [ 60%] [32mBuilding CXX object CMakeFiles/turtlesim__rosidl_typesupport_fastrtps_c.dir/rosidl_typesupport_fastrtps_c/turtlesim/msg/detail/color__type_support_c.cpp.o[0m
[16.596s] [ 61%] [32m[1mLinking C shared library libturtlesim__rosidl_typesupport_introspection_c.so[0m
[16.722s] [ 61%] Built target turtlesim__rosidl_typesupport_cpp
[16.759s] [ 62%] [32mBuilding CXX object CMakeFiles/turtlesim__rosidl_typesupport_fastrtps_c.dir/rosidl_typesupport_fastrtps_c/turtlesim/msg/detail/pose__type_support_c.cpp.o[0m
[16.795s] [ 63%] [32mBuilding CXX object CMakeFiles/turtlesim__rosidl_typesupport_fastrtps_cpp.dir/rosidl_typesupport_fastrtps_cpp/turtlesim/srv/detail/dds_fastrtps/teleport_relative__type_support.cpp.o[0m
[16.827s] [ 64%] [32mBuilding CXX object CMakeFiles/turtlesim__rosidl_typesupport_fastrtps_c.dir/rosidl_typesupport_fastrtps_c/turtlesim/srv/detail/kill__type_support_c.cpp.o[0m
[16.831s] [ 64%] Built target turtlesim__rosidl_typesupport_introspection_c
[16.845s] [ 65%] [34m[1mGenerating include/turtlesim/moc_turtle_frame.cpp[0m
[16.874s] [ 66%] [32mBuilding CXX object CMakeFiles/turtlesim__rosidl_typesupport_fastrtps_c.dir/rosidl_typesupport_fastrtps_c/turtlesim/srv/detail/set_pen__type_support_c.cpp.o[0m
[16.876s] [ 67%] [32mBuilding CXX object CMakeFiles/draw_square.dir/tutorials/draw_square.cpp.o[0m
[16.877s] [ 68%] [32mBuilding CXX object CMakeFiles/turtle_teleop_key.dir/tutorials/teleop_turtle_key.cpp.o[0m
[16.894s] [ 69%] [32mBuilding CXX object CMakeFiles/mimic.dir/tutorials/mimic.cpp.o[0m
[16.917s] [ 70%] [32mBuilding CXX object CMakeFiles/turtlesim__rosidl_typesupport_fastrtps_c.dir/rosidl_typesupport_fastrtps_c/turtlesim/srv/detail/spawn__type_support_c.cpp.o[0m
[16.960s] [ 71%] [32mBuilding CXX object CMakeFiles/turtlesim__rosidl_typesupport_fastrtps_c.dir/rosidl_typesupport_fastrtps_c/turtlesim/srv/detail/teleport_absolute__type_support_c.cpp.o[0m
[17.168s] [ 72%] [32mBuilding CXX object CMakeFiles/turtlesim_node.dir/src/turtlesim.cpp.o[0m
[17.170s] [ 73%] [32mBuilding CXX object CMakeFiles/turtlesim__rosidl_typesupport_fastrtps_c.dir/rosidl_typesupport_fastrtps_c/turtlesim/srv/detail/teleport_relative__type_support_c.cpp.o[0m
[17.211s] [ 74%] [32mBuilding CXX object CMakeFiles/turtlesim_node.dir/src/turtle.cpp.o[0m
[17.243s] [ 75%] [32mBuilding CXX object CMakeFiles/turtlesim_node.dir/src/turtle_frame.cpp.o[0m
[17.272s] [ 76%] [32m[1mLinking CXX shared library libturtlesim__rosidl_typesupport_introspection_cpp.so[0m
[17.278s] [ 77%] [32mBuilding CXX object CMakeFiles/turtlesim_node.dir/include/turtlesim/moc_turtle_frame.cpp.o[0m
[17.619s] [ 77%] Built target turtlesim__rosidl_typesupport_introspection_cpp
[17.766s] [ 78%] [32m[1mLinking CXX shared library libturtlesim__rosidl_typesupport_fastrtps_cpp.so[0m
[17.850s] [ 79%] [32m[1mLinking CXX shared library libturtlesim__rosidl_typesupport_fastrtps_c.so[0m
[17.999s] [ 79%] Built target turtlesim__rosidl_typesupport_fastrtps_cpp
[18.136s] [ 79%] Built target turtlesim__rosidl_typesupport_fastrtps_c
[18.172s] [ 79%] Built target turtlesim
[18.201s] [ 80%] [34m[1mGenerating Python code for ROS interfaces[0m
[21.265s] [ 80%] Built target turtlesim__py
[21.297s] [ 82%] [32mBuilding C object CMakeFiles/turtlesim__rosidl_generator_py.dir/rosidl_generator_py/turtlesim/action/_rotate_absolute_s.c.o[0m
[21.297s] [ 82%] [32mBuilding C object CMakeFiles/turtlesim__rosidl_generator_py.dir/rosidl_generator_py/turtlesim/msg/_color_s.c.o[0m
[21.299s] [ 83%] [32mBuilding C object CMakeFiles/turtlesim__rosidl_generator_py.dir/rosidl_generator_py/turtlesim/msg/_pose_s.c.o[0m
[21.302s] [ 84%] [32mBuilding C object CMakeFiles/turtlesim__rosidl_generator_py.dir/rosidl_generator_py/turtlesim/srv/_spawn_s.c.o[0m
[21.304s] [ 87%] [32mBuilding C object CMakeFiles/turtlesim__rosidl_generator_py.dir/rosidl_generator_py/turtlesim/srv/_kill_s.c.o[0m
[21.305s] [ 87%] [32mBuilding C object CMakeFiles/turtlesim__rosidl_generator_py.dir/rosidl_generator_py/turtlesim/srv/_teleport_absolute_s.c.o[0m
[21.305s] [ 87%] [32mBuilding C object CMakeFiles/turtlesim__rosidl_generator_py.dir/rosidl_generator_py/turtlesim/srv/_set_pen_s.c.o[0m
[21.318s] [ 88%] [32mBuilding C object CMakeFiles/turtlesim__rosidl_generator_py.dir/rosidl_generator_py/turtlesim/srv/_teleport_relative_s.c.o[0m
[21.698s] [ 89%] [32m[1mLinking C shared library rosidl_generator_py/turtlesim/libturtlesim__rosidl_generator_py.so[0m
[21.854s] [ 89%] Built target turtlesim__rosidl_generator_py
[21.884s] [ 91%] [32mBuilding C object CMakeFiles/turtlesim__rosidl_typesupport_introspection_c__pyext.dir/rosidl_generator_py/turtlesim/_turtlesim_s.ep.rosidl_typesupport_introspection_c.c.o[0m
[21.885s] [ 91%] [32mBuilding C object CMakeFiles/turtlesim__rosidl_typesupport_fastrtps_c__pyext.dir/rosidl_generator_py/turtlesim/_turtlesim_s.ep.rosidl_typesupport_fastrtps_c.c.o[0m
[21.886s] [ 92%] [32mBuilding C object CMakeFiles/turtlesim__rosidl_typesupport_c__pyext.dir/rosidl_generator_py/turtlesim/_turtlesim_s.ep.rosidl_typesupport_c.c.o[0m
[22.154s] [ 93%] [32m[1mLinking C shared library rosidl_generator_py/turtlesim/turtlesim_s__rosidl_typesupport_introspection_c.cpython-310-x86_64-linux-gnu.so[0m
[22.163s] [ 94%] [32m[1mLinking C shared library rosidl_generator_py/turtlesim/turtlesim_s__rosidl_typesupport_c.cpython-310-x86_64-linux-gnu.so[0m
[22.168s] [ 95%] [32m[1mLinking C shared library rosidl_generator_py/turtlesim/turtlesim_s__rosidl_typesupport_fastrtps_c.cpython-310-x86_64-linux-gnu.so[0m
[22.293s] [ 95%] Built target turtlesim__rosidl_typesupport_c__pyext
[22.307s] [ 95%] Built target turtlesim__rosidl_typesupport_introspection_c__pyext
[22.321s] [ 95%] Built target turtlesim__rosidl_typesupport_fastrtps_c__pyext
[28.507s] [ 96%] [32m[1mLinking CXX executable turtle_teleop_key[0m
[29.207s] [ 96%] Built target turtle_teleop_key
[32.950s] [ 97%] [32m[1mLinking CXX executable mimic[0m
[33.626s] [ 98%] [32m[1mLinking CXX executable draw_square[0m
[33.903s] [ 98%] Built target mimic
[34.434s] [ 98%] Built target draw_square
[38.622s] [100%] [32m[1mLinking CXX executable turtlesim_node[0m
[41.696s] [100%] Built target turtlesim_node
[41.715s] Invoked command in '/home/ivan/ros2_ws/task3/ex02/build/turtlesim' returned '0': CMAKE_PREFIX_PATH=${CMAKE_PREFIX_PATH}:/home/ivan/ros2_ws/ex01/install/service_full_name:/home/ivan/ros2_ws/install/text_to_cmd_vel_pkg:/home/ivan/ros2_ws/install/py_pubsub:/home/ivan/ros2_ws/install/my_package:/home/ivan/ros2_ws/install/Ivan:/opt/ros/humble /usr/bin/cmake --build /home/ivan/ros2_ws/task3/ex02/build/turtlesim -- -j16 -l16
[41.727s] Invoking command in '/home/ivan/ros2_ws/task3/ex02/build/turtlesim': CMAKE_PREFIX_PATH=${CMAKE_PREFIX_PATH}:/home/ivan/ros2_ws/ex01/install/service_full_name:/home/ivan/ros2_ws/install/text_to_cmd_vel_pkg:/home/ivan/ros2_ws/install/py_pubsub:/home/ivan/ros2_ws/install/my_package:/home/ivan/ros2_ws/install/Ivan:/opt/ros/humble /usr/bin/cmake --install /home/ivan/ros2_ws/task3/ex02/build/turtlesim
[41.736s] -- Install configuration: ""
[41.738s] -- Installing: /home/ivan/ros2_ws/task3/ex02/install/turtlesim/share/ament_index/resource_index/rosidl_interfaces/turtlesim
[41.738s] -- Installing: /home/ivan/ros2_ws/task3/ex02/install/turtlesim/include/turtlesim/turtlesim
[41.739s] -- Installing: /home/ivan/ros2_ws/task3/ex02/install/turtlesim/include/turtlesim/turtlesim/srv
[41.740s] -- Installing: /home/ivan/ros2_ws/task3/ex02/install/turtlesim/include/turtlesim/turtlesim/srv/spawn.h
[41.740s] -- Installing: /home/ivan/ros2_ws/task3/ex02/install/turtlesim/include/turtlesim/turtlesim/srv/set_pen.h
[41.740s] -- Installing: /home/ivan/ros2_ws/task3/ex02/install/turtlesim/include/turtlesim/turtlesim/srv/kill.h
[41.740s] -- Installing: /home/ivan/ros2_ws/task3/ex02/install/turtlesim/include/turtlesim/turtlesim/srv/teleport_relative.h
[41.740s] -- Installing: /home/ivan/ros2_ws/task3/ex02/install/turtlesim/include/turtlesim/turtlesim/srv/detail
[41.741s] -- Installing: /home/ivan/ros2_ws/task3/ex02/install/turtlesim/include/turtlesim/turtlesim/srv/detail/teleport_relative__struct.h
[41.741s] -- Installing: /home/ivan/ros2_ws/task3/ex02/install/turtlesim/include/turtlesim/turtlesim/srv/detail/spawn__type_support.h
[41.742s] -- Installing: /home/ivan/ros2_ws/task3/ex02/install/turtlesim/include/turtlesim/turtlesim/srv/detail/teleport_relative__functions.c
[41.742s] -- Installing: /home/ivan/ros2_ws/task3/ex02/install/turtlesim/include/turtlesim/turtlesim/srv/detail/kill__struct.h
[41.742s] -- Installing: /home/ivan/ros2_ws/task3/ex02/install/turtlesim/include/turtlesim/turtlesim/srv/detail/teleport_absolute__functions.h
[41.742s] -- Installing: /home/ivan/ros2_ws/task3/ex02/install/turtlesim/include/turtlesim/turtlesim/srv/detail/spawn__struct.h
[41.743s] -- Installing: /home/ivan/ros2_ws/task3/ex02/install/turtlesim/include/turtlesim/turtlesim/srv/detail/set_pen__functions.h
[41.743s] -- Installing: /home/ivan/ros2_ws/task3/ex02/install/turtlesim/include/turtlesim/turtlesim/srv/detail/teleport_absolute__functions.c
[41.744s] -- Installing: /home/ivan/ros2_ws/task3/ex02/install/turtlesim/include/turtlesim/turtlesim/srv/detail/teleport_relative__functions.h
[41.744s] -- Installing: /home/ivan/ros2_ws/task3/ex02/install/turtlesim/include/turtlesim/turtlesim/srv/detail/set_pen__functions.c
[41.744s] -- Installing: /home/ivan/ros2_ws/task3/ex02/install/turtlesim/include/turtlesim/turtlesim/srv/detail/kill__functions.c
[41.744s] -- Installing: /home/ivan/ros2_ws/task3/ex02/install/turtlesim/include/turtlesim/turtlesim/srv/detail/set_pen__type_support.h
[41.745s] -- Installing: /home/ivan/ros2_ws/task3/ex02/install/turtlesim/include/turtlesim/turtlesim/srv/detail/teleport_absolute__type_support.h
[41.745s] -- Installing: /home/ivan/ros2_ws/task3/ex02/install/turtlesim/include/turtlesim/turtlesim/srv/detail/spawn__functions.c
[41.745s] -- Installing: /home/ivan/ros2_ws/task3/ex02/install/turtlesim/include/turtlesim/turtlesim/srv/detail/teleport_relative__type_support.h
[41.745s] -- Installing: /home/ivan/ros2_ws/task3/ex02/install/turtlesim/include/turtlesim/turtlesim/srv/detail/kill__functions.h
[41.746s] -- Installing: /home/ivan/ros2_ws/task3/ex02/install/turtlesim/include/turtlesim/turtlesim/srv/detail/spawn__functions.h
[41.746s] -- Installing: /home/ivan/ros2_ws/task3/ex02/install/turtlesim/include/turtlesim/turtlesim/srv/detail/kill__type_support.h
[41.746s] -- Installing: /home/ivan/ros2_ws/task3/ex02/install/turtlesim/include/turtlesim/turtlesim/srv/detail/set_pen__struct.h
[41.746s] -- Installing: /home/ivan/ros2_ws/task3/ex02/install/turtlesim/include/turtlesim/turtlesim/srv/detail/teleport_absolute__struct.h
[41.746s] -- Installing: /home/ivan/ros2_ws/task3/ex02/install/turtlesim/include/turtlesim/turtlesim/srv/teleport_absolute.h
[41.747s] -- Installing: /home/ivan/ros2_ws/task3/ex02/install/turtlesim/include/turtlesim/turtlesim/msg
[41.748s] -- Installing: /home/ivan/ros2_ws/task3/ex02/install/turtlesim/include/turtlesim/turtlesim/msg/color.h
[41.748s] -- Installing: /home/ivan/ros2_ws/task3/ex02/install/turtlesim/include/turtlesim/turtlesim/msg/pose.h
[41.748s] -- Installing: /home/ivan/ros2_ws/task3/ex02/install/turtlesim/include/turtlesim/turtlesim/msg/detail
[41.749s] -- Installing: /home/ivan/ros2_ws/task3/ex02/install/turtlesim/include/turtlesim/turtlesim/msg/detail/color__type_support.h
[41.749s] -- Installing: /home/ivan/ros2_ws/task3/ex02/install/turtlesim/include/turtlesim/turtlesim/msg/detail/pose__struct.h
[41.749s] -- Installing: /home/ivan/ros2_ws/task3/ex02/install/turtlesim/include/turtlesim/turtlesim/msg/detail/pose__type_support.h
[41.749s] -- Installing: /home/ivan/ros2_ws/task3/ex02/install/turtlesim/include/turtlesim/turtlesim/msg/detail/color__functions.c
[41.750s] -- Installing: /home/ivan/ros2_ws/task3/ex02/install/turtlesim/include/turtlesim/turtlesim/msg/detail/color__struct.h
[41.750s] -- Installing: /home/ivan/ros2_ws/task3/ex02/install/turtlesim/include/turtlesim/turtlesim/msg/detail/pose__functions.c
[41.750s] -- Installing: /home/ivan/ros2_ws/task3/ex02/install/turtlesim/include/turtlesim/turtlesim/msg/detail/pose__functions.h
[41.750s] -- Installing: /home/ivan/ros2_ws/task3/ex02/install/turtlesim/include/turtlesim/turtlesim/msg/detail/color__functions.h
[41.750s] -- Installing: /home/ivan/ros2_ws/task3/ex02/install/turtlesim/include/turtlesim/turtlesim/msg/rosidl_generator_c__visibility_control.h
[41.751s] -- Installing: /home/ivan/ros2_ws/task3/ex02/install/turtlesim/include/turtlesim/turtlesim/action
[41.751s] -- Installing: /home/ivan/ros2_ws/task3/ex02/install/turtlesim/include/turtlesim/turtlesim/action/detail
[41.752s] -- Installing: /home/ivan/ros2_ws/task3/ex02/install/turtlesim/include/turtlesim/turtlesim/action/detail/rotate_absolute__functions.h
[41.752s] -- Installing: /home/ivan/ros2_ws/task3/ex02/install/turtlesim/include/turtlesim/turtlesim/action/detail/rotate_absolute__type_support.h
[41.752s] -- Installing: /home/ivan/ros2_ws/task3/ex02/install/turtlesim/include/turtlesim/turtlesim/action/detail/rotate_absolute__functions.c
[41.752s] -- Installing: /home/ivan/ros2_ws/task3/ex02/install/turtlesim/include/turtlesim/turtlesim/action/detail/rotate_absolute__struct.h
[41.753s] -- Installing: /home/ivan/ros2_ws/task3/ex02/install/turtlesim/include/turtlesim/turtlesim/action/rotate_absolute.h
[41.754s] -- Installing: /home/ivan/ros2_ws/task3/ex02/install/turtlesim/share/turtlesim/environment/library_path.sh
[41.754s] -- Installing: /home/ivan/ros2_ws/task3/ex02/install/turtlesim/share/turtlesim/environment/library_path.dsv
[41.754s] -- Installing: /home/ivan/ros2_ws/task3/ex02/install/turtlesim/lib/libturtlesim__rosidl_generator_c.so
[41.755s] -- Set runtime path of "/home/ivan/ros2_ws/task3/ex02/install/turtlesim/lib/libturtlesim__rosidl_generator_c.so" to ""
[41.756s] -- Up-to-date: /home/ivan/ros2_ws/task3/ex02/install/turtlesim/include/turtlesim/turtlesim
[41.756s] -- Up-to-date: /home/ivan/ros2_ws/task3/ex02/install/turtlesim/include/turtlesim/turtlesim/srv
[41.758s] -- Up-to-date: /home/ivan/ros2_ws/task3/ex02/install/turtlesim/include/turtlesim/turtlesim/srv/detail
[41.758s] -- Installing: /home/ivan/ros2_ws/task3/ex02/install/turtlesim/include/turtlesim/turtlesim/srv/detail/set_pen__rosidl_typesupport_fastrtps_c.h
[41.758s] -- Installing: /home/ivan/ros2_ws/task3/ex02/install/turtlesim/include/turtlesim/turtlesim/srv/detail/teleport_relative__rosidl_typesupport_fastrtps_c.h
[41.758s] -- Installing: /home/ivan/ros2_ws/task3/ex02/install/turtlesim/include/turtlesim/turtlesim/srv/detail/kill__rosidl_typesupport_fastrtps_c.h
[41.758s] -- Installing: /home/ivan/ros2_ws/task3/ex02/install/turtlesim/include/turtlesim/turtlesim/srv/detail/teleport_absolute__rosidl_typesupport_fastrtps_c.h
[41.758s] -- Installing: /home/ivan/ros2_ws/task3/ex02/install/turtlesim/include/turtlesim/turtlesim/srv/detail/spawn__rosidl_typesupport_fastrtps_c.h
[41.758s] -- Up-to-date: /home/ivan/ros2_ws/task3/ex02/install/turtlesim/include/turtlesim/turtlesim/msg
[41.758s] -- Up-to-date: /home/ivan/ros2_ws/task3/ex02/install/turtlesim/include/turtlesim/turtlesim/msg/detail
[41.759s] -- Installing: /home/ivan/ros2_ws/task3/ex02/install/turtlesim/include/turtlesim/turtlesim/msg/detail/color__rosidl_typesupport_fastrtps_c.h
[41.759s] -- Installing: /home/ivan/ros2_ws/task3/ex02/install/turtlesim/include/turtlesim/turtlesim/msg/detail/pose__rosidl_typesupport_fastrtps_c.h
[41.759s] -- Installing: /home/ivan/ros2_ws/task3/ex02/install/turtlesim/include/turtlesim/turtlesim/msg/rosidl_typesupport_fastrtps_c__visibility_control.h
[41.759s] -- Up-to-date: /home/ivan/ros2_ws/task3/ex02/install/turtlesim/include/turtlesim/turtlesim/action
[41.759s] -- Up-to-date: /home/ivan/ros2_ws/task3/ex02/install/turtlesim/include/turtlesim/turtlesim/action/detail
[41.760s] -- Installing: /home/ivan/ros2_ws/task3/ex02/install/turtlesim/include/turtlesim/turtlesim/action/detail/rotate_absolute__rosidl_typesupport_fastrtps_c.h
[41.760s] -- Installing: /home/ivan/ros2_ws/task3/ex02/install/turtlesim/lib/libturtlesim__rosidl_typesupport_fastrtps_c.so
[41.760s] -- Set runtime path of "/home/ivan/ros2_ws/task3/ex02/install/turtlesim/lib/libturtlesim__rosidl_typesupport_fastrtps_c.so" to ""
[41.760s] -- Up-to-date: /home/ivan/ros2_ws/task3/ex02/install/turtlesim/include/turtlesim/turtlesim
[41.761s] -- Up-to-date: /home/ivan/ros2_ws/task3/ex02/install/turtlesim/include/turtlesim/turtlesim/srv
[41.761s] -- Installing: /home/ivan/ros2_ws/task3/ex02/install/turtlesim/include/turtlesim/turtlesim/srv/teleport_absolute.hpp
[41.761s] -- Installing: /home/ivan/ros2_ws/task3/ex02/install/turtlesim/include/turtlesim/turtlesim/srv/set_pen.hpp
[41.761s] -- Up-to-date: /home/ivan/ros2_ws/task3/ex02/install/turtlesim/include/turtlesim/turtlesim/srv/detail
[41.762s] -- Installing: /home/ivan/ros2_ws/task3/ex02/install/turtlesim/include/turtlesim/turtlesim/srv/detail/set_pen__builder.hpp
[41.762s] -- Installing: /home/ivan/ros2_ws/task3/ex02/install/turtlesim/include/turtlesim/turtlesim/srv/detail/spawn__type_support.hpp
[41.762s] -- Installing: /home/ivan/ros2_ws/task3/ex02/install/turtlesim/include/turtlesim/turtlesim/srv/detail/set_pen__type_support.hpp
[41.762s] -- Installing: /home/ivan/ros2_ws/task3/ex02/install/turtlesim/include/turtlesim/turtlesim/srv/detail/teleport_absolute__type_support.hpp
[41.763s] -- Installing: /home/ivan/ros2_ws/task3/ex02/install/turtlesim/include/turtlesim/turtlesim/srv/detail/teleport_relative__traits.hpp
[41.763s] -- Installing: /home/ivan/ros2_ws/task3/ex02/install/turtlesim/include/turtlesim/turtlesim/srv/detail/kill__builder.hpp
[41.763s] -- Installing: /home/ivan/ros2_ws/task3/ex02/install/turtlesim/include/turtlesim/turtlesim/srv/detail/teleport_relative__builder.hpp
[41.763s] -- Installing: /home/ivan/ros2_ws/task3/ex02/install/turtlesim/include/turtlesim/turtlesim/srv/detail/kill__traits.hpp
[41.764s] -- Installing: /home/ivan/ros2_ws/task3/ex02/install/turtlesim/include/turtlesim/turtlesim/srv/detail/spawn__struct.hpp
[41.764s] -- Installing: /home/ivan/ros2_ws/task3/ex02/install/turtlesim/include/turtlesim/turtlesim/srv/detail/set_pen__traits.hpp
[41.764s] -- Installing: /home/ivan/ros2_ws/task3/ex02/install/turtlesim/include/turtlesim/turtlesim/srv/detail/teleport_absolute__traits.hpp
[41.764s] -- Installing: /home/ivan/ros2_ws/task3/ex02/install/turtlesim/include/turtlesim/turtlesim/srv/detail/teleport_relative__type_support.hpp
[41.765s] -- Installing: /home/ivan/ros2_ws/task3/ex02/install/turtlesim/include/turtlesim/turtlesim/srv/detail/set_pen__struct.hpp
[41.765s] -- Installing: /home/ivan/ros2_ws/task3/ex02/install/turtlesim/include/turtlesim/turtlesim/srv/detail/spawn__builder.hpp
[41.765s] -- Installing: /home/ivan/ros2_ws/task3/ex02/install/turtlesim/include/turtlesim/turtlesim/srv/detail/teleport_absolute__struct.hpp
[41.765s] -- Installing: /home/ivan/ros2_ws/task3/ex02/install/turtlesim/include/turtlesim/turtlesim/srv/detail/teleport_relative__struct.hpp
[41.765s] -- Installing: /home/ivan/ros2_ws/task3/ex02/install/turtlesim/include/turtlesim/turtlesim/srv/detail/spawn__traits.hpp
[41.766s] -- Installing: /home/ivan/ros2_ws/task3/ex02/install/turtlesim/include/turtlesim/turtlesim/srv/detail/kill__type_support.hpp
[41.766s] -- Installing: /home/ivan/ros2_ws/task3/ex02/install/turtlesim/include/turtlesim/turtlesim/srv/detail/kill__struct.hpp
[41.766s] -- Installing: /home/ivan/ros2_ws/task3/ex02/install/turtlesim/include/turtlesim/turtlesim/srv/detail/teleport_absolute__builder.hpp
[41.767s] -- Installing: /home/ivan/ros2_ws/task3/ex02/install/turtlesim/include/turtlesim/turtlesim/srv/teleport_relative.hpp
[41.767s] -- Installing: /home/ivan/ros2_ws/task3/ex02/install/turtlesim/include/turtlesim/turtlesim/srv/spawn.hpp
[41.767s] -- Installing: /home/ivan/ros2_ws/task3/ex02/install/turtlesim/include/turtlesim/turtlesim/srv/kill.hpp
[41.767s] -- Up-to-date: /home/ivan/ros2_ws/task3/ex02/install/turtlesim/include/turtlesim/turtlesim/msg
[41.768s] -- Installing: /home/ivan/ros2_ws/task3/ex02/install/turtlesim/include/turtlesim/turtlesim/msg/rosidl_generator_cpp__visibility_control.hpp
[41.768s] -- Installing: /home/ivan/ros2_ws/task3/ex02/install/turtlesim/include/turtlesim/turtlesim/msg/pose.hpp
[41.768s] -- Up-to-date: /home/ivan/ros2_ws/task3/ex02/install/turtlesim/include/turtlesim/turtlesim/msg/detail
[41.769s] -- Installing: /home/ivan/ros2_ws/task3/ex02/install/turtlesim/include/turtlesim/turtlesim/msg/detail/pose__struct.hpp
[41.769s] -- Installing: /home/ivan/ros2_ws/task3/ex02/install/turtlesim/include/turtlesim/turtlesim/msg/detail/color__struct.hpp
[41.769s] -- Installing: /home/ivan/ros2_ws/task3/ex02/install/turtlesim/include/turtlesim/turtlesim/msg/detail/pose__builder.hpp
[41.769s] -- Installing: /home/ivan/ros2_ws/task3/ex02/install/turtlesim/include/turtlesim/turtlesim/msg/detail/color__traits.hpp
[41.769s] -- Installing: /home/ivan/ros2_ws/task3/ex02/install/turtlesim/include/turtlesim/turtlesim/msg/detail/pose__traits.hpp
[41.769s] -- Installing: /home/ivan/ros2_ws/task3/ex02/install/turtlesim/include/turtlesim/turtlesim/msg/detail/color__builder.hpp
[41.769s] -- Installing: /home/ivan/ros2_ws/task3/ex02/install/turtlesim/include/turtlesim/turtlesim/msg/detail/pose__type_support.hpp
[41.770s] -- Installing: /home/ivan/ros2_ws/task3/ex02/install/turtlesim/include/turtlesim/turtlesim/msg/detail/color__type_support.hpp
[41.770s] -- Installing: /home/ivan/ros2_ws/task3/ex02/install/turtlesim/include/turtlesim/turtlesim/msg/color.hpp
[41.770s] -- Up-to-date: /home/ivan/ros2_ws/task3/ex02/install/turtlesim/include/turtlesim/turtlesim/action
[41.770s] -- Installing: /home/ivan/ros2_ws/task3/ex02/install/turtlesim/include/turtlesim/turtlesim/action/rotate_absolute.hpp
[41.770s] -- Up-to-date: /home/ivan/ros2_ws/task3/ex02/install/turtlesim/include/turtlesim/turtlesim/action/detail
[41.771s] -- Installing: /home/ivan/ros2_ws/task3/ex02/install/turtlesim/include/turtlesim/turtlesim/action/detail/rotate_absolute__builder.hpp
[41.771s] -- Installing: /home/ivan/ros2_ws/task3/ex02/install/turtlesim/include/turtlesim/turtlesim/action/detail/rotate_absolute__type_support.hpp
[41.771s] -- Installing: /home/ivan/ros2_ws/task3/ex02/install/turtlesim/include/turtlesim/turtlesim/action/detail/rotate_absolute__traits.hpp
[41.771s] -- Installing: /home/ivan/ros2_ws/task3/ex02/install/turtlesim/include/turtlesim/turtlesim/action/detail/rotate_absolute__struct.hpp
[41.773s] -- Up-to-date: /home/ivan/ros2_ws/task3/ex02/install/turtlesim/include/turtlesim/turtlesim
[41.773s] -- Up-to-date: /home/ivan/ros2_ws/task3/ex02/install/turtlesim/include/turtlesim/turtlesim/srv
[41.773s] -- Up-to-date: /home/ivan/ros2_ws/task3/ex02/install/turtlesim/include/turtlesim/turtlesim/srv/detail
[41.773s] -- Installing: /home/ivan/ros2_ws/task3/ex02/install/turtlesim/include/turtlesim/turtlesim/srv/detail/spawn__rosidl_typesupport_fastrtps_cpp.hpp
[41.773s] -- Installing: /home/ivan/ros2_ws/task3/ex02/install/turtlesim/include/turtlesim/turtlesim/srv/detail/teleport_absolute__rosidl_typesupport_fastrtps_cpp.hpp
[41.774s] -- Installing: /home/ivan/ros2_ws/task3/ex02/install/turtlesim/include/turtlesim/turtlesim/srv/detail/set_pen__rosidl_typesupport_fastrtps_cpp.hpp
[41.774s] -- Installing: /home/ivan/ros2_ws/task3/ex02/install/turtlesim/include/turtlesim/turtlesim/srv/detail/dds_fastrtps
[41.774s] -- Installing: /home/ivan/ros2_ws/task3/ex02/install/turtlesim/include/turtlesim/turtlesim/srv/detail/teleport_relative__rosidl_typesupport_fastrtps_cpp.hpp
[41.774s] -- Installing: /home/ivan/ros2_ws/task3/ex02/install/turtlesim/include/turtlesim/turtlesim/srv/detail/kill__rosidl_typesupport_fastrtps_cpp.hpp
[41.774s] -- Up-to-date: /home/ivan/ros2_ws/task3/ex02/install/turtlesim/include/turtlesim/turtlesim/msg
[41.774s] -- Up-to-date: /home/ivan/ros2_ws/task3/ex02/install/turtlesim/include/turtlesim/turtlesim/msg/detail
[41.775s] -- Installing: /home/ivan/ros2_ws/task3/ex02/install/turtlesim/include/turtlesim/turtlesim/msg/detail/color__rosidl_typesupport_fastrtps_cpp.hpp
[41.775s] -- Installing: /home/ivan/ros2_ws/task3/ex02/install/turtlesim/include/turtlesim/turtlesim/msg/detail/dds_fastrtps
[41.775s] -- Installing: /home/ivan/ros2_ws/task3/ex02/install/turtlesim/include/turtlesim/turtlesim/msg/detail/pose__rosidl_typesupport_fastrtps_cpp.hpp
[41.775s] -- Installing: /home/ivan/ros2_ws/task3/ex02/install/turtlesim/include/turtlesim/turtlesim/msg/rosidl_typesupport_fastrtps_cpp__visibility_control.h
[41.775s] -- Up-to-date: /home/ivan/ros2_ws/task3/ex02/install/turtlesim/include/turtlesim/turtlesim/action
[41.775s] -- Up-to-date: /home/ivan/ros2_ws/task3/ex02/install/turtlesim/include/turtlesim/turtlesim/action/detail
[41.776s] -- Installing: /home/ivan/ros2_ws/task3/ex02/install/turtlesim/include/turtlesim/turtlesim/action/detail/dds_fastrtps
[41.776s] -- Installing: /home/ivan/ros2_ws/task3/ex02/install/turtlesim/include/turtlesim/turtlesim/action/detail/rotate_absolute__rosidl_typesupport_fastrtps_cpp.hpp
[41.776s] -- Installing: /home/ivan/ros2_ws/task3/ex02/install/turtlesim/lib/libturtlesim__rosidl_typesupport_fastrtps_cpp.so
[41.777s] -- Set runtime path of "/home/ivan/ros2_ws/task3/ex02/install/turtlesim/lib/libturtlesim__rosidl_typesupport_fastrtps_cpp.so" to ""
[41.777s] -- Up-to-date: /home/ivan/ros2_ws/task3/ex02/install/turtlesim/include/turtlesim/turtlesim
[41.777s] -- Up-to-date: /home/ivan/ros2_ws/task3/ex02/install/turtlesim/include/turtlesim/turtlesim/srv
[41.778s] -- Up-to-date: /home/ivan/ros2_ws/task3/ex02/install/turtlesim/include/turtlesim/turtlesim/srv/detail
[41.778s] -- Installing: /home/ivan/ros2_ws/task3/ex02/install/turtlesim/include/turtlesim/turtlesim/srv/detail/teleport_relative__rosidl_typesupport_introspection_c.h
[41.778s] -- Installing: /home/ivan/ros2_ws/task3/ex02/install/turtlesim/include/turtlesim/turtlesim/srv/detail/set_pen__type_support.c
[41.778s] -- Installing: /home/ivan/ros2_ws/task3/ex02/install/turtlesim/include/turtlesim/turtlesim/srv/detail/kill__rosidl_typesupport_introspection_c.h
[41.778s] -- Installing: /home/ivan/ros2_ws/task3/ex02/install/turtlesim/include/turtlesim/turtlesim/srv/detail/kill__type_support.c
[41.779s] -- Installing: /home/ivan/ros2_ws/task3/ex02/install/turtlesim/include/turtlesim/turtlesim/srv/detail/teleport_relative__type_support.c
[41.779s] -- Installing: /home/ivan/ros2_ws/task3/ex02/install/turtlesim/include/turtlesim/turtlesim/srv/detail/set_pen__rosidl_typesupport_introspection_c.h
[41.779s] -- Installing: /home/ivan/ros2_ws/task3/ex02/install/turtlesim/include/turtlesim/turtlesim/srv/detail/spawn__type_support.c
[41.779s] -- Installing: /home/ivan/ros2_ws/task3/ex02/install/turtlesim/include/turtlesim/turtlesim/srv/detail/spawn__rosidl_typesupport_introspection_c.h
[41.779s] -- Installing: /home/ivan/ros2_ws/task3/ex02/install/turtlesim/include/turtlesim/turtlesim/srv/detail/teleport_absolute__rosidl_typesupport_introspection_c.h
[41.780s] -- Installing: /home/ivan/ros2_ws/task3/ex02/install/turtlesim/include/turtlesim/turtlesim/srv/detail/teleport_absolute__type_support.c
[41.780s] -- Up-to-date: /home/ivan/ros2_ws/task3/ex02/install/turtlesim/include/turtlesim/turtlesim/msg
[41.780s] -- Up-to-date: /home/ivan/ros2_ws/task3/ex02/install/turtlesim/include/turtlesim/turtlesim/msg/detail
[41.780s] -- Installing: /home/ivan/ros2_ws/task3/ex02/install/turtlesim/include/turtlesim/turtlesim/msg/detail/color__rosidl_typesupport_introspection_c.h
[41.781s] -- Installing: /home/ivan/ros2_ws/task3/ex02/install/turtlesim/include/turtlesim/turtlesim/msg/detail/color__type_support.c
[41.781s] -- Installing: /home/ivan/ros2_ws/task3/ex02/install/turtlesim/include/turtlesim/turtlesim/msg/detail/pose__rosidl_typesupport_introspection_c.h
[41.781s] -- Installing: /home/ivan/ros2_ws/task3/ex02/install/turtlesim/include/turtlesim/turtlesim/msg/detail/pose__type_support.c
[41.782s] -- Installing: /home/ivan/ros2_ws/task3/ex02/install/turtlesim/include/turtlesim/turtlesim/msg/rosidl_typesupport_introspection_c__visibility_control.h
[41.782s] -- Up-to-date: /home/ivan/ros2_ws/task3/ex02/install/turtlesim/include/turtlesim/turtlesim/action
[41.782s] -- Up-to-date: /home/ivan/ros2_ws/task3/ex02/install/turtlesim/include/turtlesim/turtlesim/action/detail
[41.782s] -- Installing: /home/ivan/ros2_ws/task3/ex02/install/turtlesim/include/turtlesim/turtlesim/action/detail/rotate_absolute__type_support.c
[41.783s] -- Installing: /home/ivan/ros2_ws/task3/ex02/install/turtlesim/include/turtlesim/turtlesim/action/detail/rotate_absolute__rosidl_typesupport_introspection_c.h
[41.783s] -- Installing: /home/ivan/ros2_ws/task3/ex02/install/turtlesim/lib/libturtlesim__rosidl_typesupport_introspection_c.so
[41.783s] -- Set runtime path of "/home/ivan/ros2_ws/task3/ex02/install/turtlesim/lib/libturtlesim__rosidl_typesupport_introspection_c.so" to ""
[41.783s] -- Installing: /home/ivan/ros2_ws/task3/ex02/install/turtlesim/lib/libturtlesim__rosidl_typesupport_c.so
[41.784s] -- Set runtime path of "/home/ivan/ros2_ws/task3/ex02/install/turtlesim/lib/libturtlesim__rosidl_typesupport_c.so" to ""
[41.784s] -- Up-to-date: /home/ivan/ros2_ws/task3/ex02/install/turtlesim/include/turtlesim/turtlesim
[41.784s] -- Up-to-date: /home/ivan/ros2_ws/task3/ex02/install/turtlesim/include/turtlesim/turtlesim/srv
[41.784s] -- Up-to-date: /home/ivan/ros2_ws/task3/ex02/install/turtlesim/include/turtlesim/turtlesim/srv/detail
[41.784s] -- Installing: /home/ivan/ros2_ws/task3/ex02/install/turtlesim/include/turtlesim/turtlesim/srv/detail/set_pen__type_support.cpp
[41.785s] -- Installing: /home/ivan/ros2_ws/task3/ex02/install/turtlesim/include/turtlesim/turtlesim/srv/detail/teleport_relative__type_support.cpp
[41.785s] -- Installing: /home/ivan/ros2_ws/task3/ex02/install/turtlesim/include/turtlesim/turtlesim/srv/detail/spawn__rosidl_typesupport_introspection_cpp.hpp
[41.785s] -- Installing: /home/ivan/ros2_ws/task3/ex02/install/turtlesim/include/turtlesim/turtlesim/srv/detail/spawn__type_support.cpp
[41.785s] -- Installing: /home/ivan/ros2_ws/task3/ex02/install/turtlesim/include/turtlesim/turtlesim/srv/detail/teleport_absolute__type_support.cpp
[41.786s] -- Installing: /home/ivan/ros2_ws/task3/ex02/install/turtlesim/include/turtlesim/turtlesim/srv/detail/set_pen__rosidl_typesupport_introspection_cpp.hpp
[41.786s] -- Installing: /home/ivan/ros2_ws/task3/ex02/install/turtlesim/include/turtlesim/turtlesim/srv/detail/kill__rosidl_typesupport_introspection_cpp.hpp
[41.786s] -- Installing: /home/ivan/ros2_ws/task3/ex02/install/turtlesim/include/turtlesim/turtlesim/srv/detail/teleport_relative__rosidl_typesupport_introspection_cpp.hpp
[41.786s] -- Installing: /home/ivan/ros2_ws/task3/ex02/install/turtlesim/include/turtlesim/turtlesim/srv/detail/teleport_absolute__rosidl_typesupport_introspection_cpp.hpp
[41.787s] -- Installing: /home/ivan/ros2_ws/task3/ex02/install/turtlesim/include/turtlesim/turtlesim/srv/detail/kill__type_support.cpp
[41.787s] -- Up-to-date: /home/ivan/ros2_ws/task3/ex02/install/turtlesim/include/turtlesim/turtlesim/msg
[41.788s] -- Up-to-date: /home/ivan/ros2_ws/task3/ex02/install/turtlesim/include/turtlesim/turtlesim/msg/detail
[41.788s] -- Installing: /home/ivan/ros2_ws/task3/ex02/install/turtlesim/include/turtlesim/turtlesim/msg/detail/color__rosidl_typesupport_introspection_cpp.hpp
[41.788s] -- Installing: /home/ivan/ros2_ws/task3/ex02/install/turtlesim/include/turtlesim/turtlesim/msg/detail/pose__type_support.cpp
[41.789s] -- Installing: /home/ivan/ros2_ws/task3/ex02/install/turtlesim/include/turtlesim/turtlesim/msg/detail/pose__rosidl_typesupport_introspection_cpp.hpp
[41.789s] -- Installing: /home/ivan/ros2_ws/task3/ex02/install/turtlesim/include/turtlesim/turtlesim/msg/detail/color__type_support.cpp
[41.789s] -- Up-to-date: /home/ivan/ros2_ws/task3/ex02/install/turtlesim/include/turtlesim/turtlesim/action
[41.789s] -- Up-to-date: /home/ivan/ros2_ws/task3/ex02/install/turtlesim/include/turtlesim/turtlesim/action/detail
[41.790s] -- Installing: /home/ivan/ros2_ws/task3/ex02/install/turtlesim/include/turtlesim/turtlesim/action/detail/rotate_absolute__type_support.cpp
[41.790s] -- Installing: /home/ivan/ros2_ws/task3/ex02/install/turtlesim/include/turtlesim/turtlesim/action/detail/rotate_absolute__rosidl_typesupport_introspection_cpp.hpp
[41.790s] -- Installing: /home/ivan/ros2_ws/task3/ex02/install/turtlesim/lib/libturtlesim__rosidl_typesupport_introspection_cpp.so
[41.790s] -- Set runtime path of "/home/ivan/ros2_ws/task3/ex02/install/turtlesim/lib/libturtlesim__rosidl_typesupport_introspection_cpp.so" to ""
[41.790s] -- Installing: /home/ivan/ros2_ws/task3/ex02/install/turtlesim/lib/libturtlesim__rosidl_typesupport_cpp.so
[41.791s] -- Set runtime path of "/home/ivan/ros2_ws/task3/ex02/install/turtlesim/lib/libturtlesim__rosidl_typesupport_cpp.so" to ""
[41.791s] -- Installing: /home/ivan/ros2_ws/task3/ex02/install/turtlesim/share/turtlesim/environment/pythonpath.sh
[41.791s] -- Installing: /home/ivan/ros2_ws/task3/ex02/install/turtlesim/share/turtlesim/environment/pythonpath.dsv
[41.791s] -- Installing: /home/ivan/ros2_ws/task3/ex02/install/turtlesim/local/lib/python3.10/dist-packages/turtlesim-1.4.3-py3.10.egg-info
[41.793s] -- Installing: /home/ivan/ros2_ws/task3/ex02/install/turtlesim/local/lib/python3.10/dist-packages/turtlesim-1.4.3-py3.10.egg-info/PKG-INFO
[41.793s] -- Installing: /home/ivan/ros2_ws/task3/ex02/install/turtlesim/local/lib/python3.10/dist-packages/turtlesim-1.4.3-py3.10.egg-info/top_level.txt
[41.794s] -- Installing: /home/ivan/ros2_ws/task3/ex02/install/turtlesim/local/lib/python3.10/dist-packages/turtlesim-1.4.3-py3.10.egg-info/dependency_links.txt
[41.794s] -- Installing: /home/ivan/ros2_ws/task3/ex02/install/turtlesim/local/lib/python3.10/dist-packages/turtlesim-1.4.3-py3.10.egg-info/SOURCES.txt
[41.794s] -- Installing: /home/ivan/ros2_ws/task3/ex02/install/turtlesim/local/lib/python3.10/dist-packages/turtlesim
[41.794s] -- Installing: /home/ivan/ros2_ws/task3/ex02/install/turtlesim/local/lib/python3.10/dist-packages/turtlesim/_turtlesim_s.ep.rosidl_typesupport_introspection_c.c
[41.795s] -- Installing: /home/ivan/ros2_ws/task3/ex02/install/turtlesim/local/lib/python3.10/dist-packages/turtlesim/srv
[41.795s] -- Installing: /home/ivan/ros2_ws/task3/ex02/install/turtlesim/local/lib/python3.10/dist-packages/turtlesim/srv/_set_pen_s.c
[41.795s] -- Installing: /home/ivan/ros2_ws/task3/ex02/install/turtlesim/local/lib/python3.10/dist-packages/turtlesim/srv/_set_pen.py
[41.796s] -- Installing: /home/ivan/ros2_ws/task3/ex02/install/turtlesim/local/lib/python3.10/dist-packages/turtlesim/srv/_kill_s.c
[41.796s] -- Installing: /home/ivan/ros2_ws/task3/ex02/install/turtlesim/local/lib/python3.10/dist-packages/turtlesim/srv/_teleport_relative.py
[41.796s] -- Installing: /home/ivan/ros2_ws/task3/ex02/install/turtlesim/local/lib/python3.10/dist-packages/turtlesim/srv/_teleport_absolute.py
[41.796s] -- Installing: /home/ivan/ros2_ws/task3/ex02/install/turtlesim/local/lib/python3.10/dist-packages/turtlesim/srv/_teleport_absolute_s.c
[41.797s] -- Installing: /home/ivan/ros2_ws/task3/ex02/install/turtlesim/local/lib/python3.10/dist-packages/turtlesim/srv/__init__.py
[41.797s] -- Installing: /home/ivan/ros2_ws/task3/ex02/install/turtlesim/local/lib/python3.10/dist-packages/turtlesim/srv/_spawn_s.c
[41.797s] -- Installing: /home/ivan/ros2_ws/task3/ex02/install/turtlesim/local/lib/python3.10/dist-packages/turtlesim/srv/_spawn.py
[41.798s] -- Installing: /home/ivan/ros2_ws/task3/ex02/install/turtlesim/local/lib/python3.10/dist-packages/turtlesim/srv/_kill.py
[41.798s] -- Installing: /home/ivan/ros2_ws/task3/ex02/install/turtlesim/local/lib/python3.10/dist-packages/turtlesim/srv/_teleport_relative_s.c
[41.798s] -- Installing: /home/ivan/ros2_ws/task3/ex02/install/turtlesim/local/lib/python3.10/dist-packages/turtlesim/_turtlesim_s.ep.rosidl_typesupport_fastrtps_c.c
[41.799s] -- Installing: /home/ivan/ros2_ws/task3/ex02/install/turtlesim/local/lib/python3.10/dist-packages/turtlesim/turtlesim_s__rosidl_typesupport_introspection_c.cpython-310-x86_64-linux-gnu.so
[41.799s] -- Installing: /home/ivan/ros2_ws/task3/ex02/install/turtlesim/local/lib/python3.10/dist-packages/turtlesim/libturtlesim__rosidl_generator_py.so
[41.799s] -- Installing: /home/ivan/ros2_ws/task3/ex02/install/turtlesim/local/lib/python3.10/dist-packages/turtlesim/turtlesim_s__rosidl_typesupport_fastrtps_c.cpython-310-x86_64-linux-gnu.so
[41.800s] -- Installing: /home/ivan/ros2_ws/task3/ex02/install/turtlesim/local/lib/python3.10/dist-packages/turtlesim/__init__.py
[41.800s] -- Installing: /home/ivan/ros2_ws/task3/ex02/install/turtlesim/local/lib/python3.10/dist-packages/turtlesim/_turtlesim_s.ep.rosidl_typesupport_c.c
[41.800s] -- Installing: /home/ivan/ros2_ws/task3/ex02/install/turtlesim/local/lib/python3.10/dist-packages/turtlesim/msg
[41.801s] -- Installing: /home/ivan/ros2_ws/task3/ex02/install/turtlesim/local/lib/python3.10/dist-packages/turtlesim/msg/_pose.py
[41.801s] -- Installing: /home/ivan/ros2_ws/task3/ex02/install/turtlesim/local/lib/python3.10/dist-packages/turtlesim/msg/_color_s.c
[41.801s] -- Installing: /home/ivan/ros2_ws/task3/ex02/install/turtlesim/local/lib/python3.10/dist-packages/turtlesim/msg/__init__.py
[41.801s] -- Installing: /home/ivan/ros2_ws/task3/ex02/install/turtlesim/local/lib/python3.10/dist-packages/turtlesim/msg/_pose_s.c
[41.802s] -- Installing: /home/ivan/ros2_ws/task3/ex02/install/turtlesim/local/lib/python3.10/dist-packages/turtlesim/msg/_color.py
[41.803s] -- Installing: /home/ivan/ros2_ws/task3/ex02/install/turtlesim/local/lib/python3.10/dist-packages/turtlesim/action
[41.803s] -- Installing: /home/ivan/ros2_ws/task3/ex02/install/turtlesim/local/lib/python3.10/dist-packages/turtlesim/action/__init__.py
[41.804s] -- Installing: /home/ivan/ros2_ws/task3/ex02/install/turtlesim/local/lib/python3.10/dist-packages/turtlesim/action/_rotate_absolute.py
[41.804s] -- Installing: /home/ivan/ros2_ws/task3/ex02/install/turtlesim/local/lib/python3.10/dist-packages/turtlesim/action/_rotate_absolute_s.c
[41.804s] -- Installing: /home/ivan/ros2_ws/task3/ex02/install/turtlesim/local/lib/python3.10/dist-packages/turtlesim/turtlesim_s__rosidl_typesupport_c.cpython-310-x86_64-linux-gnu.so
[41.871s] Listing '/home/ivan/ros2_ws/task3/ex02/install/turtlesim/local/lib/python3.10/dist-packages/turtlesim'...
[41.871s] Compiling '/home/ivan/ros2_ws/task3/ex02/install/turtlesim/local/lib/python3.10/dist-packages/turtlesim/__init__.py'...
[41.871s] Listing '/home/ivan/ros2_ws/task3/ex02/install/turtlesim/local/lib/python3.10/dist-packages/turtlesim/action'...
[41.871s] Compiling '/home/ivan/ros2_ws/task3/ex02/install/turtlesim/local/lib/python3.10/dist-packages/turtlesim/action/__init__.py'...
[41.872s] Compiling '/home/ivan/ros2_ws/task3/ex02/install/turtlesim/local/lib/python3.10/dist-packages/turtlesim/action/_rotate_absolute.py'...
[41.872s] Listing '/home/ivan/ros2_ws/task3/ex02/install/turtlesim/local/lib/python3.10/dist-packages/turtlesim/msg'...
[41.872s] Compiling '/home/ivan/ros2_ws/task3/ex02/install/turtlesim/local/lib/python3.10/dist-packages/turtlesim/msg/__init__.py'...
[41.872s] Compiling '/home/ivan/ros2_ws/task3/ex02/install/turtlesim/local/lib/python3.10/dist-packages/turtlesim/msg/_color.py'...
[41.872s] Compiling '/home/ivan/ros2_ws/task3/ex02/install/turtlesim/local/lib/python3.10/dist-packages/turtlesim/msg/_pose.py'...
[41.872s] Listing '/home/ivan/ros2_ws/task3/ex02/install/turtlesim/local/lib/python3.10/dist-packages/turtlesim/srv'...
[41.872s] Compiling '/home/ivan/ros2_ws/task3/ex02/install/turtlesim/local/lib/python3.10/dist-packages/turtlesim/srv/__init__.py'...
[41.872s] Compiling '/home/ivan/ros2_ws/task3/ex02/install/turtlesim/local/lib/python3.10/dist-packages/turtlesim/srv/_kill.py'...
[41.872s] Compiling '/home/ivan/ros2_ws/task3/ex02/install/turtlesim/local/lib/python3.10/dist-packages/turtlesim/srv/_set_pen.py'...
[41.873s] Compiling '/home/ivan/ros2_ws/task3/ex02/install/turtlesim/local/lib/python3.10/dist-packages/turtlesim/srv/_spawn.py'...
[41.873s] Compiling '/home/ivan/ros2_ws/task3/ex02/install/turtlesim/local/lib/python3.10/dist-packages/turtlesim/srv/_teleport_absolute.py'...
[41.873s] Compiling '/home/ivan/ros2_ws/task3/ex02/install/turtlesim/local/lib/python3.10/dist-packages/turtlesim/srv/_teleport_relative.py'...
[41.877s] -- Installing: /home/ivan/ros2_ws/task3/ex02/install/turtlesim/local/lib/python3.10/dist-packages/turtlesim/turtlesim_s__rosidl_typesupport_fastrtps_c.cpython-310-x86_64-linux-gnu.so
[41.878s] -- Set runtime path of "/home/ivan/ros2_ws/task3/ex02/install/turtlesim/local/lib/python3.10/dist-packages/turtlesim/turtlesim_s__rosidl_typesupport_fastrtps_c.cpython-310-x86_64-linux-gnu.so" to ""
[41.879s] -- Installing: /home/ivan/ros2_ws/task3/ex02/install/turtlesim/local/lib/python3.10/dist-packages/turtlesim/turtlesim_s__rosidl_typesupport_introspection_c.cpython-310-x86_64-linux-gnu.so
[41.879s] -- Set runtime path of "/home/ivan/ros2_ws/task3/ex02/install/turtlesim/local/lib/python3.10/dist-packages/turtlesim/turtlesim_s__rosidl_typesupport_introspection_c.cpython-310-x86_64-linux-gnu.so" to ""
[41.879s] -- Installing: /home/ivan/ros2_ws/task3/ex02/install/turtlesim/local/lib/python3.10/dist-packages/turtlesim/turtlesim_s__rosidl_typesupport_c.cpython-310-x86_64-linux-gnu.so
[41.880s] -- Set runtime path of "/home/ivan/ros2_ws/task3/ex02/install/turtlesim/local/lib/python3.10/dist-packages/turtlesim/turtlesim_s__rosidl_typesupport_c.cpython-310-x86_64-linux-gnu.so" to ""
[41.880s] -- Installing: /home/ivan/ros2_ws/task3/ex02/install/turtlesim/lib/libturtlesim__rosidl_generator_py.so
[41.881s] -- Set runtime path of "/home/ivan/ros2_ws/task3/ex02/install/turtlesim/lib/libturtlesim__rosidl_generator_py.so" to ""
[41.881s] -- Installing: /home/ivan/ros2_ws/task3/ex02/install/turtlesim/share/turtlesim/action/RotateAbsolute.idl
[41.882s] -- Installing: /home/ivan/ros2_ws/task3/ex02/install/turtlesim/share/turtlesim/msg/Color.idl
[41.882s] -- Installing: /home/ivan/ros2_ws/task3/ex02/install/turtlesim/share/turtlesim/msg/Pose.idl
[41.883s] -- Installing: /home/ivan/ros2_ws/task3/ex02/install/turtlesim/share/turtlesim/srv/Kill.idl
[41.883s] -- Installing: /home/ivan/ros2_ws/task3/ex02/install/turtlesim/share/turtlesim/srv/SetPen.idl
[41.883s] -- Installing: /home/ivan/ros2_ws/task3/ex02/install/turtlesim/share/turtlesim/srv/Spawn.idl
[41.884s] -- Installing: /home/ivan/ros2_ws/task3/ex02/install/turtlesim/share/turtlesim/srv/TeleportAbsolute.idl
[41.884s] -- Installing: /home/ivan/ros2_ws/task3/ex02/install/turtlesim/share/turtlesim/srv/TeleportRelative.idl
[41.884s] -- Installing: /home/ivan/ros2_ws/task3/ex02/install/turtlesim/share/turtlesim/action/RotateAbsolute.action
[41.884s] -- Installing: /home/ivan/ros2_ws/task3/ex02/install/turtlesim/share/turtlesim/msg/Color.msg
[41.885s] -- Installing: /home/ivan/ros2_ws/task3/ex02/install/turtlesim/share/turtlesim/msg/Pose.msg
[41.885s] -- Installing: /home/ivan/ros2_ws/task3/ex02/install/turtlesim/share/turtlesim/srv/Kill.srv
[41.885s] -- Installing: /home/ivan/ros2_ws/task3/ex02/install/turtlesim/share/turtlesim/srv/Kill_Request.msg
[41.885s] -- Installing: /home/ivan/ros2_ws/task3/ex02/install/turtlesim/share/turtlesim/srv/Kill_Response.msg
[41.886s] -- Installing: /home/ivan/ros2_ws/task3/ex02/install/turtlesim/share/turtlesim/srv/SetPen.srv
[41.886s] -- Installing: /home/ivan/ros2_ws/task3/ex02/install/turtlesim/share/turtlesim/srv/SetPen_Request.msg
[41.886s] -- Installing: /home/ivan/ros2_ws/task3/ex02/install/turtlesim/share/turtlesim/srv/SetPen_Response.msg
[41.887s] -- Installing: /home/ivan/ros2_ws/task3/ex02/install/turtlesim/share/turtlesim/srv/Spawn.srv
[41.887s] -- Installing: /home/ivan/ros2_ws/task3/ex02/install/turtlesim/share/turtlesim/srv/Spawn_Request.msg
[41.887s] -- Installing: /home/ivan/ros2_ws/task3/ex02/install/turtlesim/share/turtlesim/srv/Spawn_Response.msg
[41.888s] -- Installing: /home/ivan/ros2_ws/task3/ex02/install/turtlesim/share/turtlesim/srv/TeleportAbsolute.srv
[41.888s] -- Installing: /home/ivan/ros2_ws/task3/ex02/install/turtlesim/share/turtlesim/srv/TeleportAbsolute_Request.msg
[41.888s] -- Installing: /home/ivan/ros2_ws/task3/ex02/install/turtlesim/share/turtlesim/srv/TeleportAbsolute_Response.msg
[41.888s] -- Installing: /home/ivan/ros2_ws/task3/ex02/install/turtlesim/share/turtlesim/srv/TeleportRelative.srv
[41.889s] -- Installing: /home/ivan/ros2_ws/task3/ex02/install/turtlesim/share/turtlesim/srv/TeleportRelative_Request.msg
[41.889s] -- Installing: /home/ivan/ros2_ws/task3/ex02/install/turtlesim/share/turtlesim/srv/TeleportRelative_Response.msg
[41.890s] -- Installing: /home/ivan/ros2_ws/task3/ex02/install/turtlesim/lib/turtlesim/turtlesim_node
[41.901s] -- Set runtime path of "/home/ivan/ros2_ws/task3/ex02/install/turtlesim/lib/turtlesim/turtlesim_node" to ""
[41.901s] -- Installing: /home/ivan/ros2_ws/task3/ex02/install/turtlesim/lib/turtlesim/turtle_teleop_key
[41.904s] -- Set runtime path of "/home/ivan/ros2_ws/task3/ex02/install/turtlesim/lib/turtlesim/turtle_teleop_key" to ""
[41.904s] -- Installing: /home/ivan/ros2_ws/task3/ex02/install/turtlesim/lib/turtlesim/draw_square
[41.910s] -- Set runtime path of "/home/ivan/ros2_ws/task3/ex02/install/turtlesim/lib/turtlesim/draw_square" to ""
[41.910s] -- Installing: /home/ivan/ros2_ws/task3/ex02/install/turtlesim/lib/turtlesim/mimic
[41.915s] -- Set runtime path of "/home/ivan/ros2_ws/task3/ex02/install/turtlesim/lib/turtlesim/mimic" to ""
[41.916s] -- Installing: /home/ivan/ros2_ws/task3/ex02/install/turtlesim/share/turtlesim/images
[41.916s] -- Installing: /home/ivan/ros2_ws/task3/ex02/install/turtlesim/share/turtlesim/images/galactic.png
[41.917s] -- Installing: /home/ivan/ros2_ws/task3/ex02/install/turtlesim/share/turtlesim/images/crystal.png
[41.917s] -- Installing: /home/ivan/ros2_ws/task3/ex02/install/turtlesim/share/turtlesim/images/foxy.png
[41.918s] -- Installing: /home/ivan/ros2_ws/task3/ex02/install/turtlesim/share/turtlesim/images/eloquent.png
[41.918s] -- Installing: /home/ivan/ros2_ws/task3/ex02/install/turtlesim/share/turtlesim/images/rolling.png
[41.919s] -- Installing: /home/ivan/ros2_ws/task3/ex02/install/turtlesim/share/turtlesim/images/dashing.png
[41.920s] -- Installing: /home/ivan/ros2_ws/task3/ex02/install/turtlesim/share/turtlesim/images/ardent.png
[41.920s] -- Installing: /home/ivan/ros2_ws/task3/ex02/install/turtlesim/share/turtlesim/images/humble.png
[41.921s] -- Installing: /home/ivan/ros2_ws/task3/ex02/install/turtlesim/share/turtlesim/images/bouncy.png
[41.921s] -- Installing: /home/ivan/ros2_ws/task3/ex02/install/turtlesim/share/turtlesim/launch
[41.923s] -- Installing: /home/ivan/ros2_ws/task3/ex02/install/turtlesim/share/turtlesim/launch/multisim.launch.py
[41.924s] -- Installing: /home/ivan/ros2_ws/task3/ex02/install/turtlesim/share/ament_index/resource_index/package_run_dependencies/turtlesim
[41.924s] -- Installing: /home/ivan/ros2_ws/task3/ex02/install/turtlesim/share/ament_index/resource_index/parent_prefix_path/turtlesim
[41.924s] -- Installing: /home/ivan/ros2_ws/task3/ex02/install/turtlesim/share/turtlesim/environment/ament_prefix_path.sh
[41.925s] -- Installing: /home/ivan/ros2_ws/task3/ex02/install/turtlesim/share/turtlesim/environment/ament_prefix_path.dsv
[41.925s] -- Installing: /home/ivan/ros2_ws/task3/ex02/install/turtlesim/share/turtlesim/environment/path.sh
[41.925s] -- Installing: /home/ivan/ros2_ws/task3/ex02/install/turtlesim/share/turtlesim/environment/path.dsv
[41.925s] -- Installing: /home/ivan/ros2_ws/task3/ex02/install/turtlesim/share/turtlesim/local_setup.bash
[41.926s] -- Installing: /home/ivan/ros2_ws/task3/ex02/install/turtlesim/share/turtlesim/local_setup.sh
[41.926s] -- Installing: /home/ivan/ros2_ws/task3/ex02/install/turtlesim/share/turtlesim/local_setup.zsh
[41.926s] -- Installing: /home/ivan/ros2_ws/task3/ex02/install/turtlesim/share/turtlesim/local_setup.dsv
[41.926s] -- Installing: /home/ivan/ros2_ws/task3/ex02/install/turtlesim/share/turtlesim/package.dsv
[41.927s] -- Installing: /home/ivan/ros2_ws/task3/ex02/install/turtlesim/share/ament_index/resource_index/packages/turtlesim
[41.928s] -- Installing: /home/ivan/ros2_ws/task3/ex02/install/turtlesim/share/turtlesim/cmake/export_turtlesim__rosidl_generator_cExport.cmake
[41.928s] -- Installing: /home/ivan/ros2_ws/task3/ex02/install/turtlesim/share/turtlesim/cmake/export_turtlesim__rosidl_generator_cExport-noconfig.cmake
[41.928s] -- Installing: /home/ivan/ros2_ws/task3/ex02/install/turtlesim/share/turtlesim/cmake/export_turtlesim__rosidl_typesupport_fastrtps_cExport.cmake
[41.928s] -- Installing: /home/ivan/ros2_ws/task3/ex02/install/turtlesim/share/turtlesim/cmake/export_turtlesim__rosidl_typesupport_fastrtps_cExport-noconfig.cmake
[41.929s] -- Installing: /home/ivan/ros2_ws/task3/ex02/install/turtlesim/share/turtlesim/cmake/export_turtlesim__rosidl_generator_cppExport.cmake
[41.929s] -- Installing: /home/ivan/ros2_ws/task3/ex02/install/turtlesim/share/turtlesim/cmake/export_turtlesim__rosidl_typesupport_fastrtps_cppExport.cmake
[41.930s] -- Installing: /home/ivan/ros2_ws/task3/ex02/install/turtlesim/share/turtlesim/cmake/export_turtlesim__rosidl_typesupport_fastrtps_cppExport-noconfig.cmake
[41.930s] -- Installing: /home/ivan/ros2_ws/task3/ex02/install/turtlesim/share/turtlesim/cmake/turtlesim__rosidl_typesupport_introspection_cExport.cmake
[41.930s] -- Installing: /home/ivan/ros2_ws/task3/ex02/install/turtlesim/share/turtlesim/cmake/turtlesim__rosidl_typesupport_introspection_cExport-noconfig.cmake
[41.930s] -- Installing: /home/ivan/ros2_ws/task3/ex02/install/turtlesim/share/turtlesim/cmake/turtlesim__rosidl_typesupport_cExport.cmake
[41.931s] -- Installing: /home/ivan/ros2_ws/task3/ex02/install/turtlesim/share/turtlesim/cmake/turtlesim__rosidl_typesupport_cExport-noconfig.cmake
[41.931s] -- Installing: /home/ivan/ros2_ws/task3/ex02/install/turtlesim/share/turtlesim/cmake/turtlesim__rosidl_typesupport_introspection_cppExport.cmake
[41.931s] -- Installing: /home/ivan/ros2_ws/task3/ex02/install/turtlesim/share/turtlesim/cmake/turtlesim__rosidl_typesupport_introspection_cppExport-noconfig.cmake
[41.931s] -- Installing: /home/ivan/ros2_ws/task3/ex02/install/turtlesim/share/turtlesim/cmake/turtlesim__rosidl_typesupport_cppExport.cmake
[41.932s] -- Installing: /home/ivan/ros2_ws/task3/ex02/install/turtlesim/share/turtlesim/cmake/turtlesim__rosidl_typesupport_cppExport-noconfig.cmake
[41.932s] -- Installing: /home/ivan/ros2_ws/task3/ex02/install/turtlesim/share/turtlesim/cmake/export_turtlesim__rosidl_generator_pyExport.cmake
[41.932s] -- Installing: /home/ivan/ros2_ws/task3/ex02/install/turtlesim/share/turtlesim/cmake/export_turtlesim__rosidl_generator_pyExport-noconfig.cmake
[41.932s] -- Installing: /home/ivan/ros2_ws/task3/ex02/install/turtlesim/share/turtlesim/cmake/rosidl_cmake-extras.cmake
[41.933s] -- Installing: /home/ivan/ros2_ws/task3/ex02/install/turtlesim/share/turtlesim/cmake/ament_cmake_export_dependencies-extras.cmake
[41.933s] -- Installing: /home/ivan/ros2_ws/task3/ex02/install/turtlesim/share/turtlesim/cmake/ament_cmake_export_include_directories-extras.cmake
[41.933s] -- Installing: /home/ivan/ros2_ws/task3/ex02/install/turtlesim/share/turtlesim/cmake/ament_cmake_export_libraries-extras.cmake
[41.934s] -- Installing: /home/ivan/ros2_ws/task3/ex02/install/turtlesim/share/turtlesim/cmake/ament_cmake_export_targets-extras.cmake
[41.934s] -- Installing: /home/ivan/ros2_ws/task3/ex02/install/turtlesim/share/turtlesim/cmake/rosidl_cmake_export_typesupport_targets-extras.cmake
[41.934s] -- Installing: /home/ivan/ros2_ws/task3/ex02/install/turtlesim/share/turtlesim/cmake/rosidl_cmake_export_typesupport_libraries-extras.cmake
[41.934s] -- Installing: /home/ivan/ros2_ws/task3/ex02/install/turtlesim/share/turtlesim/cmake/turtlesimConfig.cmake
[41.935s] -- Installing: /home/ivan/ros2_ws/task3/ex02/install/turtlesim/share/turtlesim/cmake/turtlesimConfig-version.cmake
[41.935s] -- Installing: /home/ivan/ros2_ws/task3/ex02/install/turtlesim/share/turtlesim/package.xml
[41.939s] Invoked command in '/home/ivan/ros2_ws/task3/ex02/build/turtlesim' returned '0': CMAKE_PREFIX_PATH=${CMAKE_PREFIX_PATH}:/home/ivan/ros2_ws/ex01/install/service_full_name:/home/ivan/ros2_ws/install/text_to_cmd_vel_pkg:/home/ivan/ros2_ws/install/py_pubsub:/home/ivan/ros2_ws/install/my_package:/home/ivan/ros2_ws/install/Ivan:/opt/ros/humble /usr/bin/cmake --install /home/ivan/ros2_ws/task3/ex02/build/turtlesim
