[0.258s] DEBUG:colcon:Command line arguments: ['/usr/bin/colcon', 'build', '--packages-select', 'full_name_interfaces', '--event-handlers', 'console_direct+']
[0.258s] DEBUG:colcon:Parsed command line arguments: Namespace(log_base=None, log_level=None, verb_name='build', build_base='build', install_base='install', merge_install=False, symlink_install=False, test_result_base=None, continue_on_error=False, executor='parallel', parallel_workers=16, event_handlers=['console_direct+'], ignore_user_meta=False, metas=['./colcon.meta'], base_paths=['.'], packages_ignore=None, packages_ignore_regex=None, paths=None, packages_up_to=None, packages_up_to_regex=None, packages_above=None, packages_above_and_dependencies=None, packages_above_depth=None, packages_select_by_dep=None, packages_skip_by_dep=None, packages_skip_up_to=None, packages_select_build_failed=False, packages_skip_build_finished=False, packages_select_test_failures=False, packages_skip_test_passed=False, packages_select=['full_name_interfaces'], packages_skip=None, packages_select_regex=None, packages_skip_regex=None, packages_start=None, packages_end=None, allow_overriding=[], cmake_args=None, cmake_target=None, cmake_target_skip_unavailable=False, cmake_clean_cache=False, cmake_clean_first=False, cmake_force_configure=False, ament_cmake_args=None, catkin_cmake_args=None, catkin_skip_building_tests=False, verb_parser=<colcon_defaults.argument_parser.defaults.DefaultArgumentsDecorator object at 0x7f1fa6e69870>, verb_extension=<colcon_core.verb.build.BuildVerb object at 0x7f1fa7063130>, main=<bound method BuildVerb.main of <colcon_core.verb.build.BuildVerb object at 0x7f1fa7063130>>)
[0.506s] Level 1:colcon.colcon_core.package_discovery:discover_packages(colcon_meta) check parameters
[0.506s] Level 1:colcon.colcon_core.package_discovery:discover_packages(recursive) check parameters
[0.506s] Level 1:colcon.colcon_core.package_discovery:discover_packages(ignore) check parameters
[0.506s] Level 1:colcon.colcon_core.package_discovery:discover_packages(path) check parameters
[0.506s] Level 1:colcon.colcon_core.package_discovery:discover_packages(colcon_meta) discover
[0.506s] Level 1:colcon.colcon_core.package_discovery:discover_packages(recursive) discover
[0.506s] INFO:colcon.colcon_core.package_discovery:Crawling recursively for packages in '/home/ivan/ros2_ws/ex01'
[0.507s] Level 1:colcon.colcon_core.package_identification:_identify(.) by extensions ['ignore', 'ignore_ament_install']
[0.507s] Level 1:colcon.colcon_core.package_identification:_identify(.) by extension 'ignore'
[0.507s] Level 1:colcon.colcon_core.package_identification:_identify(.) by extension 'ignore_ament_install'
[0.507s] Level 1:colcon.colcon_core.package_identification:_identify(.) by extensions ['colcon_pkg']
[0.507s] Level 1:colcon.colcon_core.package_identification:_identify(.) by extension 'colcon_pkg'
[0.507s] Level 1:colcon.colcon_core.package_identification:_identify(.) by extensions ['colcon_meta']
[0.507s] Level 1:colcon.colcon_core.package_identification:_identify(.) by extension 'colcon_meta'
[0.507s] Level 1:colcon.colcon_core.package_identification:_identify(.) by extensions ['ros']
[0.507s] Level 1:colcon.colcon_core.package_identification:_identify(.) by extension 'ros'
[0.525s] Level 1:colcon.colcon_core.package_identification:_identify(.) by extensions ['cmake', 'python']
[0.526s] Level 1:colcon.colcon_core.package_identification:_identify(.) by extension 'cmake'
[0.526s] Level 1:colcon.colcon_core.package_identification:_identify(.) by extension 'python'
[0.526s] Level 1:colcon.colcon_core.package_identification:_identify(.) by extensions ['python_setup_py']
[0.526s] Level 1:colcon.colcon_core.package_identification:_identify(.) by extension 'python_setup_py'
[0.526s] Level 1:colcon.colcon_core.package_identification:_identify(build) by extensions ['ignore', 'ignore_ament_install']
[0.526s] Level 1:colcon.colcon_core.package_identification:_identify(build) by extension 'ignore'
[0.526s] Level 1:colcon.colcon_core.package_identification:_identify(build) ignored
[0.526s] Level 1:colcon.colcon_core.package_identification:_identify(install) by extensions ['ignore', 'ignore_ament_install']
[0.526s] Level 1:colcon.colcon_core.package_identification:_identify(install) by extension 'ignore'
[0.527s] Level 1:colcon.colcon_core.package_identification:_identify(install) ignored
[0.527s] Level 1:colcon.colcon_core.package_identification:_identify(log) by extensions ['ignore', 'ignore_ament_install']
[0.527s] Level 1:colcon.colcon_core.package_identification:_identify(log) by extension 'ignore'
[0.527s] Level 1:colcon.colcon_core.package_identification:_identify(log) ignored
[0.527s] Level 1:colcon.colcon_core.package_identification:_identify(src) by extensions ['ignore', 'ignore_ament_install']
[0.527s] Level 1:colcon.colcon_core.package_identification:_identify(src) by extension 'ignore'
[0.527s] Level 1:colcon.colcon_core.package_identification:_identify(src) by extension 'ignore_ament_install'
[0.527s] Level 1:colcon.colcon_core.package_identification:_identify(src) by extensions ['colcon_pkg']
[0.527s] Level 1:colcon.colcon_core.package_identification:_identify(src) by extension 'colcon_pkg'
[0.527s] Level 1:colcon.colcon_core.package_identification:_identify(src) by extensions ['colcon_meta']
[0.527s] Level 1:colcon.colcon_core.package_identification:_identify(src) by extension 'colcon_meta'
[0.527s] Level 1:colcon.colcon_core.package_identification:_identify(src) by extensions ['ros']
[0.527s] Level 1:colcon.colcon_core.package_identification:_identify(src) by extension 'ros'
[0.528s] Level 1:colcon.colcon_core.package_identification:_identify(src) by extensions ['cmake', 'python']
[0.528s] Level 1:colcon.colcon_core.package_identification:_identify(src) by extension 'cmake'
[0.528s] Level 1:colcon.colcon_core.package_identification:_identify(src) by extension 'python'
[0.528s] Level 1:colcon.colcon_core.package_identification:_identify(src) by extensions ['python_setup_py']
[0.528s] Level 1:colcon.colcon_core.package_identification:_identify(src) by extension 'python_setup_py'
[0.528s] Level 1:colcon.colcon_core.package_identification:_identify(src/full_name_interfaces) by extensions ['ignore', 'ignore_ament_install']
[0.528s] Level 1:colcon.colcon_core.package_identification:_identify(src/full_name_interfaces) by extension 'ignore'
[0.528s] Level 1:colcon.colcon_core.package_identification:_identify(src/full_name_interfaces) by extension 'ignore_ament_install'
[0.528s] Level 1:colcon.colcon_core.package_identification:_identify(src/full_name_interfaces) by extensions ['colcon_pkg']
[0.528s] Level 1:colcon.colcon_core.package_identification:_identify(src/full_name_interfaces) by extension 'colcon_pkg'
[0.528s] Level 1:colcon.colcon_core.package_identification:_identify(src/full_name_interfaces) by extensions ['colcon_meta']
[0.528s] Level 1:colcon.colcon_core.package_identification:_identify(src/full_name_interfaces) by extension 'colcon_meta'
[0.528s] Level 1:colcon.colcon_core.package_identification:_identify(src/full_name_interfaces) by extensions ['ros']
[0.528s] Level 1:colcon.colcon_core.package_identification:_identify(src/full_name_interfaces) by extension 'ros'
[0.532s] DEBUG:colcon.colcon_core.package_identification:Package 'src/full_name_interfaces' with type 'ros.ament_cmake' and name 'full_name_interfaces'
[0.532s] Level 1:colcon.colcon_core.package_identification:_identify(src/service_full_name) by extensions ['ignore', 'ignore_ament_install']
[0.532s] Level 1:colcon.colcon_core.package_identification:_identify(src/service_full_name) by extension 'ignore'
[0.532s] Level 1:colcon.colcon_core.package_identification:_identify(src/service_full_name) by extension 'ignore_ament_install'
[0.532s] Level 1:colcon.colcon_core.package_identification:_identify(src/service_full_name) by extensions ['colcon_pkg']
[0.532s] Level 1:colcon.colcon_core.package_identification:_identify(src/service_full_name) by extension 'colcon_pkg'
[0.532s] Level 1:colcon.colcon_core.package_identification:_identify(src/service_full_name) by extensions ['colcon_meta']
[0.532s] Level 1:colcon.colcon_core.package_identification:_identify(src/service_full_name) by extension 'colcon_meta'
[0.532s] Level 1:colcon.colcon_core.package_identification:_identify(src/service_full_name) by extensions ['ros']
[0.532s] Level 1:colcon.colcon_core.package_identification:_identify(src/service_full_name) by extension 'ros'
[0.533s] DEBUG:colcon.colcon_core.package_identification:Package 'src/service_full_name' with type 'ros.ament_python' and name 'service_full_name'
[0.534s] Level 1:colcon.colcon_core.package_discovery:discover_packages(recursive) using defaults
[0.534s] Level 1:colcon.colcon_core.package_discovery:discover_packages(ignore) discover
[0.534s] Level 1:colcon.colcon_core.package_discovery:discover_packages(ignore) using defaults
[0.534s] Level 1:colcon.colcon_core.package_discovery:discover_packages(path) discover
[0.534s] Level 1:colcon.colcon_core.package_discovery:discover_packages(path) using defaults
[0.564s] INFO:colcon.colcon_core.package_selection:Skipping not selected package 'service_full_name' in 'src/service_full_name'
[0.564s] Level 1:colcon.colcon_core.package_discovery:discover_packages(prefix_path) check parameters
[0.564s] Level 1:colcon.colcon_core.package_discovery:discover_packages(prefix_path) discover
[0.565s] WARNING:colcon.colcon_ros.prefix_path.ament:The path '/home/ivan/ros2_ws/ex01/install/service_full_name' in the environment variable AMENT_PREFIX_PATH doesn't exist
[0.567s] DEBUG:colcon.colcon_installed_package_information.package_discovery:Found 0 installed packages in /home/ivan/ros2_ws/ex01/install
[0.568s] DEBUG:colcon.colcon_installed_package_information.package_discovery:Found 6 installed packages in /home/ivan/ros2_ws/install
[0.571s] DEBUG:colcon.colcon_installed_package_information.package_discovery:Found 271 installed packages in /opt/ros/humble
[0.577s] Level 1:colcon.colcon_core.package_discovery:discover_packages(prefix_path) using defaults
[0.652s] Level 5:colcon.colcon_core.verb:set package 'full_name_interfaces' build argument 'cmake_args' from command line to 'None'
[0.652s] Level 5:colcon.colcon_core.verb:set package 'full_name_interfaces' build argument 'cmake_target' from command line to 'None'
[0.652s] Level 5:colcon.colcon_core.verb:set package 'full_name_interfaces' build argument 'cmake_target_skip_unavailable' from command line to 'False'
[0.653s] Level 5:colcon.colcon_core.verb:set package 'full_name_interfaces' build argument 'cmake_clean_cache' from command line to 'False'
[0.653s] Level 5:colcon.colcon_core.verb:set package 'full_name_interfaces' build argument 'cmake_clean_first' from command line to 'False'
[0.653s] Level 5:colcon.colcon_core.verb:set package 'full_name_interfaces' build argument 'cmake_force_configure' from command line to 'False'
[0.653s] Level 5:colcon.colcon_core.verb:set package 'full_name_interfaces' build argument 'ament_cmake_args' from command line to 'None'
[0.653s] Level 5:colcon.colcon_core.verb:set package 'full_name_interfaces' build argument 'catkin_cmake_args' from command line to 'None'
[0.653s] Level 5:colcon.colcon_core.verb:set package 'full_name_interfaces' build argument 'catkin_skip_building_tests' from command line to 'False'
[0.653s] DEBUG:colcon.colcon_core.verb:Building package 'full_name_interfaces' with the following arguments: {'ament_cmake_args': None, 'build_base': '/home/ivan/ros2_ws/ex01/build/full_name_interfaces', 'catkin_cmake_args': None, 'catkin_skip_building_tests': False, 'cmake_args': None, 'cmake_clean_cache': False, 'cmake_clean_first': False, 'cmake_force_configure': False, 'cmake_target': None, 'cmake_target_skip_unavailable': False, 'install_base': '/home/ivan/ros2_ws/ex01/install/full_name_interfaces', 'merge_install': False, 'path': '/home/ivan/ros2_ws/ex01/src/full_name_interfaces', 'symlink_install': False, 'test_result_base': None}
[0.653s] INFO:colcon.colcon_core.executor:Executing jobs using 'parallel' executor
[0.655s] DEBUG:colcon.colcon_parallel_executor.executor.parallel:run_until_complete
[0.656s] INFO:colcon.colcon_ros.task.ament_cmake.build:Building ROS package in '/home/ivan/ros2_ws/ex01/src/full_name_interfaces' with build type 'ament_cmake'
[0.656s] INFO:colcon.colcon_cmake.task.cmake.build:Building CMake package in '/home/ivan/ros2_ws/ex01/src/full_name_interfaces'
[0.660s] INFO:colcon.colcon_core.plugin_system:Skipping extension 'colcon_core.shell.bat': Not used on non-Windows systems
[0.660s] INFO:colcon.colcon_core.shell:Skip shell extension 'powershell' for command environment: Not usable outside of PowerShell
[0.661s] DEBUG:colcon.colcon_core.shell:Skip shell extension 'dsv' for command environment
[0.682s] DEBUG:colcon.colcon_core.event_handler.log_command:Invoking command in '/home/ivan/ros2_ws/ex01/build/full_name_interfaces': CMAKE_PREFIX_PATH=${CMAKE_PREFIX_PATH}:/home/ivan/ros2_ws/ex01/install/service_full_name:/home/ivan/ros2_ws/install/text_to_cmd_vel_pkg:/home/ivan/ros2_ws/install/py_pubsub:/home/ivan/ros2_ws/install/my_package:/home/ivan/ros2_ws/install/Ivan:/opt/ros/humble /usr/bin/cmake /home/ivan/ros2_ws/ex01/src/full_name_interfaces -DCMAKE_INSTALL_PREFIX=/home/ivan/ros2_ws/ex01/install/full_name_interfaces
[4.718s] DEBUG:colcon.colcon_core.event_handler.log_command:Invoked command in '/home/ivan/ros2_ws/ex01/build/full_name_interfaces' returned '0': CMAKE_PREFIX_PATH=${CMAKE_PREFIX_PATH}:/home/ivan/ros2_ws/ex01/install/service_full_name:/home/ivan/ros2_ws/install/text_to_cmd_vel_pkg:/home/ivan/ros2_ws/install/py_pubsub:/home/ivan/ros2_ws/install/my_package:/home/ivan/ros2_ws/install/Ivan:/opt/ros/humble /usr/bin/cmake /home/ivan/ros2_ws/ex01/src/full_name_interfaces -DCMAKE_INSTALL_PREFIX=/home/ivan/ros2_ws/ex01/install/full_name_interfaces
[4.722s] DEBUG:colcon.colcon_core.event_handler.log_command:Invoking command in '/home/ivan/ros2_ws/ex01/build/full_name_interfaces': CMAKE_PREFIX_PATH=${CMAKE_PREFIX_PATH}:/home/ivan/ros2_ws/ex01/install/service_full_name:/home/ivan/ros2_ws/install/text_to_cmd_vel_pkg:/home/ivan/ros2_ws/install/py_pubsub:/home/ivan/ros2_ws/install/my_package:/home/ivan/ros2_ws/install/Ivan:/opt/ros/humble /usr/bin/cmake --build /home/ivan/ros2_ws/ex01/build/full_name_interfaces -- -j16 -l16
[8.212s] DEBUG:colcon.colcon_core.event_handler.log_command:Invoked command in '/home/ivan/ros2_ws/ex01/build/full_name_interfaces' returned '0': CMAKE_PREFIX_PATH=${CMAKE_PREFIX_PATH}:/home/ivan/ros2_ws/ex01/install/service_full_name:/home/ivan/ros2_ws/install/text_to_cmd_vel_pkg:/home/ivan/ros2_ws/install/py_pubsub:/home/ivan/ros2_ws/install/my_package:/home/ivan/ros2_ws/install/Ivan:/opt/ros/humble /usr/bin/cmake --build /home/ivan/ros2_ws/ex01/build/full_name_interfaces -- -j16 -l16
[8.229s] DEBUG:colcon.colcon_core.event_handler.log_command:Invoking command in '/home/ivan/ros2_ws/ex01/build/full_name_interfaces': CMAKE_PREFIX_PATH=${CMAKE_PREFIX_PATH}:/home/ivan/ros2_ws/ex01/install/service_full_name:/home/ivan/ros2_ws/install/text_to_cmd_vel_pkg:/home/ivan/ros2_ws/install/py_pubsub:/home/ivan/ros2_ws/install/my_package:/home/ivan/ros2_ws/install/Ivan:/opt/ros/humble /usr/bin/cmake --install /home/ivan/ros2_ws/ex01/build/full_name_interfaces
[8.360s] Level 1:colcon.colcon_core.environment:create_environment_scripts_only(full_name_interfaces)
[8.362s] DEBUG:colcon.colcon_core.event_handler.log_command:Invoked command in '/home/ivan/ros2_ws/ex01/build/full_name_interfaces' returned '0': CMAKE_PREFIX_PATH=${CMAKE_PREFIX_PATH}:/home/ivan/ros2_ws/ex01/install/service_full_name:/home/ivan/ros2_ws/install/text_to_cmd_vel_pkg:/home/ivan/ros2_ws/install/py_pubsub:/home/ivan/ros2_ws/install/my_package:/home/ivan/ros2_ws/install/Ivan:/opt/ros/humble /usr/bin/cmake --install /home/ivan/ros2_ws/ex01/build/full_name_interfaces
[8.364s] Level 1:colcon.colcon_core.environment:checking '/home/ivan/ros2_ws/ex01/install/full_name_interfaces' for CMake module files
[8.365s] Level 1:colcon.colcon_core.environment:checking '/home/ivan/ros2_ws/ex01/install/full_name_interfaces' for CMake config files
[8.366s] Level 1:colcon.colcon_core.shell:create_environment_hook('full_name_interfaces', 'cmake_prefix_path')
[8.366s] INFO:colcon.colcon_core.shell:Creating environment hook '/home/ivan/ros2_ws/ex01/install/full_name_interfaces/share/full_name_interfaces/hook/cmake_prefix_path.ps1'
[8.367s] INFO:colcon.colcon_core.shell:Creating environment descriptor '/home/ivan/ros2_ws/ex01/install/full_name_interfaces/share/full_name_interfaces/hook/cmake_prefix_path.dsv'
[8.368s] INFO:colcon.colcon_core.shell:Creating environment hook '/home/ivan/ros2_ws/ex01/install/full_name_interfaces/share/full_name_interfaces/hook/cmake_prefix_path.sh'
[8.369s] Level 1:colcon.colcon_core.environment:checking '/home/ivan/ros2_ws/ex01/install/full_name_interfaces/lib'
[8.369s] Level 1:colcon.colcon_core.shell:create_environment_hook('full_name_interfaces', 'ld_library_path_lib')
[8.369s] INFO:colcon.colcon_core.shell:Creating environment hook '/home/ivan/ros2_ws/ex01/install/full_name_interfaces/share/full_name_interfaces/hook/ld_library_path_lib.ps1'
[8.370s] INFO:colcon.colcon_core.shell:Creating environment descriptor '/home/ivan/ros2_ws/ex01/install/full_name_interfaces/share/full_name_interfaces/hook/ld_library_path_lib.dsv'
[8.370s] INFO:colcon.colcon_core.shell:Creating environment hook '/home/ivan/ros2_ws/ex01/install/full_name_interfaces/share/full_name_interfaces/hook/ld_library_path_lib.sh'
[8.371s] Level 1:colcon.colcon_core.environment:checking '/home/ivan/ros2_ws/ex01/install/full_name_interfaces/bin'
[8.371s] Level 1:colcon.colcon_core.environment:checking '/home/ivan/ros2_ws/ex01/install/full_name_interfaces/lib/pkgconfig/full_name_interfaces.pc'
[8.371s] Level 1:colcon.colcon_core.environment:checking '/home/ivan/ros2_ws/ex01/install/full_name_interfaces/lib/python3.10/site-packages'
[8.371s] Level 1:colcon.colcon_core.environment:checking '/home/ivan/ros2_ws/ex01/install/full_name_interfaces/bin'
[8.372s] INFO:colcon.colcon_core.shell:Creating package script '/home/ivan/ros2_ws/ex01/install/full_name_interfaces/share/full_name_interfaces/package.ps1'
[8.373s] INFO:colcon.colcon_core.shell:Creating package descriptor '/home/ivan/ros2_ws/ex01/install/full_name_interfaces/share/full_name_interfaces/package.dsv'
[8.374s] INFO:colcon.colcon_core.shell:Creating package script '/home/ivan/ros2_ws/ex01/install/full_name_interfaces/share/full_name_interfaces/package.sh'
[8.375s] INFO:colcon.colcon_core.shell:Creating package script '/home/ivan/ros2_ws/ex01/install/full_name_interfaces/share/full_name_interfaces/package.bash'
[8.377s] INFO:colcon.colcon_core.shell:Creating package script '/home/ivan/ros2_ws/ex01/install/full_name_interfaces/share/full_name_interfaces/package.zsh'
[8.378s] Level 1:colcon.colcon_core.environment:create_file_with_runtime_dependencies(/home/ivan/ros2_ws/ex01/install/full_name_interfaces/share/colcon-core/packages/full_name_interfaces)
[8.379s] Level 1:colcon.colcon_core.environment:create_environment_scripts_only(full_name_interfaces)
[8.379s] Level 1:colcon.colcon_core.environment:checking '/home/ivan/ros2_ws/ex01/install/full_name_interfaces' for CMake module files
[8.380s] Level 1:colcon.colcon_core.environment:checking '/home/ivan/ros2_ws/ex01/install/full_name_interfaces' for CMake config files
[8.381s] Level 1:colcon.colcon_core.shell:create_environment_hook('full_name_interfaces', 'cmake_prefix_path')
[8.382s] INFO:colcon.colcon_core.shell:Creating environment hook '/home/ivan/ros2_ws/ex01/install/full_name_interfaces/share/full_name_interfaces/hook/cmake_prefix_path.ps1'
[8.382s] INFO:colcon.colcon_core.shell:Creating environment descriptor '/home/ivan/ros2_ws/ex01/install/full_name_interfaces/share/full_name_interfaces/hook/cmake_prefix_path.dsv'
[8.383s] INFO:colcon.colcon_core.shell:Creating environment hook '/home/ivan/ros2_ws/ex01/install/full_name_interfaces/share/full_name_interfaces/hook/cmake_prefix_path.sh'
[8.384s] Level 1:colcon.colcon_core.environment:checking '/home/ivan/ros2_ws/ex01/install/full_name_interfaces/lib'
[8.384s] Level 1:colcon.colcon_core.shell:create_environment_hook('full_name_interfaces', 'ld_library_path_lib')
[8.384s] INFO:colcon.colcon_core.shell:Creating environment hook '/home/ivan/ros2_ws/ex01/install/full_name_interfaces/share/full_name_interfaces/hook/ld_library_path_lib.ps1'
[8.385s] INFO:colcon.colcon_core.shell:Creating environment descriptor '/home/ivan/ros2_ws/ex01/install/full_name_interfaces/share/full_name_interfaces/hook/ld_library_path_lib.dsv'
[8.385s] INFO:colcon.colcon_core.shell:Creating environment hook '/home/ivan/ros2_ws/ex01/install/full_name_interfaces/share/full_name_interfaces/hook/ld_library_path_lib.sh'
[8.386s] Level 1:colcon.colcon_core.environment:checking '/home/ivan/ros2_ws/ex01/install/full_name_interfaces/bin'
[8.386s] Level 1:colcon.colcon_core.environment:checking '/home/ivan/ros2_ws/ex01/install/full_name_interfaces/lib/pkgconfig/full_name_interfaces.pc'
[8.387s] Level 1:colcon.colcon_core.environment:checking '/home/ivan/ros2_ws/ex01/install/full_name_interfaces/lib/python3.10/site-packages'
[8.387s] Level 1:colcon.colcon_core.environment:checking '/home/ivan/ros2_ws/ex01/install/full_name_interfaces/bin'
[8.387s] INFO:colcon.colcon_core.shell:Creating package script '/home/ivan/ros2_ws/ex01/install/full_name_interfaces/share/full_name_interfaces/package.ps1'
[8.388s] INFO:colcon.colcon_core.shell:Creating package descriptor '/home/ivan/ros2_ws/ex01/install/full_name_interfaces/share/full_name_interfaces/package.dsv'
[8.389s] INFO:colcon.colcon_core.shell:Creating package script '/home/ivan/ros2_ws/ex01/install/full_name_interfaces/share/full_name_interfaces/package.sh'
[8.390s] INFO:colcon.colcon_core.shell:Creating package script '/home/ivan/ros2_ws/ex01/install/full_name_interfaces/share/full_name_interfaces/package.bash'
[8.391s] INFO:colcon.colcon_core.shell:Creating package script '/home/ivan/ros2_ws/ex01/install/full_name_interfaces/share/full_name_interfaces/package.zsh'
[8.392s] Level 1:colcon.colcon_core.environment:create_file_with_runtime_dependencies(/home/ivan/ros2_ws/ex01/install/full_name_interfaces/share/colcon-core/packages/full_name_interfaces)
[8.392s] DEBUG:colcon.colcon_parallel_executor.executor.parallel:closing loop
[8.394s] DEBUG:colcon.colcon_parallel_executor.executor.parallel:loop closed
[8.394s] DEBUG:colcon.colcon_parallel_executor.executor.parallel:run_until_complete finished with '0'
[8.394s] DEBUG:colcon.colcon_core.event_reactor:joining thread
[8.449s] INFO:colcon.colcon_core.plugin_system:Skipping extension 'colcon_notification.desktop_notification.notify_send': Could not find 'notify-send'
[8.449s] INFO:colcon.colcon_core.plugin_system:Skipping extension 'colcon_notification.desktop_notification.terminal_notifier': Not used on non-Darwin systems
[8.449s] INFO:colcon.colcon_core.plugin_system:Skipping extension 'colcon_notification.desktop_notification.win32': Not used on non-Windows systems
[8.449s] INFO:colcon.colcon_notification.desktop_notification:Sending desktop notification using 'notify2'
[8.449s] DEBUG:colcon.colcon_notification.desktop_notification.notify2:Failed to initialize notify2: org.freedesktop.DBus.Error.FileNotFound: Failed to connect to socket /run/user/1000/bus: No such file or directory
[8.449s] DEBUG:colcon.colcon_core.event_reactor:joined thread
[8.450s] INFO:colcon.colcon_core.shell:Creating prefix script '/home/ivan/ros2_ws/ex01/install/local_setup.ps1'
[8.451s] INFO:colcon.colcon_core.shell:Creating prefix util module '/home/ivan/ros2_ws/ex01/install/_local_setup_util_ps1.py'
[8.453s] INFO:colcon.colcon_core.shell:Creating prefix chain script '/home/ivan/ros2_ws/ex01/install/setup.ps1'
[8.455s] INFO:colcon.colcon_core.shell:Creating prefix script '/home/ivan/ros2_ws/ex01/install/local_setup.sh'
[8.457s] INFO:colcon.colcon_core.shell:Creating prefix util module '/home/ivan/ros2_ws/ex01/install/_local_setup_util_sh.py'
[8.457s] INFO:colcon.colcon_core.shell:Creating prefix chain script '/home/ivan/ros2_ws/ex01/install/setup.sh'
[8.459s] INFO:colcon.colcon_core.shell:Creating prefix script '/home/ivan/ros2_ws/ex01/install/local_setup.bash'
[8.459s] INFO:colcon.colcon_core.shell:Creating prefix chain script '/home/ivan/ros2_ws/ex01/install/setup.bash'
[8.461s] INFO:colcon.colcon_core.shell:Creating prefix script '/home/ivan/ros2_ws/ex01/install/local_setup.zsh'
[8.461s] INFO:colcon.colcon_core.shell:Creating prefix chain script '/home/ivan/ros2_ws/ex01/install/setup.zsh'
