running egg_info
creating ../../build/action_cleaning_robot/action_cleaning_robot.egg-info
writing ../../build/action_cleaning_robot/action_cleaning_robot.egg-info/PKG-INFO
writing dependency_links to ../../build/action_cleaning_robot/action_cleaning_robot.egg-info/dependency_links.txt
writing entry points to ../../build/action_cleaning_robot/action_cleaning_robot.egg-info/entry_points.txt
writing requirements to ../../build/action_cleaning_robot/action_cleaning_robot.egg-info/requires.txt
writing top-level names to ../../build/action_cleaning_robot/action_cleaning_robot.egg-info/top_level.txt
writing manifest file '../../build/action_cleaning_robot/action_cleaning_robot.egg-info/SOURCES.txt'
reading manifest file '../../build/action_cleaning_robot/action_cleaning_robot.egg-info/SOURCES.txt'
writing manifest file '../../build/action_cleaning_robot/action_cleaning_robot.egg-info/SOURCES.txt'
running build
running build_py
creating /home/ivan/ros2_ws/task3/ex05/build/action_cleaning_robot/build
creating /home/ivan/ros2_ws/task3/ex05/build/action_cleaning_robot/build/lib
creating /home/ivan/ros2_ws/task3/ex05/build/action_cleaning_robot/build/lib/action_cleaning_robot
copying action_cleaning_robot/cleaning_action_client.py -> /home/ivan/ros2_ws/task3/ex05/build/action_cleaning_robot/build/lib/action_cleaning_robot
copying action_cleaning_robot/__init__.py -> /home/ivan/ros2_ws/task3/ex05/build/action_cleaning_robot/build/lib/action_cleaning_robot
copying action_cleaning_robot/cleaning_action_server.py -> /home/ivan/ros2_ws/task3/ex05/build/action_cleaning_robot/build/lib/action_cleaning_robot
running install
running install_lib
creating /home/ivan/ros2_ws/task3/ex05/install/action_cleaning_robot/lib/python3.10/site-packages/action_cleaning_robot
copying /home/ivan/ros2_ws/task3/ex05/build/action_cleaning_robot/build/lib/action_cleaning_robot/cleaning_action_client.py -> /home/ivan/ros2_ws/task3/ex05/install/action_cleaning_robot/lib/python3.10/site-packages/action_cleaning_robot
copying /home/ivan/ros2_ws/task3/ex05/build/action_cleaning_robot/build/lib/action_cleaning_robot/__init__.py -> /home/ivan/ros2_ws/task3/ex05/install/action_cleaning_robot/lib/python3.10/site-packages/action_cleaning_robot
copying /home/ivan/ros2_ws/task3/ex05/build/action_cleaning_robot/build/lib/action_cleaning_robot/cleaning_action_server.py -> /home/ivan/ros2_ws/task3/ex05/install/action_cleaning_robot/lib/python3.10/site-packages/action_cleaning_robot
byte-compiling /home/ivan/ros2_ws/task3/ex05/install/action_cleaning_robot/lib/python3.10/site-packages/action_cleaning_robot/cleaning_action_client.py to cleaning_action_client.cpython-310.pyc
byte-compiling /home/ivan/ros2_ws/task3/ex05/install/action_cleaning_robot/lib/python3.10/site-packages/action_cleaning_robot/__init__.py to __init__.cpython-310.pyc
byte-compiling /home/ivan/ros2_ws/task3/ex05/install/action_cleaning_robot/lib/python3.10/site-packages/action_cleaning_robot/cleaning_action_server.py to cleaning_action_server.cpython-310.pyc
running install_data
creating /home/ivan/ros2_ws/task3/ex05/install/action_cleaning_robot/share/ament_index
creating /home/ivan/ros2_ws/task3/ex05/install/action_cleaning_robot/share/ament_index/resource_index
creating /home/ivan/ros2_ws/task3/ex05/install/action_cleaning_robot/share/ament_index/resource_index/packages
copying resource/action_cleaning_robot -> /home/ivan/ros2_ws/task3/ex05/install/action_cleaning_robot/share/ament_index/resource_index/packages
copying package.xml -> /home/ivan/ros2_ws/task3/ex05/install/action_cleaning_robot/share/action_cleaning_robot
running install_egg_info
Copying ../../build/action_cleaning_robot/action_cleaning_robot.egg-info to /home/ivan/ros2_ws/task3/ex05/install/action_cleaning_robot/lib/python3.10/site-packages/action_cleaning_robot-0.0.0-py3.10.egg-info
running install_scripts
Installing cleaning_action_client script to /home/ivan/ros2_ws/task3/ex05/install/action_cleaning_robot/lib/action_cleaning_robot
Installing cleaning_action_server script to /home/ivan/ros2_ws/task3/ex05/install/action_cleaning_robot/lib/action_cleaning_robot
writing list of installed files to '/home/ivan/ros2_ws/task3/ex05/build/action_cleaning_robot/install.log'
