[0.677s] Invoking command in '/home/ivan/ros2_ws/task3/ex05/src/action_cleaning_robot': PYTHONPATH=/home/ivan/ros2_ws/task3/ex05/build/action_cleaning_robot/prefix_override:/usr/lib/python3/dist-packages/colcon_core/task/python/colcon_distutils_commands:/home/ivan/ros2_ws/task3/ex05/install/action_cleaning_robot/lib/python3.10/site-packages:${PYTHONPATH} /usr/bin/python3 -W ignore:setup.py install is deprecated -W ignore:easy_install command is deprecated setup.py egg_info --egg-base ../../build/action_cleaning_robot build --build-base /home/ivan/ros2_ws/task3/ex05/build/action_cleaning_robot/build install --record /home/ivan/ros2_ws/task3/ex05/build/action_cleaning_robot/install.log --single-version-externally-managed install_data
[0.920s] running egg_info
[0.920s] creating ../../build/action_cleaning_robot/action_cleaning_robot.egg-info
[0.921s] writing ../../build/action_cleaning_robot/action_cleaning_robot.egg-info/PKG-INFO
[0.921s] writing dependency_links to ../../build/action_cleaning_robot/action_cleaning_robot.egg-info/dependency_links.txt
[0.922s] writing entry points to ../../build/action_cleaning_robot/action_cleaning_robot.egg-info/entry_points.txt
[0.923s] writing requirements to ../../build/action_cleaning_robot/action_cleaning_robot.egg-info/requires.txt
[0.923s] writing top-level names to ../../build/action_cleaning_robot/action_cleaning_robot.egg-info/top_level.txt
[0.923s] writing manifest file '../../build/action_cleaning_robot/action_cleaning_robot.egg-info/SOURCES.txt'
[0.924s] reading manifest file '../../build/action_cleaning_robot/action_cleaning_robot.egg-info/SOURCES.txt'
[0.925s] writing manifest file '../../build/action_cleaning_robot/action_cleaning_robot.egg-info/SOURCES.txt'
[0.925s] running build
[0.926s] running build_py
[0.926s] creating /home/ivan/ros2_ws/task3/ex05/build/action_cleaning_robot/build
[0.926s] creating /home/ivan/ros2_ws/task3/ex05/build/action_cleaning_robot/build/lib
[0.926s] creating /home/ivan/ros2_ws/task3/ex05/build/action_cleaning_robot/build/lib/action_cleaning_robot
[0.927s] copying action_cleaning_robot/cleaning_action_client.py -> /home/ivan/ros2_ws/task3/ex05/build/action_cleaning_robot/build/lib/action_cleaning_robot
[0.927s] copying action_cleaning_robot/__init__.py -> /home/ivan/ros2_ws/task3/ex05/build/action_cleaning_robot/build/lib/action_cleaning_robot
[0.927s] copying action_cleaning_robot/cleaning_action_server.py -> /home/ivan/ros2_ws/task3/ex05/build/action_cleaning_robot/build/lib/action_cleaning_robot
[0.927s] running install
[0.928s] running install_lib
[0.929s] creating /home/ivan/ros2_ws/task3/ex05/install/action_cleaning_robot/lib/python3.10/site-packages/action_cleaning_robot
[0.930s] copying /home/ivan/ros2_ws/task3/ex05/build/action_cleaning_robot/build/lib/action_cleaning_robot/cleaning_action_client.py -> /home/ivan/ros2_ws/task3/ex05/install/action_cleaning_robot/lib/python3.10/site-packages/action_cleaning_robot
[0.930s] copying /home/ivan/ros2_ws/task3/ex05/build/action_cleaning_robot/build/lib/action_cleaning_robot/__init__.py -> /home/ivan/ros2_ws/task3/ex05/install/action_cleaning_robot/lib/python3.10/site-packages/action_cleaning_robot
[0.930s] copying /home/ivan/ros2_ws/task3/ex05/build/action_cleaning_robot/build/lib/action_cleaning_robot/cleaning_action_server.py -> /home/ivan/ros2_ws/task3/ex05/install/action_cleaning_robot/lib/python3.10/site-packages/action_cleaning_robot
[0.930s] byte-compiling /home/ivan/ros2_ws/task3/ex05/install/action_cleaning_robot/lib/python3.10/site-packages/action_cleaning_robot/cleaning_action_client.py to cleaning_action_client.cpython-310.pyc
[0.932s] byte-compiling /home/ivan/ros2_ws/task3/ex05/install/action_cleaning_robot/lib/python3.10/site-packages/action_cleaning_robot/__init__.py to __init__.cpython-310.pyc
[0.932s] byte-compiling /home/ivan/ros2_ws/task3/ex05/install/action_cleaning_robot/lib/python3.10/site-packages/action_cleaning_robot/cleaning_action_server.py to cleaning_action_server.cpython-310.pyc
[0.933s] running install_data
[0.934s] creating /home/ivan/ros2_ws/task3/ex05/install/action_cleaning_robot/share/ament_index
[0.934s] creating /home/ivan/ros2_ws/task3/ex05/install/action_cleaning_robot/share/ament_index/resource_index
[0.934s] creating /home/ivan/ros2_ws/task3/ex05/install/action_cleaning_robot/share/ament_index/resource_index/packages
[0.934s] copying resource/action_cleaning_robot -> /home/ivan/ros2_ws/task3/ex05/install/action_cleaning_robot/share/ament_index/resource_index/packages
[0.935s] copying package.xml -> /home/ivan/ros2_ws/task3/ex05/install/action_cleaning_robot/share/action_cleaning_robot
[0.935s] running install_egg_info
[0.937s] Copying ../../build/action_cleaning_robot/action_cleaning_robot.egg-info to /home/ivan/ros2_ws/task3/ex05/install/action_cleaning_robot/lib/python3.10/site-packages/action_cleaning_robot-0.0.0-py3.10.egg-info
[0.938s] running install_scripts
[0.961s] Installing cleaning_action_client script to /home/ivan/ros2_ws/task3/ex05/install/action_cleaning_robot/lib/action_cleaning_robot
[0.961s] Installing cleaning_action_server script to /home/ivan/ros2_ws/task3/ex05/install/action_cleaning_robot/lib/action_cleaning_robot
[0.961s] writing list of installed files to '/home/ivan/ros2_ws/task3/ex05/build/action_cleaning_robot/install.log'
[0.999s] Invoked command in '/home/ivan/ros2_ws/task3/ex05/src/action_cleaning_robot' returned '0': PYTHONPATH=/home/ivan/ros2_ws/task3/ex05/build/action_cleaning_robot/prefix_override:/usr/lib/python3/dist-packages/colcon_core/task/python/colcon_distutils_commands:/home/ivan/ros2_ws/task3/ex05/install/action_cleaning_robot/lib/python3.10/site-packages:${PYTHONPATH} /usr/bin/python3 -W ignore:setup.py install is deprecated -W ignore:easy_install command is deprecated setup.py egg_info --egg-base ../../build/action_cleaning_robot build --build-base /home/ivan/ros2_ws/task3/ex05/build/action_cleaning_robot/build install --record /home/ivan/ros2_ws/task3/ex05/build/action_cleaning_robot/install.log --single-version-externally-managed install_data
