[0.867s] Invoking command in '/home/ivan/ros2_ws/task3/ex04/src/move_to_goal': PYTHONPATH=/home/ivan/ros2_ws/task3/ex04/build/move_to_goal/prefix_override:/usr/lib/python3/dist-packages/colcon_core/task/python/colcon_distutils_commands:/home/ivan/ros2_ws/task3/ex04/install/move_to_goal/lib/python3.10/site-packages:${PYTHONPATH} /usr/bin/python3 -W ignore:setup.py install is deprecated -W ignore:easy_install command is deprecated setup.py egg_info --egg-base ../../build/move_to_goal build --build-base /home/ivan/ros2_ws/task3/ex04/build/move_to_goal/build install --record /home/ivan/ros2_ws/task3/ex04/build/move_to_goal/install.log --single-version-externally-managed install_data
[1.082s] running egg_info
[1.082s] creating ../../build/move_to_goal/move_to_goal.egg-info
[1.083s] writing ../../build/move_to_goal/move_to_goal.egg-info/PKG-INFO
[1.083s] writing dependency_links to ../../build/move_to_goal/move_to_goal.egg-info/dependency_links.txt
[1.083s] writing entry points to ../../build/move_to_goal/move_to_goal.egg-info/entry_points.txt
[1.084s] writing requirements to ../../build/move_to_goal/move_to_goal.egg-info/requires.txt
[1.084s] writing top-level names to ../../build/move_to_goal/move_to_goal.egg-info/top_level.txt
[1.084s] writing manifest file '../../build/move_to_goal/move_to_goal.egg-info/SOURCES.txt'
[1.086s] reading manifest file '../../build/move_to_goal/move_to_goal.egg-info/SOURCES.txt'
[1.086s] writing manifest file '../../build/move_to_goal/move_to_goal.egg-info/SOURCES.txt'
[1.087s] running build
[1.087s] running build_py
[1.087s] creating /home/ivan/ros2_ws/task3/ex04/build/move_to_goal/build
[1.087s] creating /home/ivan/ros2_ws/task3/ex04/build/move_to_goal/build/lib
[1.087s] creating /home/ivan/ros2_ws/task3/ex04/build/move_to_goal/build/lib/move_to_goal
[1.088s] copying move_to_goal/__init__.py -> /home/ivan/ros2_ws/task3/ex04/build/move_to_goal/build/lib/move_to_goal
[1.088s] copying move_to_goal/move_to_goal.py -> /home/ivan/ros2_ws/task3/ex04/build/move_to_goal/build/lib/move_to_goal
[1.093s] running install
[1.093s] running install_lib
[1.094s] creating /home/ivan/ros2_ws/task3/ex04/install/move_to_goal/lib/python3.10/site-packages/move_to_goal
[1.094s] copying /home/ivan/ros2_ws/task3/ex04/build/move_to_goal/build/lib/move_to_goal/__init__.py -> /home/ivan/ros2_ws/task3/ex04/install/move_to_goal/lib/python3.10/site-packages/move_to_goal
[1.094s] copying /home/ivan/ros2_ws/task3/ex04/build/move_to_goal/build/lib/move_to_goal/move_to_goal.py -> /home/ivan/ros2_ws/task3/ex04/install/move_to_goal/lib/python3.10/site-packages/move_to_goal
[1.095s] byte-compiling /home/ivan/ros2_ws/task3/ex04/install/move_to_goal/lib/python3.10/site-packages/move_to_goal/__init__.py to __init__.cpython-310.pyc
[1.096s] byte-compiling /home/ivan/ros2_ws/task3/ex04/install/move_to_goal/lib/python3.10/site-packages/move_to_goal/move_to_goal.py to move_to_goal.cpython-310.pyc
[1.097s] running install_data
[1.097s] creating /home/ivan/ros2_ws/task3/ex04/install/move_to_goal/share/ament_index
[1.098s] creating /home/ivan/ros2_ws/task3/ex04/install/move_to_goal/share/ament_index/resource_index
[1.098s] creating /home/ivan/ros2_ws/task3/ex04/install/move_to_goal/share/ament_index/resource_index/packages
[1.098s] copying resource/move_to_goal -> /home/ivan/ros2_ws/task3/ex04/install/move_to_goal/share/ament_index/resource_index/packages
[1.098s] copying package.xml -> /home/ivan/ros2_ws/task3/ex04/install/move_to_goal/share/move_to_goal
[1.100s] running install_egg_info
[1.102s] Copying ../../build/move_to_goal/move_to_goal.egg-info to /home/ivan/ros2_ws/task3/ex04/install/move_to_goal/lib/python3.10/site-packages/move_to_goal-0.0.0-py3.10.egg-info
[1.105s] running install_scripts
[1.125s] Installing move_to_goal script to /home/ivan/ros2_ws/task3/ex04/install/move_to_goal/lib/move_to_goal
[1.126s] writing list of installed files to '/home/ivan/ros2_ws/task3/ex04/build/move_to_goal/install.log'
[1.161s] Invoked command in '/home/ivan/ros2_ws/task3/ex04/src/move_to_goal' returned '0': PYTHONPATH=/home/ivan/ros2_ws/task3/ex04/build/move_to_goal/prefix_override:/usr/lib/python3/dist-packages/colcon_core/task/python/colcon_distutils_commands:/home/ivan/ros2_ws/task3/ex04/install/move_to_goal/lib/python3.10/site-packages:${PYTHONPATH} /usr/bin/python3 -W ignore:setup.py install is deprecated -W ignore:easy_install command is deprecated setup.py egg_info --egg-base ../../build/move_to_goal build --build-base /home/ivan/ros2_ws/task3/ex04/build/move_to_goal/build install --record /home/ivan/ros2_ws/task3/ex04/build/move_to_goal/install.log --single-version-externally-managed install_data
